#
# A fatal error has been detected by the Java Runtime Environment:
#
#  EXCEPTION_ACCESS_VIOLATION (0xc0000005) at pc=0x00007ffa26169d3a, pid=37484, tid=25944
#
# JRE version: OpenJDK Runtime Environment (17.0.1+12) (build 17.0.1+12-39)
# Java VM: OpenJDK 64-Bit Server VM (17.0.1+12-39, mixed mode, sharing, tiered, compressed oops, compressed class ptrs, g1 gc, windows-amd64)
# Problematic frame:
# C  [skiko-windows-x64.dll+0x79d3a]
#
# No core dump will be written. Minidumps are not enabled by default on client versions of Windows
#
# If you would like to submit a bug report, please visit:
#   https://bugreport.java.com/bugreport/crash.jsp
# The crash happened outside the Java Virtual Machine in native code.
# See problematic frame for where to report the bug.
#

---------------  S U M M A R Y ------------

Command Line: -javaagent:F:\Program Files (x86)\IntelliJ IDEA 2021.3.1\lib\idea_rt.jar=54815:F:\Program Files (x86)\IntelliJ IDEA 2021.3.1\bin -Dfile.encoding=UTF-8 MainKt

Host: 11th Gen Intel(R) Core(TM) i7-11700F @ 2.50GHz, 16 cores, 15G,  Windows 10 , 64 bit Build 22000 (10.0.22000.434)
Time: Mon Jan 17 11:10:51 2022 Romance Standard Time elapsed time: 0.924129 seconds (0d 0h 0m 0s)

---------------  T H R E A D  ---------------

Current thread (0x000001a1b70ea930):  JavaThread "AWT-EventQueue-0" [_thread_in_native, id=25944, stack(0x0000004d6c900000,0x0000004d6ca00000)]

Stack: [0x0000004d6c900000,0x0000004d6ca00000],  sp=0x0000004d6c9fe810,  free space=1018k
Native frames: (J=compiled Java code, j=interpreted, Vv=VM code, C=native code)
C  [skiko-windows-x64.dll+0x79d3a]

Java frames: (J=compiled Java code, j=interpreted, Vv=VM code)
j  org.jetbrains.skiko.redrawer.Direct3DRedrawer.getBufferIndex(J)I+0
j  org.jetbrains.skiko.context.Direct3DContextHandler.initCanvas()V+257
j  org.jetbrains.skiko.SkiaLayer.prepareDrawContext$skiko()Z+92
j  org.jetbrains.skiko.redrawer.Direct3DRedrawer.draw(Lkotlin/coroutines/Continuation;)Ljava/lang/Object;+4
j  org.jetbrains.skiko.redrawer.Direct3DRedrawer.access$draw(Lorg/jetbrains/skiko/redrawer/Direct3DRedrawer;Lkotlin/coroutines/Continuation;)Ljava/lang/Object;+2
j  org.jetbrains.skiko.redrawer.Direct3DRedrawer$frameDispatcher$1.invokeSuspend(Ljava/lang/Object;)Ljava/lang/Object;+59
j  org.jetbrains.skiko.redrawer.Direct3DRedrawer$frameDispatcher$1.invoke(Lkotlin/coroutines/Continuation;)Ljava/lang/Object;+11
j  org.jetbrains.skiko.redrawer.Direct3DRedrawer$frameDispatcher$1.invoke(Ljava/lang/Object;)Ljava/lang/Object;+5
j  org.jetbrains.skiko.FrameDispatcher$job$1.invokeSuspend(Ljava/lang/Object;)Ljava/lang/Object;+100
j  kotlin.coroutines.jvm.internal.BaseContinuationImpl.resumeWith(Ljava/lang/Object;)V+46
j  kotlinx.coroutines.DispatchedTask.run()V+350
j  java.awt.event.InvocationEvent.dispatch()V+47 java.desktop@17.0.1
j  java.awt.EventQueue.dispatchEventImpl(Ljava/awt/AWTEvent;Ljava/lang/Object;)V+21 java.desktop@17.0.1
j  java.awt.EventQueue$4.run()Ljava/lang/Void;+32 java.desktop@17.0.1
j  java.awt.EventQueue$4.run()Ljava/lang/Object;+1 java.desktop@17.0.1
J 1073 c1 java.security.AccessController.executePrivileged(Ljava/security/PrivilegedAction;Ljava/security/AccessControlContext;Ljava/lang/Class;)Ljava/lang/Object; java.base@17.0.1 (65 bytes) @ 0x000001a19a832f3c [0x000001a19a832de0+0x000000000000015c]
j  java.security.AccessController.doPrivileged(Ljava/security/PrivilegedAction;Ljava/security/AccessControlContext;)Ljava/lang/Object;+13 java.base@17.0.1
j  java.security.ProtectionDomain$JavaSecurityAccessImpl.doIntersectionPrivilege(Ljava/security/PrivilegedAction;Ljava/security/AccessControlContext;Ljava/security/AccessControlContext;)Ljava/lang/Object;+18 java.base@17.0.1
j  java.awt.EventQueue.dispatchEvent(Ljava/awt/AWTEvent;)V+46 java.desktop@17.0.1
j  java.awt.EventDispatchThread.pumpOneEventForFilters(I)V+78 java.desktop@17.0.1
j  java.awt.EventDispatchThread.pumpEventsForFilter(ILjava/awt/Conditional;Ljava/awt/EventFilter;)V+35 java.desktop@17.0.1
j  java.awt.EventDispatchThread.pumpEventsForHierarchy(ILjava/awt/Conditional;Ljava/awt/Component;)V+11 java.desktop@17.0.1
j  java.awt.EventDispatchThread.pumpEvents(ILjava/awt/Conditional;)V+4 java.desktop@17.0.1
j  java.awt.EventDispatchThread.pumpEvents(Ljava/awt/Conditional;)V+3 java.desktop@17.0.1
j  java.awt.EventDispatchThread.run()V+9 java.desktop@17.0.1
v  ~StubRoutines::call_stub

siginfo: EXCEPTION_ACCESS_VIOLATION (0xc0000005), reading address 0x0000000000000000


Register to memory mapping:

RIP=0x00007ffa26169d3a skiko-windows-x64.dll
RAX=0x0 is NULL
RBX=0x000001a1c1025360 points into unknown readable memory: 0x000000000068056e | 6e 05 68 00 00 00 00 00
RCX=0x0 is NULL
RDX=0x0000004d6c9fe900 is pointing into the stack for thread: 0x000001a1b70ea930
RSP=0x0000004d6c9fe810 is pointing into the stack for thread: 0x000001a1b70ea930
RBP=0x0000004d6c9fe8d0 is pointing into the stack for thread: 0x000001a1b70ea930
RSI=0x0000000000000110 is an unknown value
RDI=0x0 is NULL
R8 =0x000001a1c1025360 points into unknown readable memory: 0x000000000068056e | 6e 05 68 00 00 00 00 00
R9 =0x0000000000000004 is an unknown value
R10=0x000001a199f2d5f2 is at code_begin+946 in an Interpreter codelet
method entry point (kind = native)  [0x000001a199f2d240, 0x000001a199f2dbc0]  2432 bytes
R11=0x0000000000000111 is an unknown value
R12=0x0 is NULL
R13={method} {0x000001a1bfb754d8} 'getBufferIndex' '(J)I' in 'org/jetbrains/skiko/redrawer/Direct3DRedrawer'
R14=0x0000004d6c9fe900 is pointing into the stack for thread: 0x000001a1b70ea930
R15=0x000001a1b70ea930 is a thread


Registers:
RAX=0x0000000000000000, RBX=0x000001a1c1025360, RCX=0x0000000000000000, RDX=0x0000004d6c9fe900
RSP=0x0000004d6c9fe810, RBP=0x0000004d6c9fe8d0, RSI=0x0000000000000110, RDI=0x0000000000000000
R8 =0x000001a1c1025360, R9 =0x0000000000000004, R10=0x000001a199f2d5f2, R11=0x0000000000000111
R12=0x0000000000000000, R13=0x000001a1bfb754d0, R14=0x0000004d6c9fe900, R15=0x000001a1b70ea930
RIP=0x00007ffa26169d3a, EFLAGS=0x0000000000010202

Top of Stack: (sp=0x0000004d6c9fe810)
0x0000004d6c9fe810:   0000000000000003 000001a199f2d48e
0x0000004d6c9fe820:   000001a1bfb754d0 000001a1bfb754d0
0x0000004d6c9fe830:   000001a1b70ea930 0000004d6c9fe898
0x0000004d6c9fe840:   0000000000000003 000001a199f2d621
0x0000004d6c9fe850:   000001a1bfb754d0 000001a199f2d352
0x0000004d6c9fe860:   000001a1bfb754d0 0000000000000110
0x0000004d6c9fe870:   000001a1bfb0a358 0000000000000000
0x0000004d6c9fe880:   000001a199f2d2f6 0000004d6c9fe888
0x0000004d6c9fe890:   000001a1bfb754d0 0000004d6c9fe900
0x0000004d6c9fe8a0:   000001a1bfb75cb0 0000000000000000
0x0000004d6c9fe8b0:   00000007118a4a78 000001a1bfb754d0
0x0000004d6c9fe8c0:   0000000000000000 0000004d6c9fe8f0
0x0000004d6c9fe8d0:   0000004d6c9fe960 000001a199f29612
0x0000004d6c9fe8e0:   0000000000000000 000001a199f2af76
0x0000004d6c9fe8f0:   000001a1c1025360 0000000000000000
0x0000004d6c9fe900:   00000007118a4bb8 0000000711894630 

Instructions: (pc=0x00007ffa26169d3a)
0x00007ffa26169c3a:   02 00 00 00 48 8b c1 48 81 fa 00 10 00 00 72 15
0x00007ffa26169c4a:   48 8b 49 f8 48 83 c2 27 48 2b c1 48 83 c0 f8 48
0x00007ffa26169c5a:   83 f8 1f 77 2f e8 6d 46 fa ff 48 8b c3 48 8b 8d
0x00007ffa26169c6a:   a0 00 00 00 48 33 cc e8 f5 84 f9 ff 4c 8d 9c 24
0x00007ffa26169c7a:   b0 01 00 00 49 8b 5b 28 49 8b 73 38 49 8b e3 41
0x00007ffa26169c8a:   5e 5f 5d c3 e8 c4 2a f9 ff cc cc cc cc cc cc cc
0x00007ffa26169c9a:   cc cc cc cc cc cc cc cc cc cc cc cc cc cc cc cc
0x00007ffa26169caa:   cc cc cc cc cc cc cc cc cc cc cc cc cc cc cc cc
0x00007ffa26169cba:   cc cc cc cc cc cc cc cc cc cc cc cc cc cc cc cc
0x00007ffa26169cca:   cc cc cc cc cc cc cc cc cc cc cc cc cc cc cc cc
0x00007ffa26169cda:   cc cc cc cc cc cc cc cc cc cc cc cc cc cc cc cc
0x00007ffa26169cea:   cc cc cc cc cc cc cc cc cc cc cc cc cc cc cc cc
0x00007ffa26169cfa:   cc cc cc cc cc cc cc cc cc cc cc cc cc cc cc cc
0x00007ffa26169d0a:   cc cc cc cc cc cc cc cc cc cc cc cc cc cc cc cc
0x00007ffa26169d1a:   cc cc cc cc cc cc 48 89 5c 24 08 57 48 83 ec 30
0x00007ffa26169d2a:   41 8b 40 78 49 8b d8 49 8b 48 38 49 8b 7c c0 60
0x00007ffa26169d3a:   48 8b 01 ff 90 20 01 00 00 48 8b 4b 58 89 43 78
0x00007ffa26169d4a:   48 8b 01 ff 50 40 48 3b c7 73 27 48 8b 4b 58 48
0x00007ffa26169d5a:   8b d7 4c 8b 43 70 48 8b 01 ff 50 48 85 c0 78 2c
0x00007ffa26169d6a:   48 8b 4b 70 45 33 c0 ba ff ff ff ff ff 15 0c 94
0x00007ffa26169d7a:   e6 00 8b 43 78 48 8d 4f 01 48 89 4c c3 60 8b 43
0x00007ffa26169d8a:   78 48 8b 5c 24 40 48 83 c4 30 5f c3 8b d0 48 8d
0x00007ffa26169d9a:   0d a9 dd b6 00 e8 96 b8 fa ff 41 b8 01 00 00 00
0x00007ffa26169daa:   48 8d 15 c3 dd b6 00 48 8d 4c 24 20 e8 57 3c f9
0x00007ffa26169dba:   ff 48 8d 15 76 c3 da 00 48 8d 4c 24 20 e8 49 e7
0x00007ffa26169dca:   fa ff cc cc cc cc cc cc cc cc cc cc cc cc cc cc
0x00007ffa26169dda:   cc cc cc cc cc cc cc cc cc cc cc cc cc cc cc cc
0x00007ffa26169dea:   cc cc cc cc cc cc cc cc cc cc cc cc cc cc cc cc
0x00007ffa26169dfa:   cc cc cc cc cc cc 40 53 48 83 ec 40 49 c7 40 60
0x00007ffa26169e0a:   10 27 00 00 49 8d 40 58 49 c7 40 68 10 27 00 00
0x00007ffa26169e1a:   4c 8d 0d 5f dd b6 00 49 8b 48 30 49 8b d8 45 33
0x00007ffa26169e2a:   c0 48 89 44 24 20 ba 10 27 00 00 4c 8b 11 41 ff 


Stack slot to memory mapping:
stack at sp + 0 slots: 0x0000000000000003 is an unknown value
stack at sp + 1 slots: 0x000001a199f2d48e is at code_begin+590 in an Interpreter codelet
method entry point (kind = native)  [0x000001a199f2d240, 0x000001a199f2dbc0]  2432 bytes
stack at sp + 2 slots: {method} {0x000001a1bfb754d8} 'getBufferIndex' '(J)I' in 'org/jetbrains/skiko/redrawer/Direct3DRedrawer'
stack at sp + 3 slots: {method} {0x000001a1bfb754d8} 'getBufferIndex' '(J)I' in 'org/jetbrains/skiko/redrawer/Direct3DRedrawer'
stack at sp + 4 slots: 0x000001a1b70ea930 is a thread
stack at sp + 5 slots: 0x0000004d6c9fe898 is pointing into the stack for thread: 0x000001a1b70ea930
stack at sp + 6 slots: 0x0000000000000003 is an unknown value
stack at sp + 7 slots: 0x000001a199f2d621 is at code_begin+993 in an Interpreter codelet
method entry point (kind = native)  [0x000001a199f2d240, 0x000001a199f2dbc0]  2432 bytes


---------------  P R O C E S S  ---------------

Threads class SMR info:
_java_thread_list=0x000001a1b861b6c0, length=23, elements={
0x000001a19272bdc0, 0x000001a1b5dea8a0, 0x000001a1b5deb160, 0x000001a1b5dfe890,
0x000001a1b6800470, 0x000001a1b6801d40, 0x000001a1b6804610, 0x000001a1b68056b0,
0x000001a1b6806da0, 0x000001a1b68076a0, 0x000001a1b692fe80, 0x000001a1b693e570,
0x000001a1b693f550, 0x000001a1b6bfe910, 0x000001a1b6ab8630, 0x000001a1b712dfc0,
0x000001a1b712f070, 0x000001a1b712f9c0, 0x000001a1b70ea930, 0x000001a1b7e46730,
0x000001a1b7e1a3f0, 0x000001a1b7e470d0, 0x000001a1b7e475a0
}

Java Threads: ( => current thread )
  0x000001a19272bdc0 JavaThread "main" [_thread_blocked, id=42348, stack(0x0000004d6af00000,0x0000004d6b000000)]
  0x000001a1b5dea8a0 JavaThread "Reference Handler" daemon [_thread_blocked, id=39512, stack(0x0000004d6b600000,0x0000004d6b700000)]
  0x000001a1b5deb160 JavaThread "Finalizer" daemon [_thread_blocked, id=14412, stack(0x0000004d6b700000,0x0000004d6b800000)]
  0x000001a1b5dfe890 JavaThread "Signal Dispatcher" daemon [_thread_blocked, id=2444, stack(0x0000004d6b800000,0x0000004d6b900000)]
  0x000001a1b6800470 JavaThread "Attach Listener" daemon [_thread_blocked, id=11868, stack(0x0000004d6b900000,0x0000004d6ba00000)]
  0x000001a1b6801d40 JavaThread "Service Thread" daemon [_thread_blocked, id=25528, stack(0x0000004d6ba00000,0x0000004d6bb00000)]
  0x000001a1b6804610 JavaThread "Monitor Deflation Thread" daemon [_thread_blocked, id=28920, stack(0x0000004d6bb00000,0x0000004d6bc00000)]
  0x000001a1b68056b0 JavaThread "C2 CompilerThread0" daemon [_thread_blocked, id=28144, stack(0x0000004d6bc00000,0x0000004d6bd00000)]
  0x000001a1b6806da0 JavaThread "C1 CompilerThread0" daemon [_thread_blocked, id=30724, stack(0x0000004d6bd00000,0x0000004d6be00000)]
  0x000001a1b68076a0 JavaThread "Sweeper thread" daemon [_thread_blocked, id=33496, stack(0x0000004d6be00000,0x0000004d6bf00000)]
  0x000001a1b692fe80 JavaThread "Common-Cleaner" daemon [_thread_blocked, id=41536, stack(0x0000004d6bf00000,0x0000004d6c000000)]
  0x000001a1b693e570 JavaThread "C1 CompilerThread1" daemon [_thread_blocked, id=37216, stack(0x0000004d6c000000,0x0000004d6c100000)]
  0x000001a1b693f550 JavaThread "C1 CompilerThread2" daemon [_thread_blocked, id=11184, stack(0x0000004d6c100000,0x0000004d6c200000)]
  0x000001a1b6bfe910 JavaThread "Monitor Ctrl-Break" daemon [_thread_in_native, id=24832, stack(0x0000004d6c300000,0x0000004d6c400000)]
  0x000001a1b6ab8630 JavaThread "Notification Thread" daemon [_thread_blocked, id=36828, stack(0x0000004d6c400000,0x0000004d6c500000)]
  0x000001a1b712dfc0 JavaThread "Java2D Disposer" daemon [_thread_blocked, id=21920, stack(0x0000004d6c600000,0x0000004d6c700000)]
  0x000001a1b712f070 JavaThread "AWT-Shutdown" [_thread_blocked, id=32416, stack(0x0000004d6c700000,0x0000004d6c800000)]
  0x000001a1b712f9c0 JavaThread "AWT-Windows" daemon [_thread_in_native, id=17028, stack(0x0000004d6c800000,0x0000004d6c900000)]
=>0x000001a1b70ea930 JavaThread "AWT-EventQueue-0" [_thread_in_native, id=25944, stack(0x0000004d6c900000,0x0000004d6ca00000)]
  0x000001a1b7e46730 JavaThread "Cleaner-0" daemon [_thread_blocked, id=16864, stack(0x0000004d6cc00000,0x0000004d6cd00000)]
  0x000001a1b7e1a3f0 JavaThread "C2 CompilerThread1" daemon [_thread_blocked, id=35452, stack(0x0000004d6cd00000,0x0000004d6ce00000)]
  0x000001a1b7e470d0 JavaThread "Thread-0" [_thread_blocked, id=22812, stack(0x0000004d6d300000,0x0000004d6d400000)]
  0x000001a1b7e475a0 JavaThread "Thread-1" [_thread_in_native, id=30548, stack(0x0000004d6d400000,0x0000004d6d500000)]

Other Threads:
  0x000001a1b5de5350 VMThread "VM Thread" [stack: 0x0000004d6b500000,0x0000004d6b600000] [id=11512]
  0x000001a1b6b7bf00 WatcherThread [stack: 0x0000004d6c500000,0x0000004d6c600000] [id=34868]
  0x000001a19277bc50 GCTaskThread "GC Thread#0" [stack: 0x0000004d6b000000,0x0000004d6b100000] [id=35396]
  0x000001a1b7f0d930 GCTaskThread "GC Thread#1" [stack: 0x0000004d6ce00000,0x0000004d6cf00000] [id=19480]
  0x000001a1b7e494c0 GCTaskThread "GC Thread#2" [stack: 0x0000004d6cf00000,0x0000004d6d000000] [id=10716]
  0x000001a1b7e49b80 GCTaskThread "GC Thread#3" [stack: 0x0000004d6d000000,0x0000004d6d100000] [id=24676]
  0x000001a1b7e4a240 GCTaskThread "GC Thread#4" [stack: 0x0000004d6d100000,0x0000004d6d200000] [id=14488]
  0x000001a1b7e514b0 GCTaskThread "GC Thread#5" [stack: 0x0000004d6d200000,0x0000004d6d300000] [id=16916]
  0x000001a19278c720 ConcurrentGCThread "G1 Main Marker" [stack: 0x0000004d6b100000,0x0000004d6b200000] [id=34708]
  0x000001a19278cf40 ConcurrentGCThread "G1 Conc#0" [stack: 0x0000004d6b200000,0x0000004d6b300000] [id=23660]
  0x000001a1927fe9d0 ConcurrentGCThread "G1 Refine#0" [stack: 0x0000004d6b300000,0x0000004d6b400000] [id=40368]
  0x000001a1b5c9c520 ConcurrentGCThread "G1 Service" [stack: 0x0000004d6b400000,0x0000004d6b500000] [id=42736]

Threads with active compile tasks:

VM state: not at safepoint (normal execution)

VM Mutex/Monitor currently owned by a thread: None

Heap address: 0x0000000702800000, size: 4056 MB, Compressed Oops mode: Zero based, Oop shift amount: 3

CDS archive(s) mapped at: [0x0000000800000000-0x0000000800bc0000-0x0000000800bc0000), size 12320768, SharedBaseAddress: 0x0000000800000000, ArchiveRelocationMode: 0.
Compressed class space mapped at: 0x0000000800c00000-0x0000000840c00000, reserved size: 1073741824
Narrow klass base: 0x0000000800000000, Narrow klass shift: 0, Narrow klass range: 0x100000000

GC Precious Log:
 CPUs: 16 total, 16 available
 Memory: 16221M
 Large Page Support: Disabled
 NUMA Support: Disabled
 Compressed Oops: Enabled (Zero based)
 Heap Region Size: 2M
 Heap Min Capacity: 8M
 Heap Initial Capacity: 254M
 Heap Max Capacity: 4056M
 Pre-touch: Disabled
 Parallel Workers: 13
 Concurrent Workers: 3
 Concurrent Refinement Workers: 13
 Periodic GC: Disabled

Heap:
 garbage-first heap   total 260096K, used 25130K [0x0000000702800000, 0x0000000800000000)
  region size 2048K, 14 young (28672K), 2 survivors (4096K)
 Metaspace       used 14849K, committed 15104K, reserved 1064960K
  class space    used 1626K, committed 1728K, reserved 1048576K

Heap Regions: E=young(eden), S=young(survivor), O=old, HS=humongous(starts), HC=humongous(continues), CS=collection set, F=free, OA=open archive, CA=closed archive, TAMS=top-at-mark-start (previous, next)
|   0|0x0000000702800000, 0x0000000702800000, 0x0000000702a00000|  0%| F|  |TAMS 0x0000000702800000, 0x0000000702800000| Untracked 
|   1|0x0000000702a00000, 0x0000000702a00000, 0x0000000702c00000|  0%| F|  |TAMS 0x0000000702a00000, 0x0000000702a00000| Untracked 
|   2|0x0000000702c00000, 0x0000000702c00000, 0x0000000702e00000|  0%| F|  |TAMS 0x0000000702c00000, 0x0000000702c00000| Untracked 
|   3|0x0000000702e00000, 0x0000000702e00000, 0x0000000703000000|  0%| F|  |TAMS 0x0000000702e00000, 0x0000000702e00000| Untracked 
|   4|0x0000000703000000, 0x0000000703000000, 0x0000000703200000|  0%| F|  |TAMS 0x0000000703000000, 0x0000000703000000| Untracked 
|   5|0x0000000703200000, 0x0000000703200000, 0x0000000703400000|  0%| F|  |TAMS 0x0000000703200000, 0x0000000703200000| Untracked 
|   6|0x0000000703400000, 0x0000000703400000, 0x0000000703600000|  0%| F|  |TAMS 0x0000000703400000, 0x0000000703400000| Untracked 
|   7|0x0000000703600000, 0x0000000703600000, 0x0000000703800000|  0%| F|  |TAMS 0x0000000703600000, 0x0000000703600000| Untracked 
|   8|0x0000000703800000, 0x0000000703800000, 0x0000000703a00000|  0%| F|  |TAMS 0x0000000703800000, 0x0000000703800000| Untracked 
|   9|0x0000000703a00000, 0x0000000703a00000, 0x0000000703c00000|  0%| F|  |TAMS 0x0000000703a00000, 0x0000000703a00000| Untracked 
|  10|0x0000000703c00000, 0x0000000703c00000, 0x0000000703e00000|  0%| F|  |TAMS 0x0000000703c00000, 0x0000000703c00000| Untracked 
|  11|0x0000000703e00000, 0x0000000703e00000, 0x0000000704000000|  0%| F|  |TAMS 0x0000000703e00000, 0x0000000703e00000| Untracked 
|  12|0x0000000704000000, 0x0000000704000000, 0x0000000704200000|  0%| F|  |TAMS 0x0000000704000000, 0x0000000704000000| Untracked 
|  13|0x0000000704200000, 0x0000000704200000, 0x0000000704400000|  0%| F|  |TAMS 0x0000000704200000, 0x0000000704200000| Untracked 
|  14|0x0000000704400000, 0x0000000704400000, 0x0000000704600000|  0%| F|  |TAMS 0x0000000704400000, 0x0000000704400000| Untracked 
|  15|0x0000000704600000, 0x0000000704600000, 0x0000000704800000|  0%| F|  |TAMS 0x0000000704600000, 0x0000000704600000| Untracked 
|  16|0x0000000704800000, 0x0000000704800000, 0x0000000704a00000|  0%| F|  |TAMS 0x0000000704800000, 0x0000000704800000| Untracked 
|  17|0x0000000704a00000, 0x0000000704a00000, 0x0000000704c00000|  0%| F|  |TAMS 0x0000000704a00000, 0x0000000704a00000| Untracked 
|  18|0x0000000704c00000, 0x0000000704c00000, 0x0000000704e00000|  0%| F|  |TAMS 0x0000000704c00000, 0x0000000704c00000| Untracked 
|  19|0x0000000704e00000, 0x0000000704e00000, 0x0000000705000000|  0%| F|  |TAMS 0x0000000704e00000, 0x0000000704e00000| Untracked 
|  20|0x0000000705000000, 0x0000000705000000, 0x0000000705200000|  0%| F|  |TAMS 0x0000000705000000, 0x0000000705000000| Untracked 
|  21|0x0000000705200000, 0x0000000705200000, 0x0000000705400000|  0%| F|  |TAMS 0x0000000705200000, 0x0000000705200000| Untracked 
|  22|0x0000000705400000, 0x0000000705400000, 0x0000000705600000|  0%| F|  |TAMS 0x0000000705400000, 0x0000000705400000| Untracked 
|  23|0x0000000705600000, 0x0000000705600000, 0x0000000705800000|  0%| F|  |TAMS 0x0000000705600000, 0x0000000705600000| Untracked 
|  24|0x0000000705800000, 0x0000000705800000, 0x0000000705a00000|  0%| F|  |TAMS 0x0000000705800000, 0x0000000705800000| Untracked 
|  25|0x0000000705a00000, 0x0000000705a00000, 0x0000000705c00000|  0%| F|  |TAMS 0x0000000705a00000, 0x0000000705a00000| Untracked 
|  26|0x0000000705c00000, 0x0000000705c00000, 0x0000000705e00000|  0%| F|  |TAMS 0x0000000705c00000, 0x0000000705c00000| Untracked 
|  27|0x0000000705e00000, 0x0000000705e00000, 0x0000000706000000|  0%| F|  |TAMS 0x0000000705e00000, 0x0000000705e00000| Untracked 
|  28|0x0000000706000000, 0x0000000706000000, 0x0000000706200000|  0%| F|  |TAMS 0x0000000706000000, 0x0000000706000000| Untracked 
|  29|0x0000000706200000, 0x0000000706200000, 0x0000000706400000|  0%| F|  |TAMS 0x0000000706200000, 0x0000000706200000| Untracked 
|  30|0x0000000706400000, 0x0000000706400000, 0x0000000706600000|  0%| F|  |TAMS 0x0000000706400000, 0x0000000706400000| Untracked 
|  31|0x0000000706600000, 0x0000000706600000, 0x0000000706800000|  0%| F|  |TAMS 0x0000000706600000, 0x0000000706600000| Untracked 
|  32|0x0000000706800000, 0x0000000706800000, 0x0000000706a00000|  0%| F|  |TAMS 0x0000000706800000, 0x0000000706800000| Untracked 
|  33|0x0000000706a00000, 0x0000000706a00000, 0x0000000706c00000|  0%| F|  |TAMS 0x0000000706a00000, 0x0000000706a00000| Untracked 
|  34|0x0000000706c00000, 0x0000000706c00000, 0x0000000706e00000|  0%| F|  |TAMS 0x0000000706c00000, 0x0000000706c00000| Untracked 
|  35|0x0000000706e00000, 0x0000000706e00000, 0x0000000707000000|  0%| F|  |TAMS 0x0000000706e00000, 0x0000000706e00000| Untracked 
|  36|0x0000000707000000, 0x0000000707000000, 0x0000000707200000|  0%| F|  |TAMS 0x0000000707000000, 0x0000000707000000| Untracked 
|  37|0x0000000707200000, 0x0000000707200000, 0x0000000707400000|  0%| F|  |TAMS 0x0000000707200000, 0x0000000707200000| Untracked 
|  38|0x0000000707400000, 0x0000000707400000, 0x0000000707600000|  0%| F|  |TAMS 0x0000000707400000, 0x0000000707400000| Untracked 
|  39|0x0000000707600000, 0x0000000707600000, 0x0000000707800000|  0%| F|  |TAMS 0x0000000707600000, 0x0000000707600000| Untracked 
|  40|0x0000000707800000, 0x0000000707800000, 0x0000000707a00000|  0%| F|  |TAMS 0x0000000707800000, 0x0000000707800000| Untracked 
|  41|0x0000000707a00000, 0x0000000707a00000, 0x0000000707c00000|  0%| F|  |TAMS 0x0000000707a00000, 0x0000000707a00000| Untracked 
|  42|0x0000000707c00000, 0x0000000707c00000, 0x0000000707e00000|  0%| F|  |TAMS 0x0000000707c00000, 0x0000000707c00000| Untracked 
|  43|0x0000000707e00000, 0x0000000707e00000, 0x0000000708000000|  0%| F|  |TAMS 0x0000000707e00000, 0x0000000707e00000| Untracked 
|  44|0x0000000708000000, 0x0000000708000000, 0x0000000708200000|  0%| F|  |TAMS 0x0000000708000000, 0x0000000708000000| Untracked 
|  45|0x0000000708200000, 0x0000000708200000, 0x0000000708400000|  0%| F|  |TAMS 0x0000000708200000, 0x0000000708200000| Untracked 
|  46|0x0000000708400000, 0x0000000708400000, 0x0000000708600000|  0%| F|  |TAMS 0x0000000708400000, 0x0000000708400000| Untracked 
|  47|0x0000000708600000, 0x0000000708600000, 0x0000000708800000|  0%| F|  |TAMS 0x0000000708600000, 0x0000000708600000| Untracked 
|  48|0x0000000708800000, 0x0000000708800000, 0x0000000708a00000|  0%| F|  |TAMS 0x0000000708800000, 0x0000000708800000| Untracked 
|  49|0x0000000708a00000, 0x0000000708a00000, 0x0000000708c00000|  0%| F|  |TAMS 0x0000000708a00000, 0x0000000708a00000| Untracked 
|  50|0x0000000708c00000, 0x0000000708c00000, 0x0000000708e00000|  0%| F|  |TAMS 0x0000000708c00000, 0x0000000708c00000| Untracked 
|  51|0x0000000708e00000, 0x0000000708e00000, 0x0000000709000000|  0%| F|  |TAMS 0x0000000708e00000, 0x0000000708e00000| Untracked 
|  52|0x0000000709000000, 0x0000000709000000, 0x0000000709200000|  0%| F|  |TAMS 0x0000000709000000, 0x0000000709000000| Untracked 
|  53|0x0000000709200000, 0x0000000709200000, 0x0000000709400000|  0%| F|  |TAMS 0x0000000709200000, 0x0000000709200000| Untracked 
|  54|0x0000000709400000, 0x0000000709400000, 0x0000000709600000|  0%| F|  |TAMS 0x0000000709400000, 0x0000000709400000| Untracked 
|  55|0x0000000709600000, 0x0000000709600000, 0x0000000709800000|  0%| F|  |TAMS 0x0000000709600000, 0x0000000709600000| Untracked 
|  56|0x0000000709800000, 0x0000000709800000, 0x0000000709a00000|  0%| F|  |TAMS 0x0000000709800000, 0x0000000709800000| Untracked 
|  57|0x0000000709a00000, 0x0000000709a00000, 0x0000000709c00000|  0%| F|  |TAMS 0x0000000709a00000, 0x0000000709a00000| Untracked 
|  58|0x0000000709c00000, 0x0000000709c00000, 0x0000000709e00000|  0%| F|  |TAMS 0x0000000709c00000, 0x0000000709c00000| Untracked 
|  59|0x0000000709e00000, 0x0000000709e00000, 0x000000070a000000|  0%| F|  |TAMS 0x0000000709e00000, 0x0000000709e00000| Untracked 
|  60|0x000000070a000000, 0x000000070a000000, 0x000000070a200000|  0%| F|  |TAMS 0x000000070a000000, 0x000000070a000000| Untracked 
|  61|0x000000070a200000, 0x000000070a200000, 0x000000070a400000|  0%| F|  |TAMS 0x000000070a200000, 0x000000070a200000| Untracked 
|  62|0x000000070a400000, 0x000000070a400000, 0x000000070a600000|  0%| F|  |TAMS 0x000000070a400000, 0x000000070a400000| Untracked 
|  63|0x000000070a600000, 0x000000070a600000, 0x000000070a800000|  0%| F|  |TAMS 0x000000070a600000, 0x000000070a600000| Untracked 
|  64|0x000000070a800000, 0x000000070a800000, 0x000000070aa00000|  0%| F|  |TAMS 0x000000070a800000, 0x000000070a800000| Untracked 
|  65|0x000000070aa00000, 0x000000070aa00000, 0x000000070ac00000|  0%| F|  |TAMS 0x000000070aa00000, 0x000000070aa00000| Untracked 
|  66|0x000000070ac00000, 0x000000070ac00000, 0x000000070ae00000|  0%| F|  |TAMS 0x000000070ac00000, 0x000000070ac00000| Untracked 
|  67|0x000000070ae00000, 0x000000070ae00000, 0x000000070b000000|  0%| F|  |TAMS 0x000000070ae00000, 0x000000070ae00000| Untracked 
|  68|0x000000070b000000, 0x000000070b000000, 0x000000070b200000|  0%| F|  |TAMS 0x000000070b000000, 0x000000070b000000| Untracked 
|  69|0x000000070b200000, 0x000000070b200000, 0x000000070b400000|  0%| F|  |TAMS 0x000000070b200000, 0x000000070b200000| Untracked 
|  70|0x000000070b400000, 0x000000070b400000, 0x000000070b600000|  0%| F|  |TAMS 0x000000070b400000, 0x000000070b400000| Untracked 
|  71|0x000000070b600000, 0x000000070b600000, 0x000000070b800000|  0%| F|  |TAMS 0x000000070b600000, 0x000000070b600000| Untracked 
|  72|0x000000070b800000, 0x000000070b800000, 0x000000070ba00000|  0%| F|  |TAMS 0x000000070b800000, 0x000000070b800000| Untracked 
|  73|0x000000070ba00000, 0x000000070ba00000, 0x000000070bc00000|  0%| F|  |TAMS 0x000000070ba00000, 0x000000070ba00000| Untracked 
|  74|0x000000070bc00000, 0x000000070bc00000, 0x000000070be00000|  0%| F|  |TAMS 0x000000070bc00000, 0x000000070bc00000| Untracked 
|  75|0x000000070be00000, 0x000000070be00000, 0x000000070c000000|  0%| F|  |TAMS 0x000000070be00000, 0x000000070be00000| Untracked 
|  76|0x000000070c000000, 0x000000070c000000, 0x000000070c200000|  0%| F|  |TAMS 0x000000070c000000, 0x000000070c000000| Untracked 
|  77|0x000000070c200000, 0x000000070c200000, 0x000000070c400000|  0%| F|  |TAMS 0x000000070c200000, 0x000000070c200000| Untracked 
|  78|0x000000070c400000, 0x000000070c400000, 0x000000070c600000|  0%| F|  |TAMS 0x000000070c400000, 0x000000070c400000| Untracked 
|  79|0x000000070c600000, 0x000000070c600000, 0x000000070c800000|  0%| F|  |TAMS 0x000000070c600000, 0x000000070c600000| Untracked 
|  80|0x000000070c800000, 0x000000070c800000, 0x000000070ca00000|  0%| F|  |TAMS 0x000000070c800000, 0x000000070c800000| Untracked 
|  81|0x000000070ca00000, 0x000000070ca00000, 0x000000070cc00000|  0%| F|  |TAMS 0x000000070ca00000, 0x000000070ca00000| Untracked 
|  82|0x000000070cc00000, 0x000000070cc00000, 0x000000070ce00000|  0%| F|  |TAMS 0x000000070cc00000, 0x000000070cc00000| Untracked 
|  83|0x000000070ce00000, 0x000000070ce00000, 0x000000070d000000|  0%| F|  |TAMS 0x000000070ce00000, 0x000000070ce00000| Untracked 
|  84|0x000000070d000000, 0x000000070d000000, 0x000000070d200000|  0%| F|  |TAMS 0x000000070d000000, 0x000000070d000000| Untracked 
|  85|0x000000070d200000, 0x000000070d200000, 0x000000070d400000|  0%| F|  |TAMS 0x000000070d200000, 0x000000070d200000| Untracked 
|  86|0x000000070d400000, 0x000000070d400000, 0x000000070d600000|  0%| F|  |TAMS 0x000000070d400000, 0x000000070d400000| Untracked 
|  87|0x000000070d600000, 0x000000070d600000, 0x000000070d800000|  0%| F|  |TAMS 0x000000070d600000, 0x000000070d600000| Untracked 
|  88|0x000000070d800000, 0x000000070d800000, 0x000000070da00000|  0%| F|  |TAMS 0x000000070d800000, 0x000000070d800000| Untracked 
|  89|0x000000070da00000, 0x000000070da00000, 0x000000070dc00000|  0%| F|  |TAMS 0x000000070da00000, 0x000000070da00000| Untracked 
|  90|0x000000070dc00000, 0x000000070dc00000, 0x000000070de00000|  0%| F|  |TAMS 0x000000070dc00000, 0x000000070dc00000| Untracked 
|  91|0x000000070de00000, 0x000000070de00000, 0x000000070e000000|  0%| F|  |TAMS 0x000000070de00000, 0x000000070de00000| Untracked 
|  92|0x000000070e000000, 0x000000070e000000, 0x000000070e200000|  0%| F|  |TAMS 0x000000070e000000, 0x000000070e000000| Untracked 
|  93|0x000000070e200000, 0x000000070e200000, 0x000000070e400000|  0%| F|  |TAMS 0x000000070e200000, 0x000000070e200000| Untracked 
|  94|0x000000070e400000, 0x000000070e400000, 0x000000070e600000|  0%| F|  |TAMS 0x000000070e400000, 0x000000070e400000| Untracked 
|  95|0x000000070e600000, 0x000000070e600000, 0x000000070e800000|  0%| F|  |TAMS 0x000000070e600000, 0x000000070e600000| Untracked 
|  96|0x000000070e800000, 0x000000070e800000, 0x000000070ea00000|  0%| F|  |TAMS 0x000000070e800000, 0x000000070e800000| Untracked 
|  97|0x000000070ea00000, 0x000000070ea00000, 0x000000070ec00000|  0%| F|  |TAMS 0x000000070ea00000, 0x000000070ea00000| Untracked 
|  98|0x000000070ec00000, 0x000000070ec00000, 0x000000070ee00000|  0%| F|  |TAMS 0x000000070ec00000, 0x000000070ec00000| Untracked 
|  99|0x000000070ee00000, 0x000000070ee00000, 0x000000070f000000|  0%| F|  |TAMS 0x000000070ee00000, 0x000000070ee00000| Untracked 
| 100|0x000000070f000000, 0x000000070f000000, 0x000000070f200000|  0%| F|  |TAMS 0x000000070f000000, 0x000000070f000000| Untracked 
| 101|0x000000070f200000, 0x000000070f200000, 0x000000070f400000|  0%| F|  |TAMS 0x000000070f200000, 0x000000070f200000| Untracked 
| 102|0x000000070f400000, 0x000000070f400000, 0x000000070f600000|  0%| F|  |TAMS 0x000000070f400000, 0x000000070f400000| Untracked 
| 103|0x000000070f600000, 0x000000070f600000, 0x000000070f800000|  0%| F|  |TAMS 0x000000070f600000, 0x000000070f600000| Untracked 
| 104|0x000000070f800000, 0x000000070f800000, 0x000000070fa00000|  0%| F|  |TAMS 0x000000070f800000, 0x000000070f800000| Untracked 
| 105|0x000000070fa00000, 0x000000070fa00000, 0x000000070fc00000|  0%| F|  |TAMS 0x000000070fa00000, 0x000000070fa00000| Untracked 
| 106|0x000000070fc00000, 0x000000070fc00000, 0x000000070fe00000|  0%| F|  |TAMS 0x000000070fc00000, 0x000000070fc00000| Untracked 
| 107|0x000000070fe00000, 0x000000070fe00000, 0x0000000710000000|  0%| F|  |TAMS 0x000000070fe00000, 0x000000070fe00000| Untracked 
| 108|0x0000000710000000, 0x0000000710000000, 0x0000000710200000|  0%| F|  |TAMS 0x0000000710000000, 0x0000000710000000| Untracked 
| 109|0x0000000710200000, 0x0000000710200000, 0x0000000710400000|  0%| F|  |TAMS 0x0000000710200000, 0x0000000710200000| Untracked 
| 110|0x0000000710400000, 0x0000000710400000, 0x0000000710600000|  0%| F|  |TAMS 0x0000000710400000, 0x0000000710400000| Untracked 
| 111|0x0000000710600000, 0x0000000710600000, 0x0000000710800000|  0%| F|  |TAMS 0x0000000710600000, 0x0000000710600000| Untracked 
| 112|0x0000000710800000, 0x0000000710800000, 0x0000000710a00000|  0%| F|  |TAMS 0x0000000710800000, 0x0000000710800000| Untracked 
| 113|0x0000000710a00000, 0x0000000710a97a40, 0x0000000710c00000| 29%| E|  |TAMS 0x0000000710a00000, 0x0000000710a00000| Complete 
| 114|0x0000000710c00000, 0x0000000710c8aa80, 0x0000000710e00000| 27%| S|CS|TAMS 0x0000000710c00000, 0x0000000710c00000| Complete 
| 115|0x0000000710e00000, 0x0000000711000000, 0x0000000711000000|100%| S|CS|TAMS 0x0000000710e00000, 0x0000000710e00000| Complete 
| 116|0x0000000711000000, 0x0000000711200000, 0x0000000711200000|100%| E|CS|TAMS 0x0000000711000000, 0x0000000711000000| Complete 
| 117|0x0000000711200000, 0x0000000711400000, 0x0000000711400000|100%| E|CS|TAMS 0x0000000711200000, 0x0000000711200000| Complete 
| 118|0x0000000711400000, 0x0000000711600000, 0x0000000711600000|100%| E|CS|TAMS 0x0000000711400000, 0x0000000711400000| Complete 
| 119|0x0000000711600000, 0x0000000711800000, 0x0000000711800000|100%| E|CS|TAMS 0x0000000711600000, 0x0000000711600000| Complete 
| 120|0x0000000711800000, 0x0000000711a00000, 0x0000000711a00000|100%| E|CS|TAMS 0x0000000711800000, 0x0000000711800000| Complete 
| 121|0x0000000711a00000, 0x0000000711c00000, 0x0000000711c00000|100%| E|CS|TAMS 0x0000000711a00000, 0x0000000711a00000| Complete 
| 122|0x0000000711c00000, 0x0000000711e00000, 0x0000000711e00000|100%| E|CS|TAMS 0x0000000711c00000, 0x0000000711c00000| Complete 
| 123|0x0000000711e00000, 0x0000000712000000, 0x0000000712000000|100%| E|CS|TAMS 0x0000000711e00000, 0x0000000711e00000| Complete 
| 124|0x0000000712000000, 0x0000000712200000, 0x0000000712200000|100%| E|CS|TAMS 0x0000000712000000, 0x0000000712000000| Complete 
| 125|0x0000000712200000, 0x0000000712400000, 0x0000000712400000|100%| E|CS|TAMS 0x0000000712200000, 0x0000000712200000| Complete 
| 126|0x0000000712400000, 0x0000000712600000, 0x0000000712600000|100%| E|CS|TAMS 0x0000000712400000, 0x0000000712400000| Complete 

Card table byte_map: [0x000001a1a9f90000,0x000001a1aa780000] _byte_map_base: 0x000001a1a677c000

Marking Bits (Prev, Next): (CMBitMap*) 0x000001a19277c070, (CMBitMap*) 0x000001a19277c0b0
 Prev Bits: [0x000001a1aaf70000, 0x000001a1aeed0000)
 Next Bits: [0x000001a1aeed0000, 0x000001a1b2e30000)

Polling page: 0x000001a1906b0000

Metaspace:

Usage:
  Non-class:     12.91 MB used.
      Class:      1.59 MB used.
       Both:     14.50 MB used.

Virtual space:
  Non-class space:       16.00 MB reserved,      13.06 MB ( 82%) committed,  2 nodes.
      Class space:        1.00 GB reserved,       1.69 MB ( <1%) committed,  1 nodes.
             Both:        1.02 GB reserved,      14.75 MB (  1%) committed. 

Chunk freelists:
   Non-Class:  2.86 MB
       Class:  2.36 MB
        Both:  5.22 MB

MaxMetaspaceSize: unlimited
CompressedClassSpaceSize: 1.00 GB
Initial GC threshold: 21.00 MB
Current GC threshold: 21.00 MB
CDS: on
MetaspaceReclaimPolicy: balanced
 - commit_granule_bytes: 65536.
 - commit_granule_words: 8192.
 - virtual_space_node_default_size: 1048576.
 - enlarge_chunks_in_place: 1.
 - new_chunks_are_fully_committed: 0.
 - uncommit_free_chunks: 1.
 - use_allocation_guard: 0.
 - handle_deallocations: 1.


Internal statistics:

num_allocs_failed_limit: 0.
num_arena_births: 118.
num_arena_deaths: 0.
num_vsnodes_births: 3.
num_vsnodes_deaths: 0.
num_space_committed: 236.
num_space_uncommitted: 0.
num_chunks_returned_to_freelist: 0.
num_chunks_taken_from_freelist: 412.
num_chunk_merges: 0.
num_chunk_splits: 326.
num_chunks_enlarged: 280.
num_purges: 0.
num_inconsistent_stats: 0.

CodeHeap 'non-profiled nmethods': size=119168Kb used=525Kb max_used=525Kb free=118642Kb
 bounds [0x000001a1a1ac0000, 0x000001a1a1d30000, 0x000001a1a8f20000]
CodeHeap 'profiled nmethods': size=119104Kb used=2022Kb max_used=2022Kb free=117081Kb
 bounds [0x000001a19a670000, 0x000001a19a8e0000, 0x000001a1a1ac0000]
CodeHeap 'non-nmethods': size=7488Kb used=2582Kb max_used=2604Kb free=4905Kb
 bounds [0x000001a199f20000, 0x000001a19a1c0000, 0x000001a19a670000]
 total_blobs=1998 nmethods=1179 adapters=730
 compilation: enabled
              stopped_count=0, restarted_count=0
 full_count=0

Compilation events (20 events):
Event: 0.810 Thread 0x000001a1b693f550 nmethod 1172 0x000001a19a862110 code [0x000001a19a8622a0, 0x000001a19a862398]
Event: 0.810 Thread 0x000001a1b6806da0 nmethod 1173 0x000001a19a862410 code [0x000001a19a8625a0, 0x000001a19a862758]
Event: 0.810 Thread 0x000001a1b7e1a3f0 nmethod 1171 0x000001a1a1b41310 code [0x000001a1a1b414a0, 0x000001a1a1b41648]
Event: 0.810 Thread 0x000001a1b6806da0 1174       3       java.nio.ByteBuffer::arrayOffset (35 bytes)
Event: 0.811 Thread 0x000001a1b6806da0 nmethod 1174 0x000001a19a862810 code [0x000001a19a8629e0, 0x000001a19a862cb8]
Event: 0.811 Thread 0x000001a1b693e570 1175       3       java.nio.CharBuffer::arrayOffset (35 bytes)
Event: 0.811 Thread 0x000001a1b6806da0 1176       3       java.lang.String::valueOf (15 bytes)
Event: 0.811 Thread 0x000001a1b693e570 nmethod 1175 0x000001a19a862e10 code [0x000001a19a862fe0, 0x000001a19a8632b8]
Event: 0.811 Thread 0x000001a1b693e570 1177       3       java.io.BufferedWriter::ensureOpen (18 bytes)
Event: 0.811 Thread 0x000001a1b6806da0 nmethod 1176 0x000001a19a863410 code [0x000001a19a8635c0, 0x000001a19a8637c8]
Event: 0.811 Thread 0x000001a1b693e570 nmethod 1177 0x000001a19a863890 code [0x000001a19a863a40, 0x000001a19a863c48]
Event: 0.811 Thread 0x000001a1b6806da0 1178       3       sun.nio.cs.UTF_8$Encoder::encodeArrayLoop (489 bytes)
Event: 0.811 Thread 0x000001a1b693e570 1179       3       java.nio.charset.CoderResult::isUnderflow (13 bytes)
Event: 0.811 Thread 0x000001a1b693f550 1180       3       java.nio.CharBuffer::position (8 bytes)
Event: 0.811 Thread 0x000001a1b693e570 nmethod 1179 0x000001a19a863d10 code [0x000001a19a863ea0, 0x000001a19a864018]
Event: 0.811 Thread 0x000001a1b693f550 nmethod 1180 0x000001a19a864090 code [0x000001a19a864220, 0x000001a19a864368]
Event: 0.812 Thread 0x000001a1b6806da0 nmethod 1178 0x000001a19a864410 code [0x000001a19a864a00, 0x000001a19a867f48]
Event: 0.813 Thread 0x000001a1b68056b0 nmethod 1156 0x000001a1a1b41810 code [0x000001a1a1b41a00, 0x000001a1a1b42ed8]
Event: 0.816 Thread 0x000001a1b6806da0 1181       3       kotlin.jvm.internal.Intrinsics::checkNotNull (8 bytes)
Event: 0.816 Thread 0x000001a1b6806da0 nmethod 1181 0x000001a19a869090 code [0x000001a19a869280, 0x000001a19a869748]

GC Heap History (2 events):
Event: 0.495 GC heap before
{Heap before GC invocations=0 (full 0):
 garbage-first heap   total 260096K, used 20480K [0x0000000702800000, 0x0000000800000000)
  region size 2048K, 11 young (22528K), 0 survivors (0K)
 Metaspace       used 7040K, committed 7232K, reserved 1056768K
  class space    used 596K, committed 704K, reserved 1048576K
}
Event: 0.497 GC heap after
{Heap after GC invocations=1 (full 0):
 garbage-first heap   total 260096K, used 2602K [0x0000000702800000, 0x0000000800000000)
  region size 2048K, 2 young (4096K), 2 survivors (4096K)
 Metaspace       used 7040K, committed 7232K, reserved 1056768K
  class space    used 596K, committed 704K, reserved 1048576K
}

Deoptimization events (20 events):
Event: 0.795 Thread 0x000001a1b7e475a0 Uncommon trap: trap_request=0xffffffc6 fr.pc=0x000001a1a1b19f08 relative=0x00000000000005a8
Event: 0.795 Thread 0x000001a1b7e475a0 Uncommon trap: reason=bimorphic_or_optimized_type_check action=maybe_recompile pc=0x000001a1a1b19f08 method=java.util.concurrent.ConcurrentHashMap.get(Ljava/lang/Object;)Ljava/lang/Object; @ 149 c2
Event: 0.795 Thread 0x000001a1b7e475a0 DEOPT PACKING pc=0x000001a1a1b19f08 sp=0x0000004d6d4fea90
Event: 0.795 Thread 0x000001a1b7e475a0 DEOPT UNPACKING pc=0x000001a199f75c23 sp=0x0000004d6d4fea30 mode 2
Event: 0.795 Thread 0x000001a1b7e475a0 Uncommon trap: trap_request=0xffffffde fr.pc=0x000001a1a1b34c60 relative=0x0000000000000f40
Event: 0.795 Thread 0x000001a1b7e475a0 Uncommon trap: reason=class_check action=maybe_recompile pc=0x000001a1a1b34c60 method=java.util.concurrent.ConcurrentHashMap.putVal(Ljava/lang/Object;Ljava/lang/Object;Z)Ljava/lang/Object; @ 242 c2
Event: 0.795 Thread 0x000001a1b7e475a0 DEOPT PACKING pc=0x000001a1a1b34c60 sp=0x0000004d6d4fe9d0
Event: 0.795 Thread 0x000001a1b7e475a0 DEOPT UNPACKING pc=0x000001a199f75c23 sp=0x0000004d6d4fe960 mode 2
Event: 0.795 Thread 0x000001a1b7e475a0 Uncommon trap: trap_request=0xffffffc6 fr.pc=0x000001a1a1b19f08 relative=0x00000000000005a8
Event: 0.795 Thread 0x000001a1b7e475a0 Uncommon trap: reason=bimorphic_or_optimized_type_check action=maybe_recompile pc=0x000001a1a1b19f08 method=java.util.concurrent.ConcurrentHashMap.get(Ljava/lang/Object;)Ljava/lang/Object; @ 149 c2
Event: 0.795 Thread 0x000001a1b7e475a0 DEOPT PACKING pc=0x000001a1a1b19f08 sp=0x0000004d6d4fea90
Event: 0.795 Thread 0x000001a1b7e475a0 DEOPT UNPACKING pc=0x000001a199f75c23 sp=0x0000004d6d4fea30 mode 2
Event: 0.795 Thread 0x000001a1b7e475a0 Uncommon trap: trap_request=0xffffffc6 fr.pc=0x000001a1a1b19f08 relative=0x00000000000005a8
Event: 0.795 Thread 0x000001a1b7e475a0 Uncommon trap: reason=bimorphic_or_optimized_type_check action=maybe_recompile pc=0x000001a1a1b19f08 method=java.util.concurrent.ConcurrentHashMap.get(Ljava/lang/Object;)Ljava/lang/Object; @ 149 c2
Event: 0.795 Thread 0x000001a1b7e475a0 DEOPT PACKING pc=0x000001a1a1b19f08 sp=0x0000004d6d4fea90
Event: 0.795 Thread 0x000001a1b7e475a0 DEOPT UNPACKING pc=0x000001a199f75c23 sp=0x0000004d6d4fea30 mode 2
Event: 0.800 Thread 0x000001a1b7e475a0 Uncommon trap: trap_request=0xffffff45 fr.pc=0x000001a1a1b40984 relative=0x0000000000000264
Event: 0.800 Thread 0x000001a1b7e475a0 Uncommon trap: reason=unstable_if action=reinterpret pc=0x000001a1a1b40984 method=java.util.concurrent.ConcurrentHashMap.get(Ljava/lang/Object;)Ljava/lang/Object; @ 76 c2
Event: 0.800 Thread 0x000001a1b7e475a0 DEOPT PACKING pc=0x000001a1a1b40984 sp=0x0000004d6d4fdde0
Event: 0.800 Thread 0x000001a1b7e475a0 DEOPT UNPACKING pc=0x000001a199f75c23 sp=0x0000004d6d4fdd58 mode 2

Classes unloaded (0 events):
No events

Classes redefined (0 events):
No events

Internal exceptions (17 events):
Event: 0.079 Thread 0x000001a1b6bfe910 Exception <a 'java/lang/NoSuchMethodError'{0x00000007123c8c20}: 'java.lang.Object java.lang.invoke.DirectMethodHandle$Holder.invokeStaticInit(java.lang.Object)'> (0x00000007123c8c20) 
thrown [t:\workspace\open\src\hotspot\share\interpreter\linkResolver.cpp, line 766]
Event: 0.084 Thread 0x000001a1b6bfe910 Exception <a 'java/lang/NoSuchMethodError'{0x00000007123d69f0}: 'void java.lang.invoke.DirectMethodHandle$Holder.invokeStatic(java.lang.Object, java.lang.Object)'> (0x00000007123d69f0) 
thrown [t:\workspace\open\src\hotspot\share\interpreter\linkResolver.cpp, line 766]
Event: 0.139 Thread 0x000001a19272bdc0 Exception <a 'java/lang/ClassNotFoundException'{0x0000000711c2b0c0}: sun/awt/resources/spi/awtProvider> (0x0000000711c2b0c0) 
thrown [t:\workspace\open\src\hotspot\share\classfile\systemDictionary.cpp, line 256]
Event: 0.154 Thread 0x000001a19272bdc0 Exception <a 'java/io/FileNotFoundException'{0x0000000711c80f10}> (0x0000000711c80f10) 
thrown [t:\workspace\open\src\hotspot\share\prims\jni.cpp, line 516]
Event: 0.157 Thread 0x000001a19272bdc0 Exception <a 'java/io/FileNotFoundException'{0x0000000711cade38}> (0x0000000711cade38) 
thrown [t:\workspace\open\src\hotspot\share\prims\jni.cpp, line 516]
Event: 0.557 Thread 0x000001a1b712f9c0 Exception <a 'java/lang/NoSuchMethodError'{0x0000000712138a98}: 'void java.lang.invoke.DirectMethodHandle$Holder.invokeVirtual(java.lang.Object, java.lang.Object)'> (0x0000000712138a98) 
thrown [t:\workspace\open\src\hotspot\share\interpreter\linkResolver.cpp, line 766]
Event: 0.567 Thread 0x000001a1b70ea930 Exception <a 'java/lang/NoSuchMethodError'{0x00000007120e8908}: 'void java.lang.invoke.DirectMethodHandle$Holder.invokeStaticInit(java.lang.Object)'> (0x00000007120e8908) 
thrown [t:\workspace\open\src\hotspot\share\interpreter\linkResolver.cpp, line 766]
Event: 0.604 Thread 0x000001a1b70ea930 Exception <a 'java/lang/NoSuchMethodError'{0x0000000711f28f58}: 'java.lang.Object java.lang.invoke.DirectMethodHandle$Holder.newInvokeSpecial(java.lang.Object, int, java.lang.Object)'> (0x0000000711f28f58) 
thrown [t:\workspace\open\src\hotspot\share\interpreter\linkResolver.cpp, line 766]
Event: 0.633 Thread 0x000001a1b70ea930 Exception <a 'java/lang/NoSuchMethodError'{0x0000000711fe6278}: 'void java.lang.invoke.DirectMethodHandle$Holder.invokeSpecial(java.lang.Object, java.lang.Object, java.lang.Object)'> (0x0000000711fe6278) 
thrown [t:\workspace\open\src\hotspot\share\interpreter\linkResolver.cpp, line 766]
Event: 0.637 Thread 0x000001a1b70ea930 Exception <a 'java/lang/NoSuchMethodError'{0x0000000711c11010}: 'java.lang.Object java.lang.invoke.DirectMethodHandle$Holder.newInvokeSpecial(java.lang.Object, java.lang.Object, java.lang.Object, java.lang.Object, java.lang.Object)'> (0x0000000711c11010) 
thrown [t:\workspace\open\src\hotspot\share\interpreter\linkResolver.cpp, line 766]
Event: 0.638 Thread 0x000001a1b70ea930 Exception <a 'java/lang/NoSuchMethodError'{0x0000000711c1cb88}: 'java.lang.Object java.lang.invoke.DirectMethodHandle$Holder.invokeStatic(java.lang.Object, int, java.lang.Object, java.lang.Object, java.lang.Object, java.lang.Object)'> (0x0000000711c1cb88) 
thrown [t:\workspace\open\src\hotspot\share\interpreter\linkResolver.cpp, line 766]
Event: 0.640 Thread 0x000001a1b70ea930 Exception <a 'java/lang/NoSuchMethodError'{0x0000000711c423e8}: 'java.lang.Object java.lang.invoke.DirectMethodHandle$Holder.invokeStatic(java.lang.Object, int, java.lang.Object)'> (0x0000000711c423e8) 
thrown [t:\workspace\open\src\hotspot\share\interpreter\linkResolver.cpp, line 766]
Event: 0.653 Thread 0x000001a1b70ea930 Exception <a 'java/lang/ClassNotFoundException'{0x0000000711d5acc0}: com/sun/swing/internal/plaf/metal/resources/spi/metalProvider> (0x0000000711d5acc0) 
thrown [t:\workspace\open\src\hotspot\share\classfile\systemDictionary.cpp, line 256]
Event: 0.654 Thread 0x000001a1b70ea930 Exception <a 'java/lang/ClassNotFoundException'{0x0000000711d5ece0}: com/sun/swing/internal/plaf/basic/resources/spi/basicProvider> (0x0000000711d5ece0) 
thrown [t:\workspace\open\src\hotspot\share\classfile\systemDictionary.cpp, line 256]
Event: 0.656 Thread 0x000001a1b70ea930 Implicit null exception at 0x000001a1a1b2368e to 0x000001a1a1b23a74
Event: 0.664 Thread 0x000001a1b70ea930 Exception <a 'java/lang/NoSuchMethodError'{0x0000000711a5ebd8}: 'void java.lang.invoke.DirectMethodHandle$Holder.invokeStatic(java.lang.Object, java.lang.Object, java.lang.Object)'> (0x0000000711a5ebd8) 
thrown [t:\workspace\open\src\hotspot\share\interpreter\linkResolver.cpp, line 766]
Event: 0.804 Thread 0x000001a1b70ea930 Exception <a 'java/lang/NullPointerException'{0x000000071128ccd8}> (0x000000071128ccd8) 
thrown [t:\workspace\open\src\hotspot\share\interpreter\linkResolver.cpp, line 1440]

VM Operations (18 events):
Event: 0.042 Executing VM operation: HandshakeAllThreads
Event: 0.042 Executing VM operation: HandshakeAllThreads done
Event: 0.077 Executing VM operation: HandshakeAllThreads
Event: 0.078 Executing VM operation: HandshakeAllThreads done
Event: 0.440 Executing VM operation: HandshakeAllThreads
Event: 0.440 Executing VM operation: HandshakeAllThreads done
Event: 0.452 Executing VM operation: HandshakeAllThreads
Event: 0.452 Executing VM operation: HandshakeAllThreads done
Event: 0.453 Executing VM operation: HandshakeAllThreads
Event: 0.453 Executing VM operation: HandshakeAllThreads done
Event: 0.495 Executing VM operation: G1CollectForAllocation
Event: 0.497 Executing VM operation: G1CollectForAllocation done
Event: 0.560 Executing VM operation: HandshakeAllThreads
Event: 0.560 Executing VM operation: HandshakeAllThreads done
Event: 0.577 Executing VM operation: HandshakeAllThreads
Event: 0.577 Executing VM operation: HandshakeAllThreads done
Event: 0.602 Executing VM operation: HandshakeAllThreads
Event: 0.602 Executing VM operation: HandshakeAllThreads done

Events (20 events):
Event: 0.798 loading class java/lang/reflect/ProxyGenerator
Event: 0.799 loading class java/lang/reflect/ProxyGenerator done
Event: 0.799 loading class java/lang/reflect/ProxyGenerator$ProxyMethod
Event: 0.799 loading class java/lang/reflect/ProxyGenerator$ProxyMethod done
Event: 0.799 loading class java/lang/reflect/ProxyGenerator$PrimitiveTypeInfo
Event: 0.799 loading class java/lang/reflect/ProxyGenerator$PrimitiveTypeInfo done
Event: 0.800 loading class jdk/internal/org/objectweb/asm/Edge
Event: 0.800 loading class jdk/internal/org/objectweb/asm/Edge done
Event: 0.800 loading class java/lang/reflect/Proxy$ProxyBuilder$1
Event: 0.800 loading class java/lang/reflect/Proxy$ProxyBuilder$1 done
Event: 0.802 loading class java/util/LinkedList$ListItr
Event: 0.802 loading class java/util/LinkedList$ListItr done
Event: 0.809 loading class java/lang/Throwable$WrappedPrintStream
Event: 0.809 loading class java/lang/Throwable$PrintStreamOrWriter
Event: 0.809 loading class java/lang/Throwable$PrintStreamOrWriter done
Event: 0.810 loading class java/lang/Throwable$WrappedPrintStream done
Event: 0.810 loading class java/lang/StackTraceElement$HashedModules
Event: 0.810 loading class java/lang/StackTraceElement$HashedModules done
Event: 0.811 loading class javax/swing/RepaintManager$2$1
Event: 0.811 loading class javax/swing/RepaintManager$2$1 done


Dynamic libraries:
0x00007ff737c30000 - 0x00007ff737c3e000 	C:\Users\simon_k33m7ql\.jdks\openjdk-17.0.1\bin\java.exe
0x00007ffacf300000 - 0x00007ffacf507000 	C:\WINDOWS\SYSTEM32\ntdll.dll
0x00007ffacdd60000 - 0x00007ffacde1d000 	C:\WINDOWS\System32\KERNEL32.DLL
0x00007ffacce20000 - 0x00007ffacd194000 	C:\WINDOWS\System32\KERNELBASE.dll
0x00007ffacc890000 - 0x00007ffacc9a1000 	C:\WINDOWS\System32\ucrtbase.dll
0x00007ffab6e10000 - 0x00007ffab6e28000 	C:\Users\simon_k33m7ql\.jdks\openjdk-17.0.1\bin\jli.dll
0x00007ffab2cc0000 - 0x00007ffab2cda000 	C:\Users\simon_k33m7ql\.jdks\openjdk-17.0.1\bin\VCRUNTIME140.dll
0x00007ffacd420000 - 0x00007ffacd5cc000 	C:\WINDOWS\System32\USER32.dll
0x00007ffabb170000 - 0x00007ffabb415000 	C:\WINDOWS\WinSxS\amd64_microsoft.windows.common-controls_6595b64144ccf1df_6.0.22000.120_none_9d947278b86cc467\COMCTL32.dll
0x00007ffaccb90000 - 0x00007ffaccbb6000 	C:\WINDOWS\System32\win32u.dll
0x00007fface210000 - 0x00007fface239000 	C:\WINDOWS\System32\GDI32.dll
0x00007ffacd2c0000 - 0x00007ffacd363000 	C:\WINDOWS\System32\msvcrt.dll
0x00007ffacc9b0000 - 0x00007ffaccac2000 	C:\WINDOWS\System32\gdi32full.dll
0x00007ffacc7f0000 - 0x00007ffacc88d000 	C:\WINDOWS\System32\msvcp_win.dll
0x00007ffacd5d0000 - 0x00007ffacd601000 	C:\WINDOWS\System32\IMM32.DLL
0x00007ffac97c0000 - 0x00007ffac97cc000 	C:\Users\simon_k33m7ql\.jdks\openjdk-17.0.1\bin\vcruntime140_1.dll
0x00007ffa9f510000 - 0x00007ffa9f59d000 	C:\Users\simon_k33m7ql\.jdks\openjdk-17.0.1\bin\msvcp140.dll
0x00007ffa2d440000 - 0x00007ffa2dffe000 	C:\Users\simon_k33m7ql\.jdks\openjdk-17.0.1\bin\server\jvm.dll
0x00007ffacdc90000 - 0x00007ffacdd3e000 	C:\WINDOWS\System32\ADVAPI32.dll
0x00007ffacd380000 - 0x00007ffacd41e000 	C:\WINDOWS\System32\sechost.dll
0x00007ffacd610000 - 0x00007ffacd730000 	C:\WINDOWS\System32\RPCRT4.dll
0x00007fface450000 - 0x00007fface458000 	C:\WINDOWS\System32\PSAPI.DLL
0x00007ffac6370000 - 0x00007ffac63a3000 	C:\WINDOWS\SYSTEM32\WINMM.dll
0x00007ffaadf70000 - 0x00007ffaadf79000 	C:\WINDOWS\SYSTEM32\WSOCK32.dll
0x00007ffac5030000 - 0x00007ffac503a000 	C:\WINDOWS\SYSTEM32\VERSION.dll
0x00007fface3e0000 - 0x00007fface44f000 	C:\WINDOWS\System32\WS2_32.dll
0x00007ffacb9a0000 - 0x00007ffacb9b8000 	C:\WINDOWS\SYSTEM32\kernel.appcore.dll
0x00007ffac12a0000 - 0x00007ffac12aa000 	C:\Users\simon_k33m7ql\.jdks\openjdk-17.0.1\bin\jimage.dll
0x00007ffaca250000 - 0x00007ffaca471000 	C:\WINDOWS\SYSTEM32\DBGHELP.DLL
0x00007ffaaccb0000 - 0x00007ffaacce1000 	C:\WINDOWS\SYSTEM32\dbgcore.DLL
0x00007ffaccda0000 - 0x00007ffacce1f000 	C:\WINDOWS\System32\bcryptPrimitives.dll
0x00007ffabc4f0000 - 0x00007ffabc4fe000 	C:\Users\simon_k33m7ql\.jdks\openjdk-17.0.1\bin\instrument.dll
0x00007ffaae750000 - 0x00007ffaae775000 	C:\Users\simon_k33m7ql\.jdks\openjdk-17.0.1\bin\java.dll
0x00007ffa44110000 - 0x00007ffa441e6000 	C:\Users\simon_k33m7ql\.jdks\openjdk-17.0.1\bin\svml.dll
0x00007fface480000 - 0x00007ffacec2e000 	C:\WINDOWS\System32\SHELL32.dll
0x00007ffaca930000 - 0x00007ffacb197000 	C:\WINDOWS\SYSTEM32\windows.storage.dll
0x00007ffacec30000 - 0x00007ffacefa8000 	C:\WINDOWS\System32\combase.dll
0x00007ffaca7c0000 - 0x00007ffaca926000 	C:\WINDOWS\SYSTEM32\wintypes.dll
0x00007ffacf1d0000 - 0x00007ffacf2ba000 	C:\WINDOWS\System32\SHCORE.dll
0x00007fface1b0000 - 0x00007fface20d000 	C:\WINDOWS\System32\shlwapi.dll
0x00007ffacc720000 - 0x00007ffacc741000 	C:\WINDOWS\SYSTEM32\profapi.dll
0x00007ffaa5950000 - 0x00007ffaa5968000 	C:\Users\simon_k33m7ql\.jdks\openjdk-17.0.1\bin\zip.dll
0x00007ffaa5ec0000 - 0x00007ffaa5ed9000 	C:\Users\simon_k33m7ql\.jdks\openjdk-17.0.1\bin\net.dll
0x00007ffac5cc0000 - 0x00007ffac5dcc000 	C:\WINDOWS\SYSTEM32\WINHTTP.dll
0x00007ffacbdc0000 - 0x00007ffacbe27000 	C:\WINDOWS\system32\mswsock.dll
0x00007ffaa5ea0000 - 0x00007ffaa5eb5000 	C:\Users\simon_k33m7ql\.jdks\openjdk-17.0.1\bin\nio.dll
0x00007ffaa5240000 - 0x00007ffaa525a000 	F:\Program Files (x86)\IntelliJ IDEA 2021.3.1\bin\breakgen64.dll
0x00007ffab8240000 - 0x00007ffab83ce000 	C:\Users\simon_k33m7ql\.jdks\openjdk-17.0.1\bin\awt.dll
0x00007ffacf060000 - 0x00007ffacf136000 	C:\WINDOWS\System32\OLEAUT32.dll
0x00007ffac9890000 - 0x00007ffac9921000 	C:\WINDOWS\SYSTEM32\apphelp.dll
0x00007ffac9a00000 - 0x00007ffac9aac000 	C:\WINDOWS\system32\uxtheme.dll
0x00007ffacd1a0000 - 0x00007ffacd2be000 	C:\WINDOWS\System32\MSCTF.dll
0x00007fface240000 - 0x00007fface3da000 	C:\WINDOWS\System32\ole32.dll
0x00007ffac9de0000 - 0x00007ffac9e0f000 	C:\WINDOWS\system32\DWMAPI.DLL
0x00007ffa4ffc0000 - 0x00007ffa500c1000 	C:\WINDOWS\system32\opengl32.dll
0x00007ffaa51e0000 - 0x00007ffaa520d000 	C:\WINDOWS\SYSTEM32\GLU32.dll
0x00007ffac9b40000 - 0x00007ffac9b78000 	C:\WINDOWS\SYSTEM32\dxcore.dll
0x00007ffac10f0000 - 0x00007ffac1296000 	C:\WINDOWS\system32\d3d9.dll
0x00007ffac1690000 - 0x00007ffac1796000 	C:\WINDOWS\System32\DriverStore\FileRepository\nv_dispi.inf_amd64_5292bbfbf575e2d2\nvldumdx.dll
0x00007ffacc0e0000 - 0x00007ffacc0f2000 	C:\WINDOWS\SYSTEM32\msasn1.dll
0x00007ffac4ff0000 - 0x00007ffac5021000 	C:\WINDOWS\SYSTEM32\cryptnet.dll
0x00007ffaccbc0000 - 0x00007ffaccd22000 	C:\WINDOWS\System32\CRYPT32.dll
0x00007ffac2580000 - 0x00007ffac26c9000 	C:\WINDOWS\SYSTEM32\drvstore.dll
0x00007ffacc4c0000 - 0x00007ffacc4ec000 	C:\WINDOWS\SYSTEM32\devobj.dll
0x00007ffacc4f0000 - 0x00007ffacc53c000 	C:\WINDOWS\SYSTEM32\cfgmgr32.dll
0x00007ffacc040000 - 0x00007ffacc07d000 	C:\WINDOWS\SYSTEM32\wldp.dll
0x00007ffacbfb0000 - 0x00007ffacbfbc000 	C:\WINDOWS\SYSTEM32\cryptbase.dll
0x00007ffaccd30000 - 0x00007ffaccd96000 	C:\WINDOWS\System32\WINTRUST.DLL
0x00007fface460000 - 0x00007fface47f000 	C:\WINDOWS\System32\imagehlp.dll
0x00007ffacc090000 - 0x00007ffacc0a8000 	C:\WINDOWS\SYSTEM32\CRYPTSP.dll
0x00007ffacb900000 - 0x00007ffacb935000 	C:\WINDOWS\system32\rsaenh.dll
0x00007ffacc1d0000 - 0x00007ffacc1f7000 	C:\WINDOWS\SYSTEM32\bcrypt.dll
0x00007ffa2e000000 - 0x00007ffa2f794000 	C:\WINDOWS\System32\DriverStore\FileRepository\nv_dispi.inf_amd64_5292bbfbf575e2d2\nvd3dumx.dll
0x00007ffac5e90000 - 0x00007ffac5ed4000 	C:\WINDOWS\SYSTEM32\directxdatabasehelper.dll
0x00007ffac9ca0000 - 0x00007ffac9cd4000 	C:\WINDOWS\SYSTEM32\ntmarta.dll
0x00007ffa747c0000 - 0x00007ffa74a85000 	C:\WINDOWS\system32\nvspcap64.dll
0x00007ffacbe30000 - 0x00007ffacbe54000 	C:\WINDOWS\SYSTEM32\gpapi.dll
0x00007ffa260f0000 - 0x00007ffa26fee000 	C:\Users\simon_k33m7ql\.skiko\80fc6444015995e586d4d2f41cb25284608cc484748d064cc0259bc4ea610782\skiko-windows-x64.dll
0x00007ffab8030000 - 0x00007ffab80b9000 	C:\Users\simon_k33m7ql\.jdks\openjdk-17.0.1\bin\freetype.dll
0x00007ffaa5a10000 - 0x00007ffaa5ab8000 	C:\Users\simon_k33m7ql\.jdks\openjdk-17.0.1\bin\fontmanager.dll
0x00007ffac15d0000 - 0x00007ffac1689000 	C:\WINDOWS\SYSTEM32\mscms.dll
0x00007ffaaa770000 - 0x00007ffaaa7b4000 	C:\WINDOWS\SYSTEM32\icm32.dll
0x00007ffabd040000 - 0x00007ffabd047000 	C:\Users\simon_k33m7ql\.jdks\openjdk-17.0.1\bin\jawt.dll
0x00007ffaa4e10000 - 0x00007ffaa506f000 	C:\WINDOWS\SYSTEM32\dwrite.dll
0x00007ffac9b80000 - 0x00007ffac9c73000 	C:\WINDOWS\SYSTEM32\Dxgi.dll
0x00007ffab8210000 - 0x00007ffab8232000 	C:\WINDOWS\SYSTEM32\D3D12.dll
0x00007ffa2cb30000 - 0x00007ffa2cd34000 	C:\WINDOWS\SYSTEM32\D3D12Core.dll
0x00007ffa8a0c0000 - 0x00007ffa8c9e9000 	C:\WINDOWS\System32\DriverStore\FileRepository\nv_dispi.inf_amd64_5292bbfbf575e2d2\nvwgf2umx.dll
0x00007ffab8000000 - 0x00007ffab802d000 	C:\WINDOWS\SYSTEM32\D3DSCache.dll
0x00007ffacbe60000 - 0x00007ffacbe89000 	C:\WINDOWS\SYSTEM32\USERENV.dll
0x00007ffac2a80000 - 0x00007ffac2ce6000 	C:\WINDOWS\SYSTEM32\twinapi.appcore.dll

dbghelp: loaded successfully - version: 4.0.5 - missing functions: none
symbol engine: initialized successfully - sym options: 0x614 - pdb path: .;C:\Users\simon_k33m7ql\.jdks\openjdk-17.0.1\bin;C:\WINDOWS\SYSTEM32;C:\WINDOWS\WinSxS\amd64_microsoft.windows.common-controls_6595b64144ccf1df_6.0.22000.120_none_9d947278b86cc467;C:\Users\simon_k33m7ql\.jdks\openjdk-17.0.1\bin\server;F:\Program Files (x86)\IntelliJ IDEA 2021.3.1\bin;C:\WINDOWS\System32\DriverStore\FileRepository\nv_dispi.inf_amd64_5292bbfbf575e2d2;C:\Users\simon_k33m7ql\.skiko\80fc6444015995e586d4d2f41cb25284608cc484748d064cc0259bc4ea610782

VM Arguments:
jvm_args: -javaagent:F:\Program Files (x86)\IntelliJ IDEA 2021.3.1\lib\idea_rt.jar=54815:F:\Program Files (x86)\IntelliJ IDEA 2021.3.1\bin -Dfile.encoding=UTF-8 
java_command: MainKt
java_class_path (initial): C:\Users\simon_k33m7ql\Desktop\DTU\5. Semester\AI\Auctionator_Client\build\classes\java\main;C:\Users\simon_k33m7ql\Desktop\DTU\5. Semester\AI\Auctionator_Client\build\classes\kotlin\main;C:\Users\simon_k33m7ql\Desktop\DTU\5. Semester\AI\Auctionator_Client\build\resources\main;C:\Users\simon_k33m7ql\.gradle\caches\modules-2\files-2.1\org.jetbrains.kotlin\kotlin-stdlib-jdk8\1.5.21\6b3de2a43405a65502728047db37a98a0c7e72f0\kotlin-stdlib-jdk8-1.5.21.jar;C:\Users\simon_k33m7ql\.gradle\caches\modules-2\files-2.1\com.google.code.gson\gson\2.8.9\8a432c1d6825781e21a02db2e2c33c5fde2833b9\gson-2.8.9.jar;C:\Users\simon_k33m7ql\.gradle\caches\modules-2\files-2.1\org.kodein.di\kodein-di-jvm\7.6.0\1ad23f3416476f6a771accd6475596835163c074\kodein-di-jvm-7.6.0.jar;C:\Users\simon_k33m7ql\.gradle\caches\modules-2\files-2.1\org.jetbrains.kotlin\kotlin-stdlib-jdk7\1.5.21\f059658740a4b3a3461aba9681457615332bae1c\kotlin-stdlib-jdk7-1.5.21.jar;C:\Users\simon_k33m7ql\.gradle\caches\modules-2\files-2.1\org.jetbrains.kotlin\kotlin-stdlib\1.5.21\2f537cad7e9eeb9da73738c8812e1e4cf9b62e4e\kotlin-stdlib-1.5.21.jar;C:\Users\simon_k33m7ql\.gradle\caches\modules-2\files-2.1\org.jetbrains.kotlin\kotlin-stdlib-common\1.5.21\cc8bf3586fd2ebcf234058b9440bb406e62dfacb\kotlin-stdlib-common-1.5.21.jar;C:\Users\simon_k33m7ql\.gradle\caches\modules-2\files-2.1\org.jetbrains.compose.desktop\desktop-jvm\1.0.0-alpha3\7d2ec16f4e057de47d41ffc5c8416f9f85aeab3e\desktop-jvm-1.0.0-alpha3.jar;C:\Users\simon_k33m7ql\.gradle\caches\modules-2\files-2.1\org.jetbrains\annotations\13.0\919f0dfe192fb4e063e7dacadee7f8bb9a2672a9\annotations-13.0.jar;C:\Users\simon_k33m7ql\.gradle\caches\modules-2\files-2.1\org.kodein.type\kodein-type-jvm\1.7.1\ac8f53223790a68b54f8eca4ac8cdbe98f24b35a\kodein-type-jvm-1.7.1.jar;C:\Users\simon_k33m7ql\.gradle\caches\modules-2\files-2.1\org.jetbrains.compose.material\material-desktop\1.0.0-alpha3\60d4a46d2ee31e82ab61342887203b23aee0ba83\material-desktop-1.0.0-alpha3.jar;C
Launcher Type: SUN_STANDARD

[Global flags]
     intx CICompilerCount                          = 12                                        {product} {ergonomic}
     uint ConcGCThreads                            = 3                                         {product} {ergonomic}
     uint G1ConcRefinementThreads                  = 13                                        {product} {ergonomic}
   size_t G1HeapRegionSize                         = 2097152                                   {product} {ergonomic}
    uintx GCDrainStackTargetSize                   = 64                                        {product} {ergonomic}
   size_t InitialHeapSize                          = 266338304                                 {product} {ergonomic}
   size_t MarkStackSize                            = 4194304                                   {product} {ergonomic}
   size_t MaxHeapSize                              = 4253024256                                {product} {ergonomic}
   size_t MaxNewSize                               = 2550136832                                {product} {ergonomic}
   size_t MinHeapDeltaBytes                        = 2097152                                   {product} {ergonomic}
   size_t MinHeapSize                              = 8388608                                   {product} {ergonomic}
    uintx NonNMethodCodeHeapSize                   = 7602480                                {pd product} {ergonomic}
    uintx NonProfiledCodeHeapSize                  = 122027880                              {pd product} {ergonomic}
    uintx ProfiledCodeHeapSize                     = 122027880                              {pd product} {ergonomic}
    uintx ReservedCodeCacheSize                    = 251658240                              {pd product} {ergonomic}
     bool SegmentedCodeCache                       = true                                      {product} {ergonomic}
   size_t SoftMaxHeapSize                          = 4253024256                             {manageable} {ergonomic}
     bool UseCompressedClassPointers               = true                           {product lp64_product} {ergonomic}
     bool UseCompressedOops                        = true                           {product lp64_product} {ergonomic}
     bool UseG1GC                                  = true                                      {product} {ergonomic}
     bool UseLargePagesIndividualAllocation        = false                                  {pd product} {ergonomic}

Logging:
Log output configuration:
 #0: stdout all=warning uptime,level,tags
 #1: stderr all=off uptime,level,tags

Environment Variables:
PATH=C:\Program Files (x86)\Razer\ChromaBroadcast\bin;C:\Program Files\Razer\ChromaBroadcast\bin;C:\Program Files\Common Files\Oracle\Java\javapath;C:\Program Files (x86)\Common Files\Oracle\Java\javapath;C:\Python39\Scripts\;C:\Python39\;C:\Windows\system32;C:\Windows;C:\Windows\System32\Wbem;C:\Windows\System32\WindowsPowerShell\v1.0\;C:\Windows\System32\OpenSSH\;C:\Program Files\nodejs\;C:\ProgramData\chocolatey\bin;C:\Program Files\Microsoft VS Code\bin;C:\Program Files\dotnet\;C:\Program Files\Microsoft SQL Server\130\Tools\Binn\;C:\Program Files\Microsoft SQL Server\Client SDK\ODBC\170\Tools\Binn\;C:\Program Files (x86)\NVIDIA Corporation\PhysX\Common;C:\Program Files\NVIDIA Corporation\NVIDIA NvDLISR;C:\WINDOWS\system32;C:\WINDOWS;C:\WINDOWS\System32\Wbem;C:\WINDOWS\System32\WindowsPowerShell\v1.0\;C:\WINDOWS\System32\OpenSSH\;C:\Program Files\Git\cmd;C:\WINDOWS\system32\config\systemprofile\AppData\Local\Microsoft\WindowsApps;C:\Users\simon_k33m7ql\AppData\Local\Microsoft\WindowsApps;C:\Users\simon_k33m7ql\AppData\Local\gitkraken\bin;F:\Program Files (x86)\IntelliJ IDEA 2021.3.1\bin;
USERNAME=simon_k33m7ql
OS=Windows_NT
PROCESSOR_IDENTIFIER=Intel64 Family 6 Model 167 Stepping 1, GenuineIntel



---------------  S Y S T E M  ---------------

OS:
 Windows 10 , 64 bit Build 22000 (10.0.22000.434)
OS uptime: 3 days 1:17 hours
Hyper-V role detected

CPU: total 16 (initial active 16) (8 cores per cpu, 2 threads per core) family 6 model 167 stepping 1 microcode 0x40, cx8, cmov, fxsr, ht, mmx, 3dnowpref, sse, sse2, sse3, ssse3, sse4.1, sse4.2, popcnt, lzcnt, tsc, tscinvbit, avx, avx2, aes, erms, clmul, bmi1, bmi2, adx, avx512f, avx512dq, avx512cd, avx512bw, avx512vl, sha, fma, vzeroupper, avx512_vpopcntdq, avx512_vpclmulqdq, avx512_vaes, avx512_vnni, clflush, clflushopt, avx512_vbmi2, avx512_vbmi, hv

Memory: 4k page, system-wide physical 16221M (4417M free)
TotalPageFile size 35677M (AvailPageFile size 15402M)
current process WorkingSet (physical memory assigned to process): 157M, peak: 157M
current process commit charge ("private bytes"): 460M, peak: 460M

vm_info: OpenJDK 64-Bit Server VM (17.0.1+12-39) for windows-amd64 JRE (17.0.1+12-39), built on Sep 27 2021 18:39:29 by "mach5one" with MS VC++ 16.8 (VS2019)

END.
