#
# A fatal error has been detected by the Java Runtime Environment:
#
#  EXCEPTION_ACCESS_VIOLATION (0xc0000005) at pc=0x00007ffa26169d3a, pid=16784, tid=9484
#
# JRE version: OpenJDK Runtime Environment (17.0.1+12) (build 17.0.1+12-39)
# Java VM: OpenJDK 64-Bit Server VM (17.0.1+12-39, mixed mode, sharing, tiered, compressed oops, compressed class ptrs, g1 gc, windows-amd64)
# Problematic frame:
# C  [skiko-windows-x64.dll+0x79d3a]
#
# No core dump will be written. Minidumps are not enabled by default on client versions of Windows
#
# If you would like to submit a bug report, please visit:
#   https://bugreport.java.com/bugreport/crash.jsp
# The crash happened outside the Java Virtual Machine in native code.
# See problematic frame for where to report the bug.
#

---------------  S U M M A R Y ------------

Command Line: -agentlib:jdwp=transport=dt_socket,address=127.0.0.1:54906,suspend=y,server=n -javaagent:C:/Users/simon_k33m7ql/.gradle/caches/modules-2/files-2.1/org.jetbrains.kotlinx/kotlinx-coroutines-core-jvm/1.5.0/d8cebccdcddd029022aa8646a5a953ff88b13ac8/kotlinx-coroutines-core-jvm-1.5.0.jar -javaagent:C:\Users\simon_k33m7ql\AppData\Local\JetBrains\IntelliJIdea2021.3\captureAgent\debugger-agent.jar -Dfile.encoding=UTF-8 MainKt

Host: 11th Gen Intel(R) Core(TM) i7-11700F @ 2.50GHz, 16 cores, 15G,  Windows 10 , 64 bit Build 22000 (10.0.22000.434)
Time: Mon Jan 17 11:12:53 2022 Romance Standard Time elapsed time: 1.100935 seconds (0d 0h 0m 1s)

---------------  T H R E A D  ---------------

Current thread (0x0000023298640d60):  JavaThread "AWT-EventQueue-0" [_thread_in_native, id=9484, stack(0x000000660b400000,0x000000660b500000)]

Stack: [0x000000660b400000,0x000000660b500000],  sp=0x000000660b4fe840,  free space=1018k
Native frames: (J=compiled Java code, j=interpreted, Vv=VM code, C=native code)
C  [skiko-windows-x64.dll+0x79d3a]

Java frames: (J=compiled Java code, j=interpreted, Vv=VM code)
j  org.jetbrains.skiko.redrawer.Direct3DRedrawer.getBufferIndex(J)I+0
j  org.jetbrains.skiko.context.Direct3DContextHandler.initCanvas()V+257
j  org.jetbrains.skiko.SkiaLayer.prepareDrawContext$skiko()Z+92
j  org.jetbrains.skiko.redrawer.Direct3DRedrawer.draw(Lkotlin/coroutines/Continuation;)Ljava/lang/Object;+4
j  org.jetbrains.skiko.redrawer.Direct3DRedrawer.access$draw(Lorg/jetbrains/skiko/redrawer/Direct3DRedrawer;Lkotlin/coroutines/Continuation;)Ljava/lang/Object;+2
j  org.jetbrains.skiko.redrawer.Direct3DRedrawer$frameDispatcher$1.invokeSuspend(Ljava/lang/Object;)Ljava/lang/Object;+59
j  org.jetbrains.skiko.redrawer.Direct3DRedrawer$frameDispatcher$1.invoke(Lkotlin/coroutines/Continuation;)Ljava/lang/Object;+11
j  org.jetbrains.skiko.redrawer.Direct3DRedrawer$frameDispatcher$1.invoke(Ljava/lang/Object;)Ljava/lang/Object;+5
j  org.jetbrains.skiko.FrameDispatcher$job$1.invokeSuspend(Ljava/lang/Object;)Ljava/lang/Object;+100
j  kotlin.coroutines.jvm.internal.BaseContinuationImpl.resumeWith(Ljava/lang/Object;)V+46
j  kotlinx.coroutines.DispatchedTask.run()V+350
j  java.awt.event.InvocationEvent.dispatch$$$capture()V+47 java.desktop@17.0.1
j  java.awt.event.InvocationEvent.dispatch()V+5 java.desktop@17.0.1
j  java.awt.EventQueue.dispatchEventImpl(Ljava/awt/AWTEvent;Ljava/lang/Object;)V+21 java.desktop@17.0.1
j  java.awt.EventQueue$4.run()Ljava/lang/Void;+32 java.desktop@17.0.1
j  java.awt.EventQueue$4.run()Ljava/lang/Object;+1 java.desktop@17.0.1
J 1237 c1 java.security.AccessController.executePrivileged(Ljava/security/PrivilegedAction;Ljava/security/AccessControlContext;Ljava/lang/Class;)Ljava/lang/Object; java.base@17.0.1 (65 bytes) @ 0x000002328098534c [0x00000232809851e0+0x000000000000016c]
j  java.security.AccessController.doPrivileged(Ljava/security/PrivilegedAction;Ljava/security/AccessControlContext;)Ljava/lang/Object;+13 java.base@17.0.1
j  java.security.ProtectionDomain$JavaSecurityAccessImpl.doIntersectionPrivilege(Ljava/security/PrivilegedAction;Ljava/security/AccessControlContext;Ljava/security/AccessControlContext;)Ljava/lang/Object;+18 java.base@17.0.1
j  java.awt.EventQueue.dispatchEvent(Ljava/awt/AWTEvent;)V+46 java.desktop@17.0.1
j  java.awt.EventDispatchThread.pumpOneEventForFilters(I)V+78 java.desktop@17.0.1
j  java.awt.EventDispatchThread.pumpEventsForFilter(ILjava/awt/Conditional;Ljava/awt/EventFilter;)V+35 java.desktop@17.0.1
j  java.awt.EventDispatchThread.pumpEventsForHierarchy(ILjava/awt/Conditional;Ljava/awt/Component;)V+11 java.desktop@17.0.1
j  java.awt.EventDispatchThread.pumpEvents(ILjava/awt/Conditional;)V+4 java.desktop@17.0.1
j  java.awt.EventDispatchThread.pumpEvents(Ljava/awt/Conditional;)V+3 java.desktop@17.0.1
j  java.awt.EventDispatchThread.run()V+9 java.desktop@17.0.1
v  ~StubRoutines::call_stub

siginfo: EXCEPTION_ACCESS_VIOLATION (0xc0000005), reading address 0x0000000000000000


Register to memory mapping:

RIP=0x00007ffa26169d3a skiko-windows-x64.dll
RAX=0x0 is NULL
RBX=0x00000232a26e0090 points into unknown readable memory: 0x00000000037b09f6 | f6 09 7b 03 00 00 00 00
RCX=0x0 is NULL
RDX=0x000000660b4fe930 is pointing into the stack for thread: 0x0000023298640d60
RSP=0x000000660b4fe840 is pointing into the stack for thread: 0x0000023298640d60
RBP=0x000000660b4fe900 is pointing into the stack for thread: 0x0000023298640d60
RSI=0x00000232a0e7abe0 is pointing into metadata
RDI=0x0 is NULL
R8 =0x00000232a26e0090 points into unknown readable memory: 0x00000000037b09f6 | f6 09 7b 03 00 00 00 00
R9 =0x0000000000000004 is an unknown value
R10=0x0000023280011337 is at code_begin+1911 in an Interpreter codelet
method entry point (kind = native)  [0x0000023280010bc0, 0x0000023280011ce0]  4384 bytes
R11=0x0000000000000111 is an unknown value
R12=0x0 is NULL
R13={method} {0x00000232a0acab70} 'getBufferIndex' '(J)I' in 'org/jetbrains/skiko/redrawer/Direct3DRedrawer'
R14=0x000000660b4fe930 is pointing into the stack for thread: 0x0000023298640d60
R15=0x0000023298640d60 is a thread


Registers:
RAX=0x0000000000000000, RBX=0x00000232a26e0090, RCX=0x0000000000000000, RDX=0x000000660b4fe930
RSP=0x000000660b4fe840, RBP=0x000000660b4fe900, RSI=0x00000232a0e7abe0, RDI=0x0000000000000000
R8 =0x00000232a26e0090, R9 =0x0000000000000004, R10=0x0000023280011337, R11=0x0000000000000111
R12=0x0000000000000000, R13=0x00000232a0acab68, R14=0x000000660b4fe930, R15=0x0000023298640d60
RIP=0x00007ffa26169d3a, EFLAGS=0x0000000000010202

Top of Stack: (sp=0x000000660b4fe840)
0x000000660b4fe840:   0000000000000110 0000023280011049
0x000000660b4fe850:   00000232a0acab68 00000232a0acab68
0x000000660b4fe860:   0000023298640d60 000000070fe90270
0x000000660b4fe870:   0000000000000110 0000023280011366
0x000000660b4fe880:   00000232a0acab68 0000023280010cd2
0x000000660b4fe890:   00000232a0acab68 00000232a0e7abe0
0x000000660b4fe8a0:   00000232a0a5c8d0 0000000000000000
0x000000660b4fe8b0:   0000023280010c76 000000660b4fe8b8
0x000000660b4fe8c0:   00000232a0acab68 000000660b4fe930
0x000000660b4fe8d0:   00000232a0acb3c0 0000000000000000
0x000000660b4fe8e0:   000000070fe07498 00000232a0acab68
0x000000660b4fe8f0:   0000000000000000 000000660b4fe920
0x000000660b4fe900:   000000660b4fe990 000002328000a322
0x000000660b4fe910:   0000000000000000 000002328000d4f6
0x000000660b4fe920:   00000232a26e0090 0000000000000000
0x000000660b4fe930:   000000070fe90270 000000070fe93950 

Instructions: (pc=0x00007ffa26169d3a)
0x00007ffa26169c3a:   02 00 00 00 48 8b c1 48 81 fa 00 10 00 00 72 15
0x00007ffa26169c4a:   48 8b 49 f8 48 83 c2 27 48 2b c1 48 83 c0 f8 48
0x00007ffa26169c5a:   83 f8 1f 77 2f e8 6d 46 fa ff 48 8b c3 48 8b 8d
0x00007ffa26169c6a:   a0 00 00 00 48 33 cc e8 f5 84 f9 ff 4c 8d 9c 24
0x00007ffa26169c7a:   b0 01 00 00 49 8b 5b 28 49 8b 73 38 49 8b e3 41
0x00007ffa26169c8a:   5e 5f 5d c3 e8 c4 2a f9 ff cc cc cc cc cc cc cc
0x00007ffa26169c9a:   cc cc cc cc cc cc cc cc cc cc cc cc cc cc cc cc
0x00007ffa26169caa:   cc cc cc cc cc cc cc cc cc cc cc cc cc cc cc cc
0x00007ffa26169cba:   cc cc cc cc cc cc cc cc cc cc cc cc cc cc cc cc
0x00007ffa26169cca:   cc cc cc cc cc cc cc cc cc cc cc cc cc cc cc cc
0x00007ffa26169cda:   cc cc cc cc cc cc cc cc cc cc cc cc cc cc cc cc
0x00007ffa26169cea:   cc cc cc cc cc cc cc cc cc cc cc cc cc cc cc cc
0x00007ffa26169cfa:   cc cc cc cc cc cc cc cc cc cc cc cc cc cc cc cc
0x00007ffa26169d0a:   cc cc cc cc cc cc cc cc cc cc cc cc cc cc cc cc
0x00007ffa26169d1a:   cc cc cc cc cc cc 48 89 5c 24 08 57 48 83 ec 30
0x00007ffa26169d2a:   41 8b 40 78 49 8b d8 49 8b 48 38 49 8b 7c c0 60
0x00007ffa26169d3a:   48 8b 01 ff 90 20 01 00 00 48 8b 4b 58 89 43 78
0x00007ffa26169d4a:   48 8b 01 ff 50 40 48 3b c7 73 27 48 8b 4b 58 48
0x00007ffa26169d5a:   8b d7 4c 8b 43 70 48 8b 01 ff 50 48 85 c0 78 2c
0x00007ffa26169d6a:   48 8b 4b 70 45 33 c0 ba ff ff ff ff ff 15 0c 94
0x00007ffa26169d7a:   e6 00 8b 43 78 48 8d 4f 01 48 89 4c c3 60 8b 43
0x00007ffa26169d8a:   78 48 8b 5c 24 40 48 83 c4 30 5f c3 8b d0 48 8d
0x00007ffa26169d9a:   0d a9 dd b6 00 e8 96 b8 fa ff 41 b8 01 00 00 00
0x00007ffa26169daa:   48 8d 15 c3 dd b6 00 48 8d 4c 24 20 e8 57 3c f9
0x00007ffa26169dba:   ff 48 8d 15 76 c3 da 00 48 8d 4c 24 20 e8 49 e7
0x00007ffa26169dca:   fa ff cc cc cc cc cc cc cc cc cc cc cc cc cc cc
0x00007ffa26169dda:   cc cc cc cc cc cc cc cc cc cc cc cc cc cc cc cc
0x00007ffa26169dea:   cc cc cc cc cc cc cc cc cc cc cc cc cc cc cc cc
0x00007ffa26169dfa:   cc cc cc cc cc cc 40 53 48 83 ec 40 49 c7 40 60
0x00007ffa26169e0a:   10 27 00 00 49 8d 40 58 49 c7 40 68 10 27 00 00
0x00007ffa26169e1a:   4c 8d 0d 5f dd b6 00 49 8b 48 30 49 8b d8 45 33
0x00007ffa26169e2a:   c0 48 89 44 24 20 ba 10 27 00 00 4c 8b 11 41 ff 


Stack slot to memory mapping:
stack at sp + 0 slots: 0x0000000000000110 is an unknown value
stack at sp + 1 slots: 0x0000023280011049 is at code_begin+1161 in an Interpreter codelet
method entry point (kind = native)  [0x0000023280010bc0, 0x0000023280011ce0]  4384 bytes
stack at sp + 2 slots: {method} {0x00000232a0acab70} 'getBufferIndex' '(J)I' in 'org/jetbrains/skiko/redrawer/Direct3DRedrawer'
stack at sp + 3 slots: {method} {0x00000232a0acab70} 'getBufferIndex' '(J)I' in 'org/jetbrains/skiko/redrawer/Direct3DRedrawer'
stack at sp + 4 slots: 0x0000023298640d60 is a thread
stack at sp + 5 slots: 0x000000070fe90270 is an oop: org.jetbrains.skiko.redrawer.Direct3DRedrawer 
{0x000000070fe90270} - klass: 'org/jetbrains/skiko/redrawer/Direct3DRedrawer'
 - ---- fields (total size 4 words):
 - private 'isDisposed' 'Z' @12  false
 - private final 'layer' 'Lorg/jetbrains/skiko/SkiaLayer;' @16  a 'androidx/compose/ui/awt/ComposeLayer$Wrapped'{0x000000070fe179f0} (e1fc2f3e)
 - private final 'properties' 'Lorg/jetbrains/skiko/SkiaLayerProperties;' @20  a 'org/jetbrains/skiko/SkiaLayerProperties'{0x000000070fe90290} (e1fd2052)
 - private 'disposeLock' 'Ljava/lang/Object;' @24  a 'java/lang/Object'{0x000000070fe902a0} (e1fd2054)
 - private final 'frameDispatcher' 'Lorg/jetbrains/skiko/FrameDispatcher;' @28  a 'org/jetbrains/skiko/FrameDispatcher'{0x000000070fe90228} (e1fd2045)
stack at sp + 6 slots: 0x0000000000000110 is an unknown value
stack at sp + 7 slots: 0x0000023280011366 is at code_begin+1958 in an Interpreter codelet
method entry point (kind = native)  [0x0000023280010bc0, 0x0000023280011ce0]  4384 bytes


---------------  P R O C E S S  ---------------

Threads class SMR info:
_java_thread_list=0x00000232a2c6b040, length=27, elements={
0x00000232f38fcb80, 0x000002329708fbd0, 0x0000023297090580, 0x00000232970a15e0,
0x00000232970a1f90, 0x00000232970a2940, 0x00000232970a6f20, 0x00000232970a7cb0,
0x0000023297c08140, 0x0000023297c28b40, 0x00000232970be730, 0x0000023297074ca0,
0x0000023297d34180, 0x0000023297d5c6f0, 0x0000023297dfdf80, 0x0000023297e17530,
0x0000023297e17a20, 0x00000232981287f0, 0x00000232980ba520, 0x000002329859f370,
0x0000023298636d00, 0x00000232986377c0, 0x0000023298640d60, 0x0000023298672c40,
0x00000232996213c0, 0x0000023298673110, 0x00000232986735e0
}

Java Threads: ( => current thread )
  0x00000232f38fcb80 JavaThread "main" [_thread_blocked, id=16864, stack(0x0000006609600000,0x0000006609700000)]
  0x000002329708fbd0 JavaThread "Reference Handler" daemon [_thread_blocked, id=18016, stack(0x0000006609d00000,0x0000006609e00000)]
  0x0000023297090580 JavaThread "Finalizer" daemon [_thread_blocked, id=42900, stack(0x0000006609e00000,0x0000006609f00000)]
  0x00000232970a15e0 JavaThread "Signal Dispatcher" daemon [_thread_blocked, id=24832, stack(0x0000006609f00000,0x000000660a000000)]
  0x00000232970a1f90 JavaThread "Attach Listener" daemon [_thread_blocked, id=32536, stack(0x000000660a000000,0x000000660a100000)]
  0x00000232970a2940 JavaThread "Service Thread" daemon [_thread_blocked, id=42748, stack(0x000000660a100000,0x000000660a200000)]
  0x00000232970a6f20 JavaThread "Monitor Deflation Thread" daemon [_thread_blocked, id=35976, stack(0x000000660a200000,0x000000660a300000)]
  0x00000232970a7cb0 JavaThread "C2 CompilerThread0" daemon [_thread_blocked, id=3900, stack(0x000000660a300000,0x000000660a400000)]
  0x0000023297c08140 JavaThread "C1 CompilerThread0" daemon [_thread_blocked, id=20628, stack(0x000000660a400000,0x000000660a500000)]
  0x0000023297c28b40 JavaThread "Sweeper thread" daemon [_thread_blocked, id=12748, stack(0x000000660a500000,0x000000660a600000)]
  0x00000232970be730 JavaThread "Common-Cleaner" daemon [_thread_blocked, id=7172, stack(0x000000660a600000,0x000000660a700000)]
  0x0000023297074ca0 JavaThread "C1 CompilerThread1" daemon [_thread_blocked, id=36188, stack(0x000000660a700000,0x000000660a800000)]
  0x0000023297d34180 JavaThread "C1 CompilerThread2" daemon [_thread_blocked, id=4768, stack(0x000000660a800000,0x000000660a900000)]
  0x0000023297d5c6f0 JavaThread "C1 CompilerThread3" daemon [_thread_blocked, id=36240, stack(0x000000660a900000,0x000000660aa00000)]
  0x0000023297dfdf80 JavaThread "JDWP Transport Listener: dt_socket" daemon [_thread_blocked, id=41388, stack(0x000000660ab00000,0x000000660ac00000)]
  0x0000023297e17530 JavaThread "JDWP Event Helper Thread" daemon [_thread_blocked, id=30332, stack(0x000000660ac00000,0x000000660ad00000)]
  0x0000023297e17a20 JavaThread "JDWP Command Reader" daemon [_thread_in_native, id=7920, stack(0x000000660ad00000,0x000000660ae00000)]
  0x00000232981287f0 JavaThread "Coroutines Debugger Cleaner" daemon [_thread_blocked, id=42384, stack(0x000000660ae00000,0x000000660af00000)]
  0x00000232980ba520 JavaThread "Notification Thread" daemon [_thread_blocked, id=40768, stack(0x000000660af00000,0x000000660b000000)]
  0x000002329859f370 JavaThread "Java2D Disposer" daemon [_thread_blocked, id=3112, stack(0x000000660b100000,0x000000660b200000)]
  0x0000023298636d00 JavaThread "AWT-Shutdown" [_thread_blocked, id=26020, stack(0x000000660b200000,0x000000660b300000)]
  0x00000232986377c0 JavaThread "AWT-Windows" daemon [_thread_in_native, id=40340, stack(0x000000660b300000,0x000000660b400000)]
=>0x0000023298640d60 JavaThread "AWT-EventQueue-0" [_thread_in_native, id=9484, stack(0x000000660b400000,0x000000660b500000)]
  0x0000023298672c40 JavaThread "Cleaner-0" daemon [_thread_blocked, id=19824, stack(0x000000660aa00000,0x000000660ab00000)]
  0x00000232996213c0 JavaThread "C2 CompilerThread1" daemon [_thread_blocked, id=40812, stack(0x000000660c380000,0x000000660c480000)]
  0x0000023298673110 JavaThread "Thread-1" [_thread_blocked, id=2168, stack(0x000000660c480000,0x000000660c580000)]
  0x00000232986735e0 JavaThread "Thread-2" [_thread_in_native, id=33112, stack(0x000000660c580000,0x000000660c680000)]

Other Threads:
  0x000002329708a230 VMThread "VM Thread" [stack: 0x0000006609c00000,0x0000006609d00000] [id=29432]
  0x0000023297d306e0 WatcherThread [stack: 0x000000660b000000,0x000000660b100000] [id=37904]
  0x00000232f395ce60 GCTaskThread "GC Thread#0" [stack: 0x0000006609700000,0x0000006609800000] [id=38312]
  0x00000232986f21c0 GCTaskThread "GC Thread#1" [stack: 0x000000660b500000,0x000000660b600000] [id=25436]
  0x00000232986f2470 GCTaskThread "GC Thread#2" [stack: 0x000000660b600000,0x000000660b700000] [id=9532]
  0x00000232986f2720 GCTaskThread "GC Thread#3" [stack: 0x000000660b700000,0x000000660b800000] [id=35464]
  0x00000232986f29d0 GCTaskThread "GC Thread#4" [stack: 0x000000660b800000,0x000000660b900000] [id=18684]
  0x00000232986f3490 GCTaskThread "GC Thread#5" [stack: 0x000000660b900000,0x000000660ba00000] [id=7496]
  0x000002329867fff0 GCTaskThread "GC Thread#6" [stack: 0x000000660ba00000,0x000000660bb00000] [id=42244]
  0x00000232986842b0 GCTaskThread "GC Thread#7" [stack: 0x000000660bb00000,0x000000660bc00000] [id=29408]
  0x0000023298684560 GCTaskThread "GC Thread#8" [stack: 0x000000660bc00000,0x000000660bd00000] [id=31116]
  0x0000023298684c20 GCTaskThread "GC Thread#9" [stack: 0x000000660bd00000,0x000000660be00000] [id=12328]
  0x0000023298684ed0 GCTaskThread "GC Thread#10" [stack: 0x000000660be00000,0x000000660bf00000] [id=41560]
  0x0000023298685180 GCTaskThread "GC Thread#11" [stack: 0x000000660bf00000,0x000000660c000000] [id=42756]
  0x0000023298686f60 GCTaskThread "GC Thread#12" [stack: 0x000000660c000000,0x000000660c100000] [id=42788]
  0x00000232f396d7d0 ConcurrentGCThread "G1 Main Marker" [stack: 0x0000006609800000,0x0000006609900000] [id=42996]
  0x00000232f396f0f0 ConcurrentGCThread "G1 Conc#0" [stack: 0x0000006609900000,0x0000006609a00000] [id=42348]
  0x00000232f39dec30 ConcurrentGCThread "G1 Refine#0" [stack: 0x0000006609a00000,0x0000006609b00000] [id=14648]
  0x0000023296f42710 ConcurrentGCThread "G1 Service" [stack: 0x0000006609b00000,0x0000006609c00000] [id=19420]

Threads with active compile tasks:

VM state: not at safepoint (normal execution)

VM Mutex/Monitor currently owned by a thread: None

Heap address: 0x0000000702800000, size: 4056 MB, Compressed Oops mode: Zero based, Oop shift amount: 3

CDS archive(s) mapped at: [0x0000000800000000-0x0000000800bc0000-0x0000000800bc0000), size 12320768, SharedBaseAddress: 0x0000000800000000, ArchiveRelocationMode: 0.
Compressed class space mapped at: 0x0000000800c00000-0x0000000840c00000, reserved size: 1073741824
Narrow klass base: 0x0000000800000000, Narrow klass shift: 0, Narrow klass range: 0x100000000

GC Precious Log:
 CPUs: 16 total, 16 available
 Memory: 16221M
 Large Page Support: Disabled
 NUMA Support: Disabled
 Compressed Oops: Enabled (Zero based)
 Heap Region Size: 2M
 Heap Min Capacity: 8M
 Heap Initial Capacity: 254M
 Heap Max Capacity: 4056M
 Pre-touch: Disabled
 Parallel Workers: 13
 Concurrent Workers: 3
 Concurrent Refinement Workers: 13
 Periodic GC: Disabled

Heap:
 garbage-first heap   total 260096K, used 21137K [0x0000000702800000, 0x0000000800000000)
  region size 2048K, 10 young (20480K), 1 survivors (2048K)
 Metaspace       used 15701K, committed 15872K, reserved 1064960K
  class space    used 1684K, committed 1792K, reserved 1048576K

Heap Regions: E=young(eden), S=young(survivor), O=old, HS=humongous(starts), HC=humongous(continues), CS=collection set, F=free, OA=open archive, CA=closed archive, TAMS=top-at-mark-start (previous, next)
|   0|0x0000000702800000, 0x0000000702a00000, 0x0000000702a00000|100%| O|  |TAMS 0x0000000702800000, 0x0000000702800000| Untracked 
|   1|0x0000000702a00000, 0x0000000702b32000, 0x0000000702c00000| 59%| O|  |TAMS 0x0000000702a00000, 0x0000000702a00000| Untracked 
|   2|0x0000000702c00000, 0x0000000702c00000, 0x0000000702e00000|  0%| F|  |TAMS 0x0000000702c00000, 0x0000000702c00000| Untracked 
|   3|0x0000000702e00000, 0x0000000702e00000, 0x0000000703000000|  0%| F|  |TAMS 0x0000000702e00000, 0x0000000702e00000| Untracked 
|   4|0x0000000703000000, 0x0000000703000000, 0x0000000703200000|  0%| F|  |TAMS 0x0000000703000000, 0x0000000703000000| Untracked 
|   5|0x0000000703200000, 0x0000000703200000, 0x0000000703400000|  0%| F|  |TAMS 0x0000000703200000, 0x0000000703200000| Untracked 
|   6|0x0000000703400000, 0x0000000703400000, 0x0000000703600000|  0%| F|  |TAMS 0x0000000703400000, 0x0000000703400000| Untracked 
|   7|0x0000000703600000, 0x0000000703600000, 0x0000000703800000|  0%| F|  |TAMS 0x0000000703600000, 0x0000000703600000| Untracked 
|   8|0x0000000703800000, 0x0000000703800000, 0x0000000703a00000|  0%| F|  |TAMS 0x0000000703800000, 0x0000000703800000| Untracked 
|   9|0x0000000703a00000, 0x0000000703a00000, 0x0000000703c00000|  0%| F|  |TAMS 0x0000000703a00000, 0x0000000703a00000| Untracked 
|  10|0x0000000703c00000, 0x0000000703c00000, 0x0000000703e00000|  0%| F|  |TAMS 0x0000000703c00000, 0x0000000703c00000| Untracked 
|  11|0x0000000703e00000, 0x0000000703e00000, 0x0000000704000000|  0%| F|  |TAMS 0x0000000703e00000, 0x0000000703e00000| Untracked 
|  12|0x0000000704000000, 0x0000000704000000, 0x0000000704200000|  0%| F|  |TAMS 0x0000000704000000, 0x0000000704000000| Untracked 
|  13|0x0000000704200000, 0x0000000704200000, 0x0000000704400000|  0%| F|  |TAMS 0x0000000704200000, 0x0000000704200000| Untracked 
|  14|0x0000000704400000, 0x0000000704400000, 0x0000000704600000|  0%| F|  |TAMS 0x0000000704400000, 0x0000000704400000| Untracked 
|  15|0x0000000704600000, 0x0000000704600000, 0x0000000704800000|  0%| F|  |TAMS 0x0000000704600000, 0x0000000704600000| Untracked 
|  16|0x0000000704800000, 0x0000000704800000, 0x0000000704a00000|  0%| F|  |TAMS 0x0000000704800000, 0x0000000704800000| Untracked 
|  17|0x0000000704a00000, 0x0000000704a00000, 0x0000000704c00000|  0%| F|  |TAMS 0x0000000704a00000, 0x0000000704a00000| Untracked 
|  18|0x0000000704c00000, 0x0000000704c00000, 0x0000000704e00000|  0%| F|  |TAMS 0x0000000704c00000, 0x0000000704c00000| Untracked 
|  19|0x0000000704e00000, 0x0000000704e00000, 0x0000000705000000|  0%| F|  |TAMS 0x0000000704e00000, 0x0000000704e00000| Untracked 
|  20|0x0000000705000000, 0x0000000705000000, 0x0000000705200000|  0%| F|  |TAMS 0x0000000705000000, 0x0000000705000000| Untracked 
|  21|0x0000000705200000, 0x0000000705200000, 0x0000000705400000|  0%| F|  |TAMS 0x0000000705200000, 0x0000000705200000| Untracked 
|  22|0x0000000705400000, 0x0000000705400000, 0x0000000705600000|  0%| F|  |TAMS 0x0000000705400000, 0x0000000705400000| Untracked 
|  23|0x0000000705600000, 0x0000000705600000, 0x0000000705800000|  0%| F|  |TAMS 0x0000000705600000, 0x0000000705600000| Untracked 
|  24|0x0000000705800000, 0x0000000705800000, 0x0000000705a00000|  0%| F|  |TAMS 0x0000000705800000, 0x0000000705800000| Untracked 
|  25|0x0000000705a00000, 0x0000000705a00000, 0x0000000705c00000|  0%| F|  |TAMS 0x0000000705a00000, 0x0000000705a00000| Untracked 
|  26|0x0000000705c00000, 0x0000000705c00000, 0x0000000705e00000|  0%| F|  |TAMS 0x0000000705c00000, 0x0000000705c00000| Untracked 
|  27|0x0000000705e00000, 0x0000000705e00000, 0x0000000706000000|  0%| F|  |TAMS 0x0000000705e00000, 0x0000000705e00000| Untracked 
|  28|0x0000000706000000, 0x0000000706000000, 0x0000000706200000|  0%| F|  |TAMS 0x0000000706000000, 0x0000000706000000| Untracked 
|  29|0x0000000706200000, 0x0000000706200000, 0x0000000706400000|  0%| F|  |TAMS 0x0000000706200000, 0x0000000706200000| Untracked 
|  30|0x0000000706400000, 0x0000000706400000, 0x0000000706600000|  0%| F|  |TAMS 0x0000000706400000, 0x0000000706400000| Untracked 
|  31|0x0000000706600000, 0x0000000706600000, 0x0000000706800000|  0%| F|  |TAMS 0x0000000706600000, 0x0000000706600000| Untracked 
|  32|0x0000000706800000, 0x0000000706800000, 0x0000000706a00000|  0%| F|  |TAMS 0x0000000706800000, 0x0000000706800000| Untracked 
|  33|0x0000000706a00000, 0x0000000706a00000, 0x0000000706c00000|  0%| F|  |TAMS 0x0000000706a00000, 0x0000000706a00000| Untracked 
|  34|0x0000000706c00000, 0x0000000706c00000, 0x0000000706e00000|  0%| F|  |TAMS 0x0000000706c00000, 0x0000000706c00000| Untracked 
|  35|0x0000000706e00000, 0x0000000706e00000, 0x0000000707000000|  0%| F|  |TAMS 0x0000000706e00000, 0x0000000706e00000| Untracked 
|  36|0x0000000707000000, 0x0000000707000000, 0x0000000707200000|  0%| F|  |TAMS 0x0000000707000000, 0x0000000707000000| Untracked 
|  37|0x0000000707200000, 0x0000000707200000, 0x0000000707400000|  0%| F|  |TAMS 0x0000000707200000, 0x0000000707200000| Untracked 
|  38|0x0000000707400000, 0x0000000707400000, 0x0000000707600000|  0%| F|  |TAMS 0x0000000707400000, 0x0000000707400000| Untracked 
|  39|0x0000000707600000, 0x0000000707600000, 0x0000000707800000|  0%| F|  |TAMS 0x0000000707600000, 0x0000000707600000| Untracked 
|  40|0x0000000707800000, 0x0000000707800000, 0x0000000707a00000|  0%| F|  |TAMS 0x0000000707800000, 0x0000000707800000| Untracked 
|  41|0x0000000707a00000, 0x0000000707a00000, 0x0000000707c00000|  0%| F|  |TAMS 0x0000000707a00000, 0x0000000707a00000| Untracked 
|  42|0x0000000707c00000, 0x0000000707c00000, 0x0000000707e00000|  0%| F|  |TAMS 0x0000000707c00000, 0x0000000707c00000| Untracked 
|  43|0x0000000707e00000, 0x0000000707e00000, 0x0000000708000000|  0%| F|  |TAMS 0x0000000707e00000, 0x0000000707e00000| Untracked 
|  44|0x0000000708000000, 0x0000000708000000, 0x0000000708200000|  0%| F|  |TAMS 0x0000000708000000, 0x0000000708000000| Untracked 
|  45|0x0000000708200000, 0x0000000708200000, 0x0000000708400000|  0%| F|  |TAMS 0x0000000708200000, 0x0000000708200000| Untracked 
|  46|0x0000000708400000, 0x0000000708400000, 0x0000000708600000|  0%| F|  |TAMS 0x0000000708400000, 0x0000000708400000| Untracked 
|  47|0x0000000708600000, 0x0000000708600000, 0x0000000708800000|  0%| F|  |TAMS 0x0000000708600000, 0x0000000708600000| Untracked 
|  48|0x0000000708800000, 0x0000000708800000, 0x0000000708a00000|  0%| F|  |TAMS 0x0000000708800000, 0x0000000708800000| Untracked 
|  49|0x0000000708a00000, 0x0000000708a00000, 0x0000000708c00000|  0%| F|  |TAMS 0x0000000708a00000, 0x0000000708a00000| Untracked 
|  50|0x0000000708c00000, 0x0000000708c00000, 0x0000000708e00000|  0%| F|  |TAMS 0x0000000708c00000, 0x0000000708c00000| Untracked 
|  51|0x0000000708e00000, 0x0000000708e00000, 0x0000000709000000|  0%| F|  |TAMS 0x0000000708e00000, 0x0000000708e00000| Untracked 
|  52|0x0000000709000000, 0x0000000709000000, 0x0000000709200000|  0%| F|  |TAMS 0x0000000709000000, 0x0000000709000000| Untracked 
|  53|0x0000000709200000, 0x0000000709200000, 0x0000000709400000|  0%| F|  |TAMS 0x0000000709200000, 0x0000000709200000| Untracked 
|  54|0x0000000709400000, 0x0000000709400000, 0x0000000709600000|  0%| F|  |TAMS 0x0000000709400000, 0x0000000709400000| Untracked 
|  55|0x0000000709600000, 0x0000000709600000, 0x0000000709800000|  0%| F|  |TAMS 0x0000000709600000, 0x0000000709600000| Untracked 
|  56|0x0000000709800000, 0x0000000709800000, 0x0000000709a00000|  0%| F|  |TAMS 0x0000000709800000, 0x0000000709800000| Untracked 
|  57|0x0000000709a00000, 0x0000000709a00000, 0x0000000709c00000|  0%| F|  |TAMS 0x0000000709a00000, 0x0000000709a00000| Untracked 
|  58|0x0000000709c00000, 0x0000000709c00000, 0x0000000709e00000|  0%| F|  |TAMS 0x0000000709c00000, 0x0000000709c00000| Untracked 
|  59|0x0000000709e00000, 0x0000000709e00000, 0x000000070a000000|  0%| F|  |TAMS 0x0000000709e00000, 0x0000000709e00000| Untracked 
|  60|0x000000070a000000, 0x000000070a000000, 0x000000070a200000|  0%| F|  |TAMS 0x000000070a000000, 0x000000070a000000| Untracked 
|  61|0x000000070a200000, 0x000000070a200000, 0x000000070a400000|  0%| F|  |TAMS 0x000000070a200000, 0x000000070a200000| Untracked 
|  62|0x000000070a400000, 0x000000070a400000, 0x000000070a600000|  0%| F|  |TAMS 0x000000070a400000, 0x000000070a400000| Untracked 
|  63|0x000000070a600000, 0x000000070a600000, 0x000000070a800000|  0%| F|  |TAMS 0x000000070a600000, 0x000000070a600000| Untracked 
|  64|0x000000070a800000, 0x000000070a800000, 0x000000070aa00000|  0%| F|  |TAMS 0x000000070a800000, 0x000000070a800000| Untracked 
|  65|0x000000070aa00000, 0x000000070aa00000, 0x000000070ac00000|  0%| F|  |TAMS 0x000000070aa00000, 0x000000070aa00000| Untracked 
|  66|0x000000070ac00000, 0x000000070ac00000, 0x000000070ae00000|  0%| F|  |TAMS 0x000000070ac00000, 0x000000070ac00000| Untracked 
|  67|0x000000070ae00000, 0x000000070ae00000, 0x000000070b000000|  0%| F|  |TAMS 0x000000070ae00000, 0x000000070ae00000| Untracked 
|  68|0x000000070b000000, 0x000000070b000000, 0x000000070b200000|  0%| F|  |TAMS 0x000000070b000000, 0x000000070b000000| Untracked 
|  69|0x000000070b200000, 0x000000070b200000, 0x000000070b400000|  0%| F|  |TAMS 0x000000070b200000, 0x000000070b200000| Untracked 
|  70|0x000000070b400000, 0x000000070b400000, 0x000000070b600000|  0%| F|  |TAMS 0x000000070b400000, 0x000000070b400000| Untracked 
|  71|0x000000070b600000, 0x000000070b600000, 0x000000070b800000|  0%| F|  |TAMS 0x000000070b600000, 0x000000070b600000| Untracked 
|  72|0x000000070b800000, 0x000000070b800000, 0x000000070ba00000|  0%| F|  |TAMS 0x000000070b800000, 0x000000070b800000| Untracked 
|  73|0x000000070ba00000, 0x000000070ba00000, 0x000000070bc00000|  0%| F|  |TAMS 0x000000070ba00000, 0x000000070ba00000| Untracked 
|  74|0x000000070bc00000, 0x000000070bc00000, 0x000000070be00000|  0%| F|  |TAMS 0x000000070bc00000, 0x000000070bc00000| Untracked 
|  75|0x000000070be00000, 0x000000070be00000, 0x000000070c000000|  0%| F|  |TAMS 0x000000070be00000, 0x000000070be00000| Untracked 
|  76|0x000000070c000000, 0x000000070c000000, 0x000000070c200000|  0%| F|  |TAMS 0x000000070c000000, 0x000000070c000000| Untracked 
|  77|0x000000070c200000, 0x000000070c200000, 0x000000070c400000|  0%| F|  |TAMS 0x000000070c200000, 0x000000070c200000| Untracked 
|  78|0x000000070c400000, 0x000000070c400000, 0x000000070c600000|  0%| F|  |TAMS 0x000000070c400000, 0x000000070c400000| Untracked 
|  79|0x000000070c600000, 0x000000070c600000, 0x000000070c800000|  0%| F|  |TAMS 0x000000070c600000, 0x000000070c600000| Untracked 
|  80|0x000000070c800000, 0x000000070c800000, 0x000000070ca00000|  0%| F|  |TAMS 0x000000070c800000, 0x000000070c800000| Untracked 
|  81|0x000000070ca00000, 0x000000070ca00000, 0x000000070cc00000|  0%| F|  |TAMS 0x000000070ca00000, 0x000000070ca00000| Untracked 
|  82|0x000000070cc00000, 0x000000070cc00000, 0x000000070ce00000|  0%| F|  |TAMS 0x000000070cc00000, 0x000000070cc00000| Untracked 
|  83|0x000000070ce00000, 0x000000070ce00000, 0x000000070d000000|  0%| F|  |TAMS 0x000000070ce00000, 0x000000070ce00000| Untracked 
|  84|0x000000070d000000, 0x000000070d000000, 0x000000070d200000|  0%| F|  |TAMS 0x000000070d000000, 0x000000070d000000| Untracked 
|  85|0x000000070d200000, 0x000000070d200000, 0x000000070d400000|  0%| F|  |TAMS 0x000000070d200000, 0x000000070d200000| Untracked 
|  86|0x000000070d400000, 0x000000070d400000, 0x000000070d600000|  0%| F|  |TAMS 0x000000070d400000, 0x000000070d400000| Untracked 
|  87|0x000000070d600000, 0x000000070d600000, 0x000000070d800000|  0%| F|  |TAMS 0x000000070d600000, 0x000000070d600000| Untracked 
|  88|0x000000070d800000, 0x000000070d800000, 0x000000070da00000|  0%| F|  |TAMS 0x000000070d800000, 0x000000070d800000| Untracked 
|  89|0x000000070da00000, 0x000000070da00000, 0x000000070dc00000|  0%| F|  |TAMS 0x000000070da00000, 0x000000070da00000| Untracked 
|  90|0x000000070dc00000, 0x000000070dc00000, 0x000000070de00000|  0%| F|  |TAMS 0x000000070dc00000, 0x000000070dc00000| Untracked 
|  91|0x000000070de00000, 0x000000070de00000, 0x000000070e000000|  0%| F|  |TAMS 0x000000070de00000, 0x000000070de00000| Untracked 
|  92|0x000000070e000000, 0x000000070e000000, 0x000000070e200000|  0%| F|  |TAMS 0x000000070e000000, 0x000000070e000000| Untracked 
|  93|0x000000070e200000, 0x000000070e200000, 0x000000070e400000|  0%| F|  |TAMS 0x000000070e200000, 0x000000070e200000| Untracked 
|  94|0x000000070e400000, 0x000000070e400000, 0x000000070e600000|  0%| F|  |TAMS 0x000000070e400000, 0x000000070e400000| Untracked 
|  95|0x000000070e600000, 0x000000070e600000, 0x000000070e800000|  0%| F|  |TAMS 0x000000070e600000, 0x000000070e600000| Untracked 
|  96|0x000000070e800000, 0x000000070e800000, 0x000000070ea00000|  0%| F|  |TAMS 0x000000070e800000, 0x000000070e800000| Untracked 
|  97|0x000000070ea00000, 0x000000070ea00000, 0x000000070ec00000|  0%| F|  |TAMS 0x000000070ea00000, 0x000000070ea00000| Untracked 
|  98|0x000000070ec00000, 0x000000070ec00000, 0x000000070ee00000|  0%| F|  |TAMS 0x000000070ec00000, 0x000000070ec00000| Untracked 
|  99|0x000000070ee00000, 0x000000070ee00000, 0x000000070f000000|  0%| F|  |TAMS 0x000000070ee00000, 0x000000070ee00000| Untracked 
| 100|0x000000070f000000, 0x000000070f000000, 0x000000070f200000|  0%| F|  |TAMS 0x000000070f000000, 0x000000070f000000| Untracked 
| 101|0x000000070f200000, 0x000000070f200000, 0x000000070f400000|  0%| F|  |TAMS 0x000000070f200000, 0x000000070f200000| Untracked 
| 102|0x000000070f400000, 0x000000070f400000, 0x000000070f600000|  0%| F|  |TAMS 0x000000070f400000, 0x000000070f400000| Untracked 
| 103|0x000000070f600000, 0x000000070f600000, 0x000000070f800000|  0%| F|  |TAMS 0x000000070f600000, 0x000000070f600000| Untracked 
| 104|0x000000070f800000, 0x000000070f800000, 0x000000070fa00000|  0%| F|  |TAMS 0x000000070f800000, 0x000000070f800000| Untracked 
| 105|0x000000070fa00000, 0x000000070fa00000, 0x000000070fc00000|  0%| F|  |TAMS 0x000000070fa00000, 0x000000070fa00000| Untracked 
| 106|0x000000070fc00000, 0x000000070fc00000, 0x000000070fe00000|  0%| F|  |TAMS 0x000000070fc00000, 0x000000070fc00000| Untracked 
| 107|0x000000070fe00000, 0x000000070ff72728, 0x0000000710000000| 72%| S|CS|TAMS 0x000000070fe00000, 0x000000070fe00000| Complete 
| 108|0x0000000710000000, 0x0000000710000000, 0x0000000710200000|  0%| F|  |TAMS 0x0000000710000000, 0x0000000710000000| Untracked 
| 109|0x0000000710200000, 0x0000000710200000, 0x0000000710400000|  0%| F|  |TAMS 0x0000000710200000, 0x0000000710200000| Untracked 
| 110|0x0000000710400000, 0x0000000710400000, 0x0000000710600000|  0%| F|  |TAMS 0x0000000710400000, 0x0000000710400000| Untracked 
| 111|0x0000000710600000, 0x0000000710600000, 0x0000000710800000|  0%| F|  |TAMS 0x0000000710600000, 0x0000000710600000| Untracked 
| 112|0x0000000710800000, 0x0000000710800000, 0x0000000710a00000|  0%| F|  |TAMS 0x0000000710800000, 0x0000000710800000| Untracked 
| 113|0x0000000710a00000, 0x0000000710a00000, 0x0000000710c00000|  0%| F|  |TAMS 0x0000000710a00000, 0x0000000710a00000| Untracked 
| 114|0x0000000710c00000, 0x0000000710c00000, 0x0000000710e00000|  0%| F|  |TAMS 0x0000000710c00000, 0x0000000710c00000| Untracked 
| 115|0x0000000710e00000, 0x0000000710e00000, 0x0000000711000000|  0%| F|  |TAMS 0x0000000710e00000, 0x0000000710e00000| Untracked 
| 116|0x0000000711000000, 0x0000000711000000, 0x0000000711200000|  0%| F|  |TAMS 0x0000000711000000, 0x0000000711000000| Untracked 
| 117|0x0000000711200000, 0x0000000711200000, 0x0000000711400000|  0%| F|  |TAMS 0x0000000711200000, 0x0000000711200000| Untracked 
| 118|0x0000000711400000, 0x0000000711502970, 0x0000000711600000| 50%| E|  |TAMS 0x0000000711400000, 0x0000000711400000| Complete 
| 119|0x0000000711600000, 0x0000000711800000, 0x0000000711800000|100%| E|CS|TAMS 0x0000000711600000, 0x0000000711600000| Complete 
| 120|0x0000000711800000, 0x0000000711a00000, 0x0000000711a00000|100%| E|CS|TAMS 0x0000000711800000, 0x0000000711800000| Complete 
| 121|0x0000000711a00000, 0x0000000711c00000, 0x0000000711c00000|100%| E|CS|TAMS 0x0000000711a00000, 0x0000000711a00000| Complete 
| 122|0x0000000711c00000, 0x0000000711e00000, 0x0000000711e00000|100%| E|CS|TAMS 0x0000000711c00000, 0x0000000711c00000| Complete 
| 123|0x0000000711e00000, 0x0000000712000000, 0x0000000712000000|100%| E|CS|TAMS 0x0000000711e00000, 0x0000000711e00000| Complete 
| 124|0x0000000712000000, 0x0000000712200000, 0x0000000712200000|100%| E|CS|TAMS 0x0000000712000000, 0x0000000712000000| Complete 
| 125|0x0000000712200000, 0x0000000712400000, 0x0000000712400000|100%| E|CS|TAMS 0x0000000712200000, 0x0000000712200000| Complete 
| 126|0x0000000712400000, 0x0000000712600000, 0x0000000712600000|100%| E|CS|TAMS 0x0000000712400000, 0x0000000712400000| Complete 

Card table byte_map: [0x00000232fc170000,0x00000232fc960000] _byte_map_base: 0x00000232f895c000

Marking Bits (Prev, Next): (CMBitMap*) 0x00000232f395d120, (CMBitMap*) 0x00000232f395d160
 Prev Bits: [0x000002328f000000, 0x0000023292f60000)
 Next Bits: [0x0000023292f60000, 0x0000023296ec0000)

Polling page: 0x00000232f1890000

Metaspace:

Usage:
  Non-class:     13.69 MB used.
      Class:      1.65 MB used.
       Both:     15.33 MB used.

Virtual space:
  Non-class space:       16.00 MB reserved,      13.75 MB ( 86%) committed,  2 nodes.
      Class space:        1.00 GB reserved,       1.75 MB ( <1%) committed,  1 nodes.
             Both:        1.02 GB reserved,      15.50 MB (  1%) committed. 

Chunk freelists:
   Non-Class:  1.50 MB
       Class:  2.27 MB
        Both:  3.77 MB

MaxMetaspaceSize: unlimited
CompressedClassSpaceSize: 1.00 GB
Initial GC threshold: 21.00 MB
Current GC threshold: 21.00 MB
CDS: on
MetaspaceReclaimPolicy: balanced
 - commit_granule_bytes: 65536.
 - commit_granule_words: 8192.
 - virtual_space_node_default_size: 1048576.
 - enlarge_chunks_in_place: 1.
 - new_chunks_are_fully_committed: 0.
 - uncommit_free_chunks: 1.
 - use_allocation_guard: 0.
 - handle_deallocations: 1.


Internal statistics:

num_allocs_failed_limit: 0.
num_arena_births: 118.
num_arena_deaths: 0.
num_vsnodes_births: 3.
num_vsnodes_deaths: 0.
num_space_committed: 248.
num_space_uncommitted: 0.
num_chunks_returned_to_freelist: 0.
num_chunks_taken_from_freelist: 424.
num_chunk_merges: 0.
num_chunk_splits: 335.
num_chunks_enlarged: 283.
num_purges: 0.
num_inconsistent_stats: 0.

CodeHeap 'non-profiled nmethods': size=119168Kb used=595Kb max_used=595Kb free=118572Kb
 bounds [0x0000023287ba0000, 0x0000023287e10000, 0x000002328f000000]
CodeHeap 'profiled nmethods': size=119104Kb used=2520Kb max_used=2520Kb free=116583Kb
 bounds [0x0000023280750000, 0x00000232809d0000, 0x0000023287ba0000]
CodeHeap 'non-nmethods': size=7488Kb used=3220Kb max_used=3255Kb free=4267Kb
 bounds [0x0000023280000000, 0x0000023280330000, 0x0000023280750000]
 total_blobs=2203 nmethods=1372 adapters=741
 compilation: enabled
              stopped_count=0, restarted_count=0
 full_count=0

Compilation events (20 events):
Event: 0.957 Thread 0x0000023297d5c6f0 1366       3       java.lang.String::valueOf (15 bytes)
Event: 0.957 Thread 0x0000023297c08140 1367       3       java.nio.CharBuffer::arrayOffset (35 bytes)
Event: 0.957 Thread 0x0000023297d34180 nmethod 1365 0x00000232809bea90 code [0x00000232809bec60, 0x00000232809bef58]
Event: 0.957 Thread 0x0000023297d5c6f0 nmethod 1366 0x00000232809bf090 code [0x00000232809bf240, 0x00000232809bf468]
Event: 0.957 Thread 0x0000023297d5c6f0 1368       3       java.io.BufferedWriter::ensureOpen (18 bytes)
Event: 0.957 Thread 0x0000023297c08140 nmethod 1367 0x00000232809bf510 code [0x00000232809bf6e0, 0x00000232809bf9d8]
Event: 0.957 Thread 0x00000232996213c0 1369       4       java.lang.StringBuilder::toString (35 bytes)
Event: 0.957 Thread 0x0000023297d5c6f0 nmethod 1368 0x00000232809bfb10 code [0x00000232809bfcc0, 0x00000232809bfee8]
Event: 0.957 Thread 0x0000023297d5c6f0 1370       3       sun.nio.cs.UTF_8$Encoder::encodeArrayLoop (489 bytes)
Event: 0.957 Thread 0x0000023297c08140 1371       3       java.nio.charset.CoderResult::isUnderflow (13 bytes)
Event: 0.957 Thread 0x0000023297d34180 1372       3       java.nio.CharBuffer::position (8 bytes)
Event: 0.957 Thread 0x0000023297c08140 nmethod 1371 0x00000232809c0010 code [0x00000232809c01a0, 0x00000232809c0318]
Event: 0.957 Thread 0x0000023297c08140 1373       1       java.util.concurrent.locks.AbstractQueuedSynchronizer::getState (5 bytes)
Event: 0.957 Thread 0x0000023297d34180 nmethod 1372 0x00000232809c0390 code [0x00000232809c0520, 0x00000232809c0668]
Event: 0.957 Thread 0x0000023297c08140 nmethod 1373 0x0000023287c32310 code [0x0000023287c324a0, 0x0000023287c32578]
Event: 0.959 Thread 0x0000023297d5c6f0 nmethod 1370 0x00000232809c0710 code [0x00000232809c0d80, 0x00000232809c43a8]
Event: 0.960 Thread 0x00000232996213c0 nmethod 1369 0x0000023287c32610 code [0x0000023287c327a0, 0x0000023287c32bf8]
Event: 0.963 Thread 0x0000023297d34180 1374       3       kotlin.jvm.internal.Intrinsics::checkNotNull (8 bytes)
Event: 0.963 Thread 0x0000023297d34180 nmethod 1374 0x00000232809c5790 code [0x00000232809c5980, 0x00000232809c5e68]
Event: 0.965 Thread 0x00000232970a7cb0 nmethod 1358 0x0000023287c32e10 code [0x0000023287c32fe0, 0x0000023287c34668]

GC Heap History (4 events):
Event: 0.393 GC heap before
{Heap before GC invocations=0 (full 0):
 garbage-first heap   total 260096K, used 22528K [0x0000000702800000, 0x0000000800000000)
  region size 2048K, 11 young (22528K), 0 survivors (0K)
 Metaspace       used 5045K, committed 5184K, reserved 1056768K
  class space    used 449K, committed 512K, reserved 1048576K
}
Event: 0.395 GC heap after
{Heap after GC invocations=1 (full 0):
 garbage-first heap   total 260096K, used 3569K [0x0000000702800000, 0x0000000800000000)
  region size 2048K, 2 young (4096K), 2 survivors (4096K)
 Metaspace       used 5045K, committed 5184K, reserved 1056768K
  class space    used 449K, committed 512K, reserved 1048576K
}
Event: 0.821 GC heap before
{Heap before GC invocations=1 (full 0):
 garbage-first heap   total 260096K, used 36337K [0x0000000702800000, 0x0000000800000000)
  region size 2048K, 19 young (38912K), 2 survivors (4096K)
 Metaspace       used 13212K, committed 13376K, reserved 1064960K
  class space    used 1356K, committed 1472K, reserved 1048576K
}
Event: 0.824 GC heap after
{Heap after GC invocations=2 (full 0):
 garbage-first heap   total 260096K, used 4753K [0x0000000702800000, 0x0000000800000000)
  region size 2048K, 1 young (2048K), 1 survivors (2048K)
 Metaspace       used 13212K, committed 13376K, reserved 1064960K
  class space    used 1356K, committed 1472K, reserved 1048576K
}

Deoptimization events (20 events):
Event: 0.778 Thread 0x0000023298640d60 DEOPT PACKING pc=0x0000023287c121c8 sp=0x000000660b4fc700
Event: 0.778 Thread 0x0000023298640d60 DEOPT UNPACKING pc=0x0000023280055c23 sp=0x000000660b4fc688 mode 2
Event: 0.778 Thread 0x0000023298640d60 Uncommon trap: trap_request=0xffffffde fr.pc=0x0000023287c121c8 relative=0x0000000000000128
Event: 0.778 Thread 0x0000023298640d60 Uncommon trap: reason=class_check action=maybe_recompile pc=0x0000023287c121c8 method=jdk.internal.misc.Unsafe.allocateUninitializedArray(Ljava/lang/Class;I)Ljava/lang/Object; @ 51 c2
Event: 0.778 Thread 0x0000023298640d60 DEOPT PACKING pc=0x0000023287c121c8 sp=0x000000660b4fc230
Event: 0.778 Thread 0x0000023298640d60 DEOPT UNPACKING pc=0x0000023280055c23 sp=0x000000660b4fc1b8 mode 2
Event: 0.783 Thread 0x0000023298640d60 DEOPT PACKING pc=0x0000023280932106 sp=0x000000660b4fd2b0
Event: 0.783 Thread 0x0000023298640d60 DEOPT UNPACKING pc=0x0000023280056763 sp=0x000000660b4fc720 mode 0
Event: 0.788 Thread 0x0000023298640d60 DEOPT PACKING pc=0x0000023280932106 sp=0x000000660b4fd440
Event: 0.788 Thread 0x0000023298640d60 DEOPT UNPACKING pc=0x0000023280056763 sp=0x000000660b4fc8b0 mode 0
Event: 0.815 Thread 0x0000023298640d60 DEOPT PACKING pc=0x0000023280865303 sp=0x000000660b4fcd70
Event: 0.815 Thread 0x0000023298640d60 DEOPT UNPACKING pc=0x0000023280056763 sp=0x000000660b4fc1d0 mode 0
Event: 0.944 Thread 0x00000232986735e0 Uncommon trap: trap_request=0xffffffde fr.pc=0x0000023287be3f7c relative=0x0000000000000cdc
Event: 0.944 Thread 0x00000232986735e0 Uncommon trap: reason=class_check action=maybe_recompile pc=0x0000023287be3f7c method=java.util.HashMap.putVal(ILjava/lang/Object;Ljava/lang/Object;ZZ)Ljava/lang/Object; @ 91 c2
Event: 0.944 Thread 0x00000232986735e0 DEOPT PACKING pc=0x0000023287be3f7c sp=0x000000660c67e530
Event: 0.944 Thread 0x00000232986735e0 DEOPT UNPACKING pc=0x0000023280055c23 sp=0x000000660c67e4f0 mode 2
Event: 0.944 Thread 0x00000232986735e0 Uncommon trap: trap_request=0xffffff45 fr.pc=0x0000023287be6c94 relative=0x00000000000002f4
Event: 0.944 Thread 0x00000232986735e0 Uncommon trap: reason=unstable_if action=reinterpret pc=0x0000023287be6c94 method=java.util.concurrent.ConcurrentHashMap.get(Ljava/lang/Object;)Ljava/lang/Object; @ 76 c2
Event: 0.944 Thread 0x00000232986735e0 DEOPT PACKING pc=0x0000023287be6c94 sp=0x000000660c67da90
Event: 0.944 Thread 0x00000232986735e0 DEOPT UNPACKING pc=0x0000023280055c23 sp=0x000000660c67da28 mode 2

Classes unloaded (0 events):
No events

Classes redefined (0 events):
No events

Internal exceptions (20 events):
Event: 0.297 Thread 0x00000232f38fcb80 Exception <a 'java/lang/ClassNotFoundException'{0x00000007119eb338}: sun/awt/resources/spi/awtProvider> (0x00000007119eb338) 
thrown [t:\workspace\open\src\hotspot\share\classfile\systemDictionary.cpp, line 256]
Event: 0.314 Thread 0x00000232f38fcb80 Exception <a 'java/io/FileNotFoundException'{0x00000007116781c8}> (0x00000007116781c8) 
thrown [t:\workspace\open\src\hotspot\share\prims\jni.cpp, line 516]
Event: 0.318 Thread 0x00000232f38fcb80 Exception <a 'java/io/FileNotFoundException'{0x00000007116a9658}> (0x00000007116a9658) 
thrown [t:\workspace\open\src\hotspot\share\prims\jni.cpp, line 516]
Event: 0.340 Thread 0x00000232f38fcb80 Exception <a 'java/lang/NoSuchMethodError'{0x00000007114ab450}: 'java.lang.Object java.lang.invoke.DirectMethodHandle$Holder.invokeStaticInit(java.lang.Object)'> (0x00000007114ab450) 
thrown [t:\workspace\open\src\hotspot\share\interpreter\linkResolver.cpp, line 766]
Event: 0.669 Thread 0x00000232986377c0 Exception <a 'java/lang/NoSuchMethodError'{0x0000000711ae8688}: 'void java.lang.invoke.DirectMethodHandle$Holder.invokeVirtual(java.lang.Object, java.lang.Object)'> (0x0000000711ae8688) 
thrown [t:\workspace\open\src\hotspot\share\interpreter\linkResolver.cpp, line 766]
Event: 0.679 Thread 0x0000023298640d60 Exception <a 'java/lang/NoSuchMethodError'{0x00000007111bc1b0}: 'void java.lang.invoke.DirectMethodHandle$Holder.invokeStaticInit(java.lang.Object)'> (0x00000007111bc1b0) 
thrown [t:\workspace\open\src\hotspot\share\interpreter\linkResolver.cpp, line 766]
Event: 0.716 Thread 0x0000023298640d60 Exception <a 'java/lang/NoSuchMethodError'{0x00000007109901b0}: 'java.lang.Object java.lang.invoke.DirectMethodHandle$Holder.newInvokeSpecial(java.lang.Object, int, java.lang.Object)'> (0x00000007109901b0) 
thrown [t:\workspace\open\src\hotspot\share\interpreter\linkResolver.cpp, line 766]
Event: 0.742 Thread 0x0000023298640d60 Exception <a 'java/lang/NoSuchMethodError'{0x0000000710707fb8}: 'void java.lang.invoke.DirectMethodHandle$Holder.invokeSpecial(java.lang.Object, java.lang.Object, java.lang.Object)'> (0x0000000710707fb8) 
thrown [t:\workspace\open\src\hotspot\share\interpreter\linkResolver.cpp, line 766]
Event: 0.747 Thread 0x0000023298640d60 Exception <a 'java/lang/NoSuchMethodError'{0x000000071077ff28}: 'java.lang.Object java.lang.invoke.DirectMethodHandle$Holder.newInvokeSpecial(java.lang.Object, java.lang.Object, java.lang.Object, java.lang.Object, java.lang.Object)'> (0x000000071077ff28) 
thrown [t:\workspace\open\src\hotspot\share\interpreter\linkResolver.cpp, line 766]
Event: 0.748 Thread 0x0000023298640d60 Exception <a 'java/lang/NoSuchMethodError'{0x000000071078be48}: 'java.lang.Object java.lang.invoke.DirectMethodHandle$Holder.invokeStatic(java.lang.Object, int, java.lang.Object, java.lang.Object, java.lang.Object, java.lang.Object)'> (0x000000071078be48) 
thrown [t:\workspace\open\src\hotspot\share\interpreter\linkResolver.cpp, line 766]
Event: 0.751 Thread 0x0000023298640d60 Exception <a 'java/lang/NoSuchMethodError'{0x00000007107b2368}: 'java.lang.Object java.lang.invoke.DirectMethodHandle$Holder.invokeStatic(java.lang.Object, int, java.lang.Object)'> (0x00000007107b2368) 
thrown [t:\workspace\open\src\hotspot\share\interpreter\linkResolver.cpp, line 766]
Event: 0.768 Thread 0x0000023298640d60 Exception <a 'java/lang/ClassNotFoundException'{0x00000007104cd370}: com/sun/swing/internal/plaf/metal/resources/spi/metalProvider> (0x00000007104cd370) 
thrown [t:\workspace\open\src\hotspot\share\classfile\systemDictionary.cpp, line 256]
Event: 0.768 Thread 0x0000023298640d60 Exception <a 'java/lang/ClassNotFoundException'{0x000000071052dbc8}: com/sun/swing/internal/plaf/basic/resources/spi/basicProvider> (0x000000071052dbc8) 
thrown [t:\workspace\open\src\hotspot\share\classfile\systemDictionary.cpp, line 256]
Event: 0.771 Thread 0x0000023298640d60 Implicit null exception at 0x0000023287c02297 to 0x0000023287c027bc
Event: 0.772 Thread 0x0000023298640d60 Implicit null exception at 0x0000023287bdc9d8 to 0x0000023287bdca6e
Event: 0.773 Thread 0x0000023298640d60 Implicit null exception at 0x0000023287c05017 to 0x0000023287c05520
Event: 0.773 Thread 0x0000023298640d60 Implicit null exception at 0x0000023287c0458f to 0x0000023287c0460d
Event: 0.781 Thread 0x0000023298640d60 Exception <a 'java/lang/NoSuchMethodError'{0x000000071023b090}: 'void java.lang.invoke.DirectMethodHandle$Holder.invokeStatic(java.lang.Object, java.lang.Object, java.lang.Object)'> (0x000000071023b090) 
thrown [t:\workspace\open\src\hotspot\share\interpreter\linkResolver.cpp, line 766]
Event: 0.907 Thread 0x0000023298640d60 Exception <a 'java/lang/NoSuchMethodError'{0x0000000711d00ac8}: 'void java.lang.invoke.DirectMethodHandle$Holder.invokeStatic(java.lang.Object, java.lang.Object)'> (0x0000000711d00ac8) 
thrown [t:\workspace\open\src\hotspot\share\interpreter\linkResolver.cpp, line 766]
Event: 0.949 Thread 0x0000023298640d60 Exception <a 'java/lang/NullPointerException'{0x0000000711a58318}> (0x0000000711a58318) 
thrown [t:\workspace\open\src\hotspot\share\interpreter\linkResolver.cpp, line 1440]

VM Operations (20 events):
Event: 0.146 Executing VM operation: ChangeBreakpoints
Event: 0.146 Executing VM operation: ChangeBreakpoints done
Event: 0.146 Executing VM operation: ChangeBreakpoints
Event: 0.146 Executing VM operation: ChangeBreakpoints done
Event: 0.269 Executing VM operation: HandshakeAllThreads
Event: 0.269 Executing VM operation: HandshakeAllThreads done
Event: 0.393 Executing VM operation: G1CollectForAllocation
Event: 0.395 Executing VM operation: G1CollectForAllocation done
Event: 0.672 Executing VM operation: HandshakeAllThreads
Event: 0.672 Executing VM operation: HandshakeAllThreads done
Event: 0.689 Executing VM operation: HandshakeAllThreads
Event: 0.689 Executing VM operation: HandshakeAllThreads done
Event: 0.715 Executing VM operation: HandshakeAllThreads
Event: 0.715 Executing VM operation: HandshakeAllThreads done
Event: 0.821 Executing VM operation: G1CollectForAllocation
Event: 0.824 Executing VM operation: G1CollectForAllocation done
Event: 0.884 Executing VM operation: ChangeBreakpoints
Event: 0.885 Executing VM operation: ChangeBreakpoints done
Event: 0.902 Executing VM operation: HandshakeAllThreads
Event: 0.902 Executing VM operation: HandshakeAllThreads done

Events (20 events):
Event: 0.961 loading class androidx/compose/ui/layout/MeasureResult
Event: 0.961 loading class androidx/compose/ui/layout/MeasureResult done
Event: 0.961 loading class androidx/compose/ui/node/DelegatingLayoutNodeWrapper$measure$1$1
Event: 0.961 loading class androidx/compose/ui/node/DelegatingLayoutNodeWrapper$measure$1$1 done
Event: 0.961 loading class androidx/compose/ui/layout/Placeable$PlacementScope
Event: 0.961 loading class androidx/compose/ui/layout/Placeable$PlacementScope done
Event: 0.962 loading class androidx/compose/ui/layout/Placeable$PlacementScope$Companion
Event: 0.962 loading class androidx/compose/ui/layout/Placeable$PlacementScope$Companion done
Event: 0.962 loading class androidx/compose/ui/node/LayoutNode$layoutChildren$1
Event: 0.962 loading class androidx/compose/ui/node/LayoutNode$layoutChildren$1 done
Event: 0.962 loading class androidx/compose/ui/node/OnPositionedDispatcher$Companion$DepthComparator
Event: 0.962 loading class androidx/compose/ui/node/OnPositionedDispatcher$Companion$DepthComparator done
Event: 0.963 loading class org/jetbrains/skiko/PictureHolder
Event: 0.963 loading class org/jetbrains/skiko/PictureHolder done
Event: 0.963 loading class org/jetbrains/skiko/GpuPriority
Event: 0.963 loading class org/jetbrains/skiko/GpuPriority done
Event: 0.963 loading class org/jetbrains/skiko/GpuPriority$Companion
Event: 0.963 loading class org/jetbrains/skiko/GpuPriority$Companion done
Event: 0.963 loading class org/jetbrains/skiko/HardwareLayer$contentHandle$1
Event: 0.963 loading class org/jetbrains/skiko/HardwareLayer$contentHandle$1 done


Dynamic libraries:
0x00007ff737c30000 - 0x00007ff737c3e000 	C:\Users\simon_k33m7ql\.jdks\openjdk-17.0.1\bin\java.exe
0x00007ffacf300000 - 0x00007ffacf507000 	C:\WINDOWS\SYSTEM32\ntdll.dll
0x00007ffacdd60000 - 0x00007ffacde1d000 	C:\WINDOWS\System32\KERNEL32.DLL
0x00007ffacce20000 - 0x00007ffacd194000 	C:\WINDOWS\System32\KERNELBASE.dll
0x00007ffacc890000 - 0x00007ffacc9a1000 	C:\WINDOWS\System32\ucrtbase.dll
0x00007ffab2cc0000 - 0x00007ffab2cda000 	C:\Users\simon_k33m7ql\.jdks\openjdk-17.0.1\bin\VCRUNTIME140.dll
0x00007ffab6e10000 - 0x00007ffab6e28000 	C:\Users\simon_k33m7ql\.jdks\openjdk-17.0.1\bin\jli.dll
0x00007ffacd420000 - 0x00007ffacd5cc000 	C:\WINDOWS\System32\USER32.dll
0x00007ffaccb90000 - 0x00007ffaccbb6000 	C:\WINDOWS\System32\win32u.dll
0x00007ffabb170000 - 0x00007ffabb415000 	C:\WINDOWS\WinSxS\amd64_microsoft.windows.common-controls_6595b64144ccf1df_6.0.22000.120_none_9d947278b86cc467\COMCTL32.dll
0x00007fface210000 - 0x00007fface239000 	C:\WINDOWS\System32\GDI32.dll
0x00007ffacd2c0000 - 0x00007ffacd363000 	C:\WINDOWS\System32\msvcrt.dll
0x00007ffacc9b0000 - 0x00007ffaccac2000 	C:\WINDOWS\System32\gdi32full.dll
0x00007ffacc7f0000 - 0x00007ffacc88d000 	C:\WINDOWS\System32\msvcp_win.dll
0x00007ffacd5d0000 - 0x00007ffacd601000 	C:\WINDOWS\System32\IMM32.DLL
0x00007ffac97c0000 - 0x00007ffac97cc000 	C:\Users\simon_k33m7ql\.jdks\openjdk-17.0.1\bin\vcruntime140_1.dll
0x00007ffa9f510000 - 0x00007ffa9f59d000 	C:\Users\simon_k33m7ql\.jdks\openjdk-17.0.1\bin\msvcp140.dll
0x00007ffa2d440000 - 0x00007ffa2dffe000 	C:\Users\simon_k33m7ql\.jdks\openjdk-17.0.1\bin\server\jvm.dll
0x00007ffacdc90000 - 0x00007ffacdd3e000 	C:\WINDOWS\System32\ADVAPI32.dll
0x00007ffacd380000 - 0x00007ffacd41e000 	C:\WINDOWS\System32\sechost.dll
0x00007ffacd610000 - 0x00007ffacd730000 	C:\WINDOWS\System32\RPCRT4.dll
0x00007fface450000 - 0x00007fface458000 	C:\WINDOWS\System32\PSAPI.DLL
0x00007ffac6370000 - 0x00007ffac63a3000 	C:\WINDOWS\SYSTEM32\WINMM.dll
0x00007ffaadf70000 - 0x00007ffaadf79000 	C:\WINDOWS\SYSTEM32\WSOCK32.dll
0x00007ffac5030000 - 0x00007ffac503a000 	C:\WINDOWS\SYSTEM32\VERSION.dll
0x00007fface3e0000 - 0x00007fface44f000 	C:\WINDOWS\System32\WS2_32.dll
0x00007ffacb9a0000 - 0x00007ffacb9b8000 	C:\WINDOWS\SYSTEM32\kernel.appcore.dll
0x00007ffac12a0000 - 0x00007ffac12aa000 	C:\Users\simon_k33m7ql\.jdks\openjdk-17.0.1\bin\jimage.dll
0x00007ffaca250000 - 0x00007ffaca471000 	C:\WINDOWS\SYSTEM32\DBGHELP.DLL
0x00007ffaaccb0000 - 0x00007ffaacce1000 	C:\WINDOWS\SYSTEM32\dbgcore.DLL
0x00007ffaccda0000 - 0x00007ffacce1f000 	C:\WINDOWS\System32\bcryptPrimitives.dll
0x00007ffab8390000 - 0x00007ffab83cb000 	C:\Users\simon_k33m7ql\.jdks\openjdk-17.0.1\bin\jdwp.dll
0x00007ffabc4f0000 - 0x00007ffabc4fe000 	C:\Users\simon_k33m7ql\.jdks\openjdk-17.0.1\bin\instrument.dll
0x00007ffaae750000 - 0x00007ffaae775000 	C:\Users\simon_k33m7ql\.jdks\openjdk-17.0.1\bin\java.dll
0x00007ffaa5950000 - 0x00007ffaa5968000 	C:\Users\simon_k33m7ql\.jdks\openjdk-17.0.1\bin\zip.dll
0x00007ffa44110000 - 0x00007ffa441e6000 	C:\Users\simon_k33m7ql\.jdks\openjdk-17.0.1\bin\svml.dll
0x00007fface480000 - 0x00007ffacec2e000 	C:\WINDOWS\System32\SHELL32.dll
0x00007ffaca930000 - 0x00007ffacb197000 	C:\WINDOWS\SYSTEM32\windows.storage.dll
0x00007ffacec30000 - 0x00007ffacefa8000 	C:\WINDOWS\System32\combase.dll
0x00007ffaca7c0000 - 0x00007ffaca926000 	C:\WINDOWS\SYSTEM32\wintypes.dll
0x00007ffacf1d0000 - 0x00007ffacf2ba000 	C:\WINDOWS\System32\SHCORE.dll
0x00007fface1b0000 - 0x00007fface20d000 	C:\WINDOWS\System32\shlwapi.dll
0x00007ffacc720000 - 0x00007ffacc741000 	C:\WINDOWS\SYSTEM32\profapi.dll
0x00007ffabd040000 - 0x00007ffabd04c000 	C:\Users\simon_k33m7ql\.jdks\openjdk-17.0.1\bin\dt_socket.dll
0x00007ffacb4d0000 - 0x00007ffacb4fd000 	C:\WINDOWS\SYSTEM32\IPHLPAPI.DLL
0x00007ffacbdc0000 - 0x00007ffacbe27000 	C:\WINDOWS\system32\mswsock.dll
0x00007ffaa5ec0000 - 0x00007ffaa5ed9000 	C:\Users\simon_k33m7ql\.jdks\openjdk-17.0.1\bin\net.dll
0x00007ffac5cc0000 - 0x00007ffac5dcc000 	C:\WINDOWS\SYSTEM32\WINHTTP.dll
0x00007ffaa5ea0000 - 0x00007ffaa5eb5000 	C:\Users\simon_k33m7ql\.jdks\openjdk-17.0.1\bin\nio.dll
0x00007ffa2d2b0000 - 0x00007ffa2d43e000 	C:\Users\simon_k33m7ql\.jdks\openjdk-17.0.1\bin\awt.dll
0x00007ffacf060000 - 0x00007ffacf136000 	C:\WINDOWS\System32\OLEAUT32.dll
0x00007ffac9890000 - 0x00007ffac9921000 	C:\WINDOWS\SYSTEM32\apphelp.dll
0x00007ffac9a00000 - 0x00007ffac9aac000 	C:\WINDOWS\system32\uxtheme.dll
0x00007ffacd1a0000 - 0x00007ffacd2be000 	C:\WINDOWS\System32\MSCTF.dll
0x00007fface240000 - 0x00007fface3da000 	C:\WINDOWS\System32\ole32.dll
0x00007ffac9de0000 - 0x00007ffac9e0f000 	C:\WINDOWS\system32\DWMAPI.DLL
0x00007ffa4ffc0000 - 0x00007ffa500c1000 	C:\WINDOWS\system32\opengl32.dll
0x00007ffaa51e0000 - 0x00007ffaa520d000 	C:\WINDOWS\SYSTEM32\GLU32.dll
0x00007ffac9b40000 - 0x00007ffac9b78000 	C:\WINDOWS\SYSTEM32\dxcore.dll
0x00007ffac10f0000 - 0x00007ffac1296000 	C:\WINDOWS\system32\d3d9.dll
0x00007ffac1690000 - 0x00007ffac1796000 	C:\WINDOWS\System32\DriverStore\FileRepository\nv_dispi.inf_amd64_5292bbfbf575e2d2\nvldumdx.dll
0x00007ffacc0e0000 - 0x00007ffacc0f2000 	C:\WINDOWS\SYSTEM32\msasn1.dll
0x00007ffac4ff0000 - 0x00007ffac5021000 	C:\WINDOWS\SYSTEM32\cryptnet.dll
0x00007ffaccbc0000 - 0x00007ffaccd22000 	C:\WINDOWS\System32\CRYPT32.dll
0x00007ffac2580000 - 0x00007ffac26c9000 	C:\WINDOWS\SYSTEM32\drvstore.dll
0x00007ffacc4c0000 - 0x00007ffacc4ec000 	C:\WINDOWS\SYSTEM32\devobj.dll
0x00007ffacc4f0000 - 0x00007ffacc53c000 	C:\WINDOWS\SYSTEM32\cfgmgr32.dll
0x00007ffacc040000 - 0x00007ffacc07d000 	C:\WINDOWS\SYSTEM32\wldp.dll
0x00007ffacbfb0000 - 0x00007ffacbfbc000 	C:\WINDOWS\SYSTEM32\cryptbase.dll
0x00007ffaccd30000 - 0x00007ffaccd96000 	C:\WINDOWS\System32\WINTRUST.DLL
0x00007fface460000 - 0x00007fface47f000 	C:\WINDOWS\System32\imagehlp.dll
0x00007ffacc090000 - 0x00007ffacc0a8000 	C:\WINDOWS\SYSTEM32\CRYPTSP.dll
0x00007ffacb900000 - 0x00007ffacb935000 	C:\WINDOWS\system32\rsaenh.dll
0x00007ffacc1d0000 - 0x00007ffacc1f7000 	C:\WINDOWS\SYSTEM32\bcrypt.dll
0x00007ffa2e000000 - 0x00007ffa2f794000 	C:\WINDOWS\System32\DriverStore\FileRepository\nv_dispi.inf_amd64_5292bbfbf575e2d2\nvd3dumx.dll
0x00007ffac5e90000 - 0x00007ffac5ed4000 	C:\WINDOWS\SYSTEM32\directxdatabasehelper.dll
0x00007ffac9ca0000 - 0x00007ffac9cd4000 	C:\WINDOWS\SYSTEM32\ntmarta.dll
0x00007ffa747c0000 - 0x00007ffa74a85000 	C:\WINDOWS\system32\nvspcap64.dll
0x00007ffacbe30000 - 0x00007ffacbe54000 	C:\WINDOWS\SYSTEM32\gpapi.dll
0x00007ffa260f0000 - 0x00007ffa26fee000 	C:\Users\simon_k33m7ql\.skiko\80fc6444015995e586d4d2f41cb25284608cc484748d064cc0259bc4ea610782\skiko-windows-x64.dll
0x00007ffab8300000 - 0x00007ffab8389000 	C:\Users\simon_k33m7ql\.jdks\openjdk-17.0.1\bin\freetype.dll
0x00007ffab8250000 - 0x00007ffab82f8000 	C:\Users\simon_k33m7ql\.jdks\openjdk-17.0.1\bin\fontmanager.dll
0x00007ffac15d0000 - 0x00007ffac1689000 	C:\WINDOWS\SYSTEM32\mscms.dll
0x00007ffaaa770000 - 0x00007ffaaa7b4000 	C:\WINDOWS\SYSTEM32\icm32.dll
0x00007ffabd020000 - 0x00007ffabd027000 	C:\Users\simon_k33m7ql\.jdks\openjdk-17.0.1\bin\jawt.dll
0x00007ffaa4e10000 - 0x00007ffaa506f000 	C:\WINDOWS\SYSTEM32\dwrite.dll
0x00007ffac9b80000 - 0x00007ffac9c73000 	C:\WINDOWS\SYSTEM32\Dxgi.dll
0x00007ffab8220000 - 0x00007ffab8242000 	C:\WINDOWS\SYSTEM32\D3D12.dll
0x00007ffa2d0a0000 - 0x00007ffa2d2a4000 	C:\WINDOWS\SYSTEM32\D3D12Core.dll
0x00007ffa8a0c0000 - 0x00007ffa8c9e9000 	C:\WINDOWS\System32\DriverStore\FileRepository\nv_dispi.inf_amd64_5292bbfbf575e2d2\nvwgf2umx.dll
0x00007ffab8090000 - 0x00007ffab80bd000 	C:\WINDOWS\SYSTEM32\D3DSCache.dll
0x00007ffacbe60000 - 0x00007ffacbe89000 	C:\WINDOWS\SYSTEM32\USERENV.dll
0x00007ffac2a80000 - 0x00007ffac2ce6000 	C:\WINDOWS\SYSTEM32\twinapi.appcore.dll

dbghelp: loaded successfully - version: 4.0.5 - missing functions: none
symbol engine: initialized successfully - sym options: 0x614 - pdb path: .;C:\Users\simon_k33m7ql\.jdks\openjdk-17.0.1\bin;C:\WINDOWS\SYSTEM32;C:\WINDOWS\WinSxS\amd64_microsoft.windows.common-controls_6595b64144ccf1df_6.0.22000.120_none_9d947278b86cc467;C:\Users\simon_k33m7ql\.jdks\openjdk-17.0.1\bin\server;C:\WINDOWS\System32\DriverStore\FileRepository\nv_dispi.inf_amd64_5292bbfbf575e2d2;C:\Users\simon_k33m7ql\.skiko\80fc6444015995e586d4d2f41cb25284608cc484748d064cc0259bc4ea610782

VM Arguments:
jvm_args: -agentlib:jdwp=transport=dt_socket,address=127.0.0.1:54906,suspend=y,server=n -javaagent:C:/Users/simon_k33m7ql/.gradle/caches/modules-2/files-2.1/org.jetbrains.kotlinx/kotlinx-coroutines-core-jvm/1.5.0/d8cebccdcddd029022aa8646a5a953ff88b13ac8/kotlinx-coroutines-core-jvm-1.5.0.jar -javaagent:C:\Users\simon_k33m7ql\AppData\Local\JetBrains\IntelliJIdea2021.3\captureAgent\debugger-agent.jar -Dfile.encoding=UTF-8 
java_command: MainKt
java_class_path (initial): C:\Users\simon_k33m7ql\Desktop\DTU\5. Semester\AI\Auctionator_Client\build\classes\java\main;C:\Users\simon_k33m7ql\Desktop\DTU\5. Semester\AI\Auctionator_Client\build\classes\kotlin\main;C:\Users\simon_k33m7ql\Desktop\DTU\5. Semester\AI\Auctionator_Client\build\resources\main;C:\Users\simon_k33m7ql\.gradle\caches\modules-2\files-2.1\org.jetbrains.kotlin\kotlin-stdlib-jdk8\1.5.21\6b3de2a43405a65502728047db37a98a0c7e72f0\kotlin-stdlib-jdk8-1.5.21.jar;C:\Users\simon_k33m7ql\.gradle\caches\modules-2\files-2.1\com.google.code.gson\gson\2.8.9\8a432c1d6825781e21a02db2e2c33c5fde2833b9\gson-2.8.9.jar;C:\Users\simon_k33m7ql\.gradle\caches\modules-2\files-2.1\org.kodein.di\kodein-di-jvm\7.6.0\1ad23f3416476f6a771accd6475596835163c074\kodein-di-jvm-7.6.0.jar;C:\Users\simon_k33m7ql\.gradle\caches\modules-2\files-2.1\org.jetbrains.kotlin\kotlin-stdlib-jdk7\1.5.21\f059658740a4b3a3461aba9681457615332bae1c\kotlin-stdlib-jdk7-1.5.21.jar;C:\Users\simon_k33m7ql\.gradle\caches\modules-2\files-2.1\org.jetbrains.kotlin\kotlin-stdlib\1.5.21\2f537cad7e9eeb9da73738c8812e1e4cf9b62e4e\kotlin-stdlib-1.5.21.jar;C:\Users\simon_k33m7ql\.gradle\caches\modules-2\files-2.1\org.jetbrains.kotlin\kotlin-stdlib-common\1.5.21\cc8bf3586fd2ebcf234058b9440bb406e62dfacb\kotlin-stdlib-common-1.5.21.jar;C:\Users\simon_k33m7ql\.gradle\caches\modules-2\files-2.1\org.jetbrains.compose.desktop\desktop-jvm\1.0.0-alpha3\7d2ec16f4e057de47d41ffc5c8416f9f85aeab3e\desktop-jvm-1.0.0-alpha3.jar;C:\Users\simon_k33m7ql\.gradle\caches\modules-2\files-2.1\org.jetbrains\annotations\13.0\919f0dfe192fb4e063e7dacadee7f8bb9a2672a9\annotations-13.0.jar;C:\Users\simon_k33m7ql\.gradle\caches\modules-2\files-2.1\org.kodein.type\kodein-type-jvm\1.7.1\ac8f53223790a68b54f8eca4ac8cdbe98f24b35a\kodein-type-jvm-1.7.1.jar;C:\Users\simon_k33m7ql\.gradle\caches\modules-2\files-2.1\org.jetbrains.compose.material\material-desktop\1.0.0-alpha3\60d4a46d2ee31e82ab61342887203b23aee0ba83\material-desktop-1.0.0-alpha3.jar;C
Launcher Type: SUN_STANDARD

[Global flags]
     intx CICompilerCount                          = 12                                        {product} {ergonomic}
     uint ConcGCThreads                            = 3                                         {product} {ergonomic}
     uint G1ConcRefinementThreads                  = 13                                        {product} {ergonomic}
   size_t G1HeapRegionSize                         = 2097152                                   {product} {ergonomic}
    uintx GCDrainStackTargetSize                   = 64                                        {product} {ergonomic}
   size_t InitialHeapSize                          = 266338304                                 {product} {ergonomic}
   size_t MarkStackSize                            = 4194304                                   {product} {ergonomic}
   size_t MaxHeapSize                              = 4253024256                                {product} {ergonomic}
   size_t MaxNewSize                               = 2550136832                                {product} {ergonomic}
   size_t MinHeapDeltaBytes                        = 2097152                                   {product} {ergonomic}
   size_t MinHeapSize                              = 8388608                                   {product} {ergonomic}
    uintx NonNMethodCodeHeapSize                   = 7602480                                {pd product} {ergonomic}
    uintx NonProfiledCodeHeapSize                  = 122027880                              {pd product} {ergonomic}
    uintx ProfiledCodeHeapSize                     = 122027880                              {pd product} {ergonomic}
    uintx ReservedCodeCacheSize                    = 251658240                              {pd product} {ergonomic}
     bool SegmentedCodeCache                       = true                                      {product} {ergonomic}
   size_t SoftMaxHeapSize                          = 4253024256                             {manageable} {ergonomic}
     bool UseCompressedClassPointers               = true                           {product lp64_product} {ergonomic}
     bool UseCompressedOops                        = true                           {product lp64_product} {ergonomic}
     bool UseG1GC                                  = true                                      {product} {ergonomic}
     bool UseLargePagesIndividualAllocation        = false                                  {pd product} {ergonomic}

Logging:
Log output configuration:
 #0: stdout all=warning uptime,level,tags
 #1: stderr all=off uptime,level,tags

Environment Variables:
PATH=C:\Program Files (x86)\Razer\ChromaBroadcast\bin;C:\Program Files\Razer\ChromaBroadcast\bin;C:\Program Files\Common Files\Oracle\Java\javapath;C:\Program Files (x86)\Common Files\Oracle\Java\javapath;C:\Python39\Scripts\;C:\Python39\;C:\Windows\system32;C:\Windows;C:\Windows\System32\Wbem;C:\Windows\System32\WindowsPowerShell\v1.0\;C:\Windows\System32\OpenSSH\;C:\Program Files\nodejs\;C:\ProgramData\chocolatey\bin;C:\Program Files\Microsoft VS Code\bin;C:\Program Files\dotnet\;C:\Program Files\Microsoft SQL Server\130\Tools\Binn\;C:\Program Files\Microsoft SQL Server\Client SDK\ODBC\170\Tools\Binn\;C:\Program Files (x86)\NVIDIA Corporation\PhysX\Common;C:\Program Files\NVIDIA Corporation\NVIDIA NvDLISR;C:\WINDOWS\system32;C:\WINDOWS;C:\WINDOWS\System32\Wbem;C:\WINDOWS\System32\WindowsPowerShell\v1.0\;C:\WINDOWS\System32\OpenSSH\;C:\Program Files\Git\cmd;C:\WINDOWS\system32\config\systemprofile\AppData\Local\Microsoft\WindowsApps;C:\Users\simon_k33m7ql\AppData\Local\Microsoft\WindowsApps;C:\Users\simon_k33m7ql\AppData\Local\gitkraken\bin;F:\Program Files (x86)\IntelliJ IDEA 2021.3.1\bin;
USERNAME=simon_k33m7ql
OS=Windows_NT
PROCESSOR_IDENTIFIER=Intel64 Family 6 Model 167 Stepping 1, GenuineIntel



---------------  S Y S T E M  ---------------

OS:
 Windows 10 , 64 bit Build 22000 (10.0.22000.434)
OS uptime: 3 days 1:19 hours
Hyper-V role detected

CPU: total 16 (initial active 16) (8 cores per cpu, 2 threads per core) family 6 model 167 stepping 1 microcode 0x40, cx8, cmov, fxsr, ht, mmx, 3dnowpref, sse, sse2, sse3, ssse3, sse4.1, sse4.2, popcnt, lzcnt, tsc, tscinvbit, avx, avx2, aes, erms, clmul, bmi1, bmi2, adx, avx512f, avx512dq, avx512cd, avx512bw, avx512vl, sha, fma, vzeroupper, avx512_vpopcntdq, avx512_vpclmulqdq, avx512_vaes, avx512_vnni, clflush, clflushopt, avx512_vbmi2, avx512_vbmi, hv

Memory: 4k page, system-wide physical 16221M (4383M free)
TotalPageFile size 35677M (AvailPageFile size 15411M)
current process WorkingSet (physical memory assigned to process): 180M, peak: 180M
current process commit charge ("private bytes"): 467M, peak: 467M

vm_info: OpenJDK 64-Bit Server VM (17.0.1+12-39) for windows-amd64 JRE (17.0.1+12-39), built on Sep 27 2021 18:39:29 by "mach5one" with MS VC++ 16.8 (VS2019)

END.
