#
# A fatal error has been detected by the Java Runtime Environment:
#
#  EXCEPTION_ACCESS_VIOLATION (0xc0000005) at pc=0x00007ffa26169d3a, pid=35632, tid=34560
#
# JRE version: OpenJDK Runtime Environment (17.0.1+12) (build 17.0.1+12-39)
# Java VM: OpenJDK 64-Bit Server VM (17.0.1+12-39, mixed mode, sharing, tiered, compressed oops, compressed class ptrs, g1 gc, windows-amd64)
# Problematic frame:
# C  [skiko-windows-x64.dll+0x79d3a]
#
# No core dump will be written. Minidumps are not enabled by default on client versions of Windows
#
# If you would like to submit a bug report, please visit:
#   https://bugreport.java.com/bugreport/crash.jsp
# The crash happened outside the Java Virtual Machine in native code.
# See problematic frame for where to report the bug.
#

---------------  S U M M A R Y ------------

Command Line: -agentlib:jdwp=transport=dt_socket,address=127.0.0.1:53895,suspend=y,server=n -javaagent:C:/Users/simon_k33m7ql/.gradle/caches/modules-2/files-2.1/org.jetbrains.kotlinx/kotlinx-coroutines-core-jvm/1.5.0/d8cebccdcddd029022aa8646a5a953ff88b13ac8/kotlinx-coroutines-core-jvm-1.5.0.jar -javaagent:C:\Users\simon_k33m7ql\AppData\Local\JetBrains\IntelliJIdea2021.3\captureAgent\debugger-agent.jar -Dfile.encoding=UTF-8 MainKt

Host: 11th Gen Intel(R) Core(TM) i7-11700F @ 2.50GHz, 16 cores, 15G,  Windows 10 , 64 bit Build 22000 (10.0.22000.434)
Time: Mon Jan 17 10:51:45 2022 Romance Standard Time elapsed time: 155.483059 seconds (0d 0h 2m 35s)

---------------  T H R E A D  ---------------

Current thread (0x0000021ba0718180):  JavaThread "AWT-EventQueue-0" [_thread_in_native, id=34560, stack(0x00000054f8000000,0x00000054f8100000)]

Stack: [0x00000054f8000000,0x00000054f8100000],  sp=0x00000054f80fe820,  free space=1018k
Native frames: (J=compiled Java code, j=interpreted, Vv=VM code, C=native code)
C  [skiko-windows-x64.dll+0x79d3a]

Java frames: (J=compiled Java code, j=interpreted, Vv=VM code)
j  org.jetbrains.skiko.redrawer.Direct3DRedrawer.getBufferIndex(J)I+0
j  org.jetbrains.skiko.context.Direct3DContextHandler.initCanvas()V+257
j  org.jetbrains.skiko.SkiaLayer.prepareDrawContext$skiko()Z+92
j  org.jetbrains.skiko.redrawer.Direct3DRedrawer.draw(Lkotlin/coroutines/Continuation;)Ljava/lang/Object;+4
j  org.jetbrains.skiko.redrawer.Direct3DRedrawer.access$draw(Lorg/jetbrains/skiko/redrawer/Direct3DRedrawer;Lkotlin/coroutines/Continuation;)Ljava/lang/Object;+2
j  org.jetbrains.skiko.redrawer.Direct3DRedrawer$frameDispatcher$1.invokeSuspend(Ljava/lang/Object;)Ljava/lang/Object;+59
j  org.jetbrains.skiko.redrawer.Direct3DRedrawer$frameDispatcher$1.invoke(Lkotlin/coroutines/Continuation;)Ljava/lang/Object;+11
j  org.jetbrains.skiko.redrawer.Direct3DRedrawer$frameDispatcher$1.invoke(Ljava/lang/Object;)Ljava/lang/Object;+5
j  org.jetbrains.skiko.FrameDispatcher$job$1.invokeSuspend(Ljava/lang/Object;)Ljava/lang/Object;+100
j  kotlin.coroutines.jvm.internal.BaseContinuationImpl.resumeWith(Ljava/lang/Object;)V+46
j  kotlinx.coroutines.DispatchedTask.run()V+350
j  java.awt.event.InvocationEvent.dispatch$$$capture()V+47 java.desktop@17.0.1
j  java.awt.event.InvocationEvent.dispatch()V+5 java.desktop@17.0.1
j  java.awt.EventQueue.dispatchEventImpl(Ljava/awt/AWTEvent;Ljava/lang/Object;)V+21 java.desktop@17.0.1
j  java.awt.EventQueue$4.run()Ljava/lang/Void;+32 java.desktop@17.0.1
j  java.awt.EventQueue$4.run()Ljava/lang/Object;+1 java.desktop@17.0.1
J 1237 c1 java.security.AccessController.executePrivileged(Ljava/security/PrivilegedAction;Ljava/security/AccessControlContext;Ljava/lang/Class;)Ljava/lang/Object; java.base@17.0.1 (65 bytes) @ 0x0000021b880a394c [0x0000021b880a37e0+0x000000000000016c]
j  java.security.AccessController.doPrivileged(Ljava/security/PrivilegedAction;Ljava/security/AccessControlContext;)Ljava/lang/Object;+13 java.base@17.0.1
j  java.security.ProtectionDomain$JavaSecurityAccessImpl.doIntersectionPrivilege(Ljava/security/PrivilegedAction;Ljava/security/AccessControlContext;Ljava/security/AccessControlContext;)Ljava/lang/Object;+18 java.base@17.0.1
j  java.awt.EventQueue.dispatchEvent(Ljava/awt/AWTEvent;)V+46 java.desktop@17.0.1
j  java.awt.EventDispatchThread.pumpOneEventForFilters(I)V+78 java.desktop@17.0.1
j  java.awt.EventDispatchThread.pumpEventsForFilter(ILjava/awt/Conditional;Ljava/awt/EventFilter;)V+35 java.desktop@17.0.1
j  java.awt.EventDispatchThread.pumpEventsForHierarchy(ILjava/awt/Conditional;Ljava/awt/Component;)V+11 java.desktop@17.0.1
j  java.awt.EventDispatchThread.pumpEvents(ILjava/awt/Conditional;)V+4 java.desktop@17.0.1
j  java.awt.EventDispatchThread.pumpEvents(Ljava/awt/Conditional;)V+3 java.desktop@17.0.1
j  java.awt.EventDispatchThread.run()V+9 java.desktop@17.0.1
v  ~StubRoutines::call_stub

siginfo: EXCEPTION_ACCESS_VIOLATION (0xc0000005), reading address 0x0000000000000000


Register to memory mapping:

RIP=0x00007ffa26169d3a skiko-windows-x64.dll
RAX=0x0 is NULL
RBX=0x0000021ba0395bd0 points into unknown readable memory: 0x00000000026609d4 | d4 09 66 02 00 00 00 00
RCX=0x0 is NULL
RDX=0x00000054f80fe910 is pointing into the stack for thread: 0x0000021ba0718180
RSP=0x00000054f80fe820 is pointing into the stack for thread: 0x0000021ba0718180
RBP=0x00000054f80fe8e0 is pointing into the stack for thread: 0x0000021ba0718180
RSI=0x0000021ba90c9008 is pointing into metadata
RDI=0x0 is NULL
R8 =0x0000021ba0395bd0 points into unknown readable memory: 0x00000000026609d4 | d4 09 66 02 00 00 00 00
R9 =0x0000000000000004 is an unknown value
R10=0x0000021b87731337 is at code_begin+1911 in an Interpreter codelet
method entry point (kind = native)  [0x0000021b87730bc0, 0x0000021b87731ce0]  4384 bytes
R11=0x0000000000000111 is an unknown value
R12=0x0 is NULL
R13={method} {0x0000021ba8ecab70} 'getBufferIndex' '(J)I' in 'org/jetbrains/skiko/redrawer/Direct3DRedrawer'
R14=0x00000054f80fe910 is pointing into the stack for thread: 0x0000021ba0718180
R15=0x0000021ba0718180 is a thread


Registers:
RAX=0x0000000000000000, RBX=0x0000021ba0395bd0, RCX=0x0000000000000000, RDX=0x00000054f80fe910
RSP=0x00000054f80fe820, RBP=0x00000054f80fe8e0, RSI=0x0000021ba90c9008, RDI=0x0000000000000000
R8 =0x0000021ba0395bd0, R9 =0x0000000000000004, R10=0x0000021b87731337, R11=0x0000000000000111
R12=0x0000000000000000, R13=0x0000021ba8ecab68, R14=0x00000054f80fe910, R15=0x0000021ba0718180
RIP=0x00007ffa26169d3a, EFLAGS=0x0000000000010202

Top of Stack: (sp=0x00000054f80fe820)
0x00000054f80fe820:   0000000000000110 0000021b87731049
0x00000054f80fe830:   0000021ba8ecab68 0000021ba8ecab68
0x00000054f80fe840:   0000021ba0718180 000000071232a770
0x00000054f80fe850:   0000000000000110 0000021b87731366
0x00000054f80fe860:   0000021ba8ecab68 0000021b87730cd2
0x00000054f80fe870:   0000021ba8ecab68 0000021ba90c9008
0x00000054f80fe880:   0000021ba8e5c7c0 0000000000000000
0x00000054f80fe890:   0000021b87730c76 00000054f80fe898
0x00000054f80fe8a0:   0000021ba8ecab68 00000054f80fe910
0x00000054f80fe8b0:   0000021ba8ecb3c0 0000000000000000
0x00000054f80fe8c0:   000000071232a630 0000021ba8ecab68
0x00000054f80fe8d0:   0000000000000000 00000054f80fe900
0x00000054f80fe8e0:   00000054f80fe970 0000021b8772a322
0x00000054f80fe8f0:   0000000000000000 0000021b8772d4f6
0x00000054f80fe900:   0000021ba0395bd0 0000000000000000
0x00000054f80fe910:   000000071232a770 0000000712319970 

Instructions: (pc=0x00007ffa26169d3a)
0x00007ffa26169c3a:   02 00 00 00 48 8b c1 48 81 fa 00 10 00 00 72 15
0x00007ffa26169c4a:   48 8b 49 f8 48 83 c2 27 48 2b c1 48 83 c0 f8 48
0x00007ffa26169c5a:   83 f8 1f 77 2f e8 6d 46 fa ff 48 8b c3 48 8b 8d
0x00007ffa26169c6a:   a0 00 00 00 48 33 cc e8 f5 84 f9 ff 4c 8d 9c 24
0x00007ffa26169c7a:   b0 01 00 00 49 8b 5b 28 49 8b 73 38 49 8b e3 41
0x00007ffa26169c8a:   5e 5f 5d c3 e8 c4 2a f9 ff cc cc cc cc cc cc cc
0x00007ffa26169c9a:   cc cc cc cc cc cc cc cc cc cc cc cc cc cc cc cc
0x00007ffa26169caa:   cc cc cc cc cc cc cc cc cc cc cc cc cc cc cc cc
0x00007ffa26169cba:   cc cc cc cc cc cc cc cc cc cc cc cc cc cc cc cc
0x00007ffa26169cca:   cc cc cc cc cc cc cc cc cc cc cc cc cc cc cc cc
0x00007ffa26169cda:   cc cc cc cc cc cc cc cc cc cc cc cc cc cc cc cc
0x00007ffa26169cea:   cc cc cc cc cc cc cc cc cc cc cc cc cc cc cc cc
0x00007ffa26169cfa:   cc cc cc cc cc cc cc cc cc cc cc cc cc cc cc cc
0x00007ffa26169d0a:   cc cc cc cc cc cc cc cc cc cc cc cc cc cc cc cc
0x00007ffa26169d1a:   cc cc cc cc cc cc 48 89 5c 24 08 57 48 83 ec 30
0x00007ffa26169d2a:   41 8b 40 78 49 8b d8 49 8b 48 38 49 8b 7c c0 60
0x00007ffa26169d3a:   48 8b 01 ff 90 20 01 00 00 48 8b 4b 58 89 43 78
0x00007ffa26169d4a:   48 8b 01 ff 50 40 48 3b c7 73 27 48 8b 4b 58 48
0x00007ffa26169d5a:   8b d7 4c 8b 43 70 48 8b 01 ff 50 48 85 c0 78 2c
0x00007ffa26169d6a:   48 8b 4b 70 45 33 c0 ba ff ff ff ff ff 15 0c 94
0x00007ffa26169d7a:   e6 00 8b 43 78 48 8d 4f 01 48 89 4c c3 60 8b 43
0x00007ffa26169d8a:   78 48 8b 5c 24 40 48 83 c4 30 5f c3 8b d0 48 8d
0x00007ffa26169d9a:   0d a9 dd b6 00 e8 96 b8 fa ff 41 b8 01 00 00 00
0x00007ffa26169daa:   48 8d 15 c3 dd b6 00 48 8d 4c 24 20 e8 57 3c f9
0x00007ffa26169dba:   ff 48 8d 15 76 c3 da 00 48 8d 4c 24 20 e8 49 e7
0x00007ffa26169dca:   fa ff cc cc cc cc cc cc cc cc cc cc cc cc cc cc
0x00007ffa26169dda:   cc cc cc cc cc cc cc cc cc cc cc cc cc cc cc cc
0x00007ffa26169dea:   cc cc cc cc cc cc cc cc cc cc cc cc cc cc cc cc
0x00007ffa26169dfa:   cc cc cc cc cc cc 40 53 48 83 ec 40 49 c7 40 60
0x00007ffa26169e0a:   10 27 00 00 49 8d 40 58 49 c7 40 68 10 27 00 00
0x00007ffa26169e1a:   4c 8d 0d 5f dd b6 00 49 8b 48 30 49 8b d8 45 33
0x00007ffa26169e2a:   c0 48 89 44 24 20 ba 10 27 00 00 4c 8b 11 41 ff 


Stack slot to memory mapping:
stack at sp + 0 slots: 0x0000000000000110 is an unknown value
stack at sp + 1 slots: 0x0000021b87731049 is at code_begin+1161 in an Interpreter codelet
method entry point (kind = native)  [0x0000021b87730bc0, 0x0000021b87731ce0]  4384 bytes
stack at sp + 2 slots: {method} {0x0000021ba8ecab70} 'getBufferIndex' '(J)I' in 'org/jetbrains/skiko/redrawer/Direct3DRedrawer'
stack at sp + 3 slots: {method} {0x0000021ba8ecab70} 'getBufferIndex' '(J)I' in 'org/jetbrains/skiko/redrawer/Direct3DRedrawer'
stack at sp + 4 slots: 0x0000021ba0718180 is a thread
stack at sp + 5 slots: 0x000000071232a770 is an oop: org.jetbrains.skiko.redrawer.Direct3DRedrawer 
{0x000000071232a770} - klass: 'org/jetbrains/skiko/redrawer/Direct3DRedrawer'
 - ---- fields (total size 4 words):
 - private 'isDisposed' 'Z' @12  false
 - private final 'layer' 'Lorg/jetbrains/skiko/SkiaLayer;' @16  a 'androidx/compose/ui/awt/ComposeLayer$Wrapped'{0x00000007100317c0} (e20062f8)
 - private final 'properties' 'Lorg/jetbrains/skiko/SkiaLayerProperties;' @20  a 'org/jetbrains/skiko/SkiaLayerProperties'{0x0000000710035828} (e2006b05)
 - private 'disposeLock' 'Ljava/lang/Object;' @24  a 'java/lang/Object'{0x000000071232a790} (e24654f2)
 - private final 'frameDispatcher' 'Lorg/jetbrains/skiko/FrameDispatcher;' @28  a 'org/jetbrains/skiko/FrameDispatcher'{0x0000000712337820} (e2466f04)
stack at sp + 6 slots: 0x0000000000000110 is an unknown value
stack at sp + 7 slots: 0x0000021b87731366 is at code_begin+1958 in an Interpreter codelet
method entry point (kind = native)  [0x0000021b87730bc0, 0x0000021b87731ce0]  4384 bytes


---------------  P R O C E S S  ---------------

Threads class SMR info:
_java_thread_list=0x0000021ba1069c30, length=23, elements={
0x0000021bfbafb590, 0x0000021b9f3a7eb0, 0x0000021b9f3a8a60, 0x0000021b9fd0b6c0,
0x0000021b9fd0c070, 0x0000021b9fd0ca20, 0x0000021b9fd107f0, 0x0000021b9fd11580,
0x0000021b9fd12020, 0x0000021b9fd1df20, 0x0000021b9f38b030, 0x0000021b9ff8c530,
0x0000021b9ff8f1f0, 0x0000021b9ff8f6e0, 0x0000021ba01aea30, 0x0000021ba020cb20,
0x0000021ba064c2d0, 0x0000021ba064c7a0, 0x0000021ba064d080, 0x0000021ba0718180,
0x0000021ba07aed20, 0x0000021ba07b0530, 0x0000021ba07ad040
}

Java Threads: ( => current thread )
  0x0000021bfbafb590 JavaThread "main" [_thread_blocked, id=19024, stack(0x00000054f6200000,0x00000054f6300000)]
  0x0000021b9f3a7eb0 JavaThread "Reference Handler" daemon [_thread_blocked, id=32432, stack(0x00000054f6900000,0x00000054f6a00000)]
  0x0000021b9f3a8a60 JavaThread "Finalizer" daemon [_thread_blocked, id=24736, stack(0x00000054f6a00000,0x00000054f6b00000)]
  0x0000021b9fd0b6c0 JavaThread "Signal Dispatcher" daemon [_thread_blocked, id=38924, stack(0x00000054f6b00000,0x00000054f6c00000)]
  0x0000021b9fd0c070 JavaThread "Attach Listener" daemon [_thread_blocked, id=28928, stack(0x00000054f6c00000,0x00000054f6d00000)]
  0x0000021b9fd0ca20 JavaThread "Service Thread" daemon [_thread_blocked, id=42676, stack(0x00000054f6d00000,0x00000054f6e00000)]
  0x0000021b9fd107f0 JavaThread "Monitor Deflation Thread" daemon [_thread_blocked, id=38960, stack(0x00000054f6e00000,0x00000054f6f00000)]
  0x0000021b9fd11580 JavaThread "C2 CompilerThread0" daemon [_thread_blocked, id=3332, stack(0x00000054f6f00000,0x00000054f7000000)]
  0x0000021b9fd12020 JavaThread "C1 CompilerThread0" daemon [_thread_blocked, id=39920, stack(0x00000054f7000000,0x00000054f7100000)]
  0x0000021b9fd1df20 JavaThread "Sweeper thread" daemon [_thread_blocked, id=29720, stack(0x00000054f7100000,0x00000054f7200000)]
  0x0000021b9f38b030 JavaThread "Common-Cleaner" daemon [_thread_blocked, id=27900, stack(0x00000054f7200000,0x00000054f7300000)]
  0x0000021b9ff8c530 JavaThread "JDWP Transport Listener: dt_socket" daemon [_thread_blocked, id=39512, stack(0x00000054f7700000,0x00000054f7800000)]
  0x0000021b9ff8f1f0 JavaThread "JDWP Event Helper Thread" daemon [_thread_blocked, id=36044, stack(0x00000054f7800000,0x00000054f7900000)]
  0x0000021b9ff8f6e0 JavaThread "JDWP Command Reader" daemon [_thread_in_native, id=37956, stack(0x00000054f7900000,0x00000054f7a00000)]
  0x0000021ba01aea30 JavaThread "Coroutines Debugger Cleaner" daemon [_thread_blocked, id=42996, stack(0x00000054f7a00000,0x00000054f7b00000)]
  0x0000021ba020cb20 JavaThread "Notification Thread" daemon [_thread_blocked, id=18108, stack(0x00000054f7b00000,0x00000054f7c00000)]
  0x0000021ba064c2d0 JavaThread "Java2D Disposer" daemon [_thread_blocked, id=36984, stack(0x00000054f7d00000,0x00000054f7e00000)]
  0x0000021ba064c7a0 JavaThread "AWT-Shutdown" [_thread_blocked, id=14780, stack(0x00000054f7e00000,0x00000054f7f00000)]
  0x0000021ba064d080 JavaThread "AWT-Windows" daemon [_thread_in_native, id=20032, stack(0x00000054f7f00000,0x00000054f8000000)]
=>0x0000021ba0718180 JavaThread "AWT-EventQueue-0" [_thread_in_native, id=34560, stack(0x00000054f8000000,0x00000054f8100000)]
  0x0000021ba07aed20 JavaThread "Cleaner-0" daemon [_thread_blocked, id=11568, stack(0x00000054f7600000,0x00000054f7700000)]
  0x0000021ba07b0530 JavaThread "Thread-1" [_thread_blocked, id=20432, stack(0x00000054f7400000,0x00000054f7500000)]
  0x0000021ba07ad040 JavaThread "Thread-2" [_thread_in_native, id=42792, stack(0x00000054f7500000,0x00000054f7600000)]

Other Threads:
  0x0000021b9f3a1400 VMThread "VM Thread" [stack: 0x00000054f6800000,0x00000054f6900000] [id=12364]
  0x0000021ba0161fa0 WatcherThread [stack: 0x00000054f7c00000,0x00000054f7d00000] [id=40892]
  0x0000021bfbb20500 GCTaskThread "GC Thread#0" [stack: 0x00000054f6300000,0x00000054f6400000] [id=14864]
  0x0000021ba07e1460 GCTaskThread "GC Thread#1" [stack: 0x00000054f8100000,0x00000054f8200000] [id=18236]
  0x0000021ba07e1710 GCTaskThread "GC Thread#2" [stack: 0x00000054f8200000,0x00000054f8300000] [id=2944]
  0x0000021ba07e19c0 GCTaskThread "GC Thread#3" [stack: 0x00000054f8300000,0x00000054f8400000] [id=25576]
  0x0000021ba077da30 GCTaskThread "GC Thread#4" [stack: 0x00000054f8400000,0x00000054f8500000] [id=14748]
  0x0000021ba077dce0 GCTaskThread "GC Thread#5" [stack: 0x00000054f8500000,0x00000054f8600000] [id=3752]
  0x0000021ba0782c20 GCTaskThread "GC Thread#6" [stack: 0x00000054f8600000,0x00000054f8700000] [id=42284]
  0x0000021ba0782ed0 GCTaskThread "GC Thread#7" [stack: 0x00000054f8700000,0x00000054f8800000] [id=40036]
  0x0000021ba0783180 GCTaskThread "GC Thread#8" [stack: 0x00000054f8800000,0x00000054f8900000] [id=41372]
  0x0000021ba0783840 GCTaskThread "GC Thread#9" [stack: 0x00000054f8900000,0x00000054f8a00000] [id=19800]
  0x0000021ba0783af0 GCTaskThread "GC Thread#10" [stack: 0x00000054f8a00000,0x00000054f8b00000] [id=39488]
  0x0000021ba0783da0 GCTaskThread "GC Thread#11" [stack: 0x00000054f8b00000,0x00000054f8c00000] [id=21820]
  0x0000021ba0785370 GCTaskThread "GC Thread#12" [stack: 0x00000054f8c00000,0x00000054f8d00000] [id=39208]
  0x0000021bfbb6d790 ConcurrentGCThread "G1 Main Marker" [stack: 0x00000054f6400000,0x00000054f6500000] [id=34952]
  0x0000021bfbb6e1a0 ConcurrentGCThread "G1 Conc#0" [stack: 0x00000054f6500000,0x00000054f6600000] [id=42256]
  0x0000021b9f2591e0 ConcurrentGCThread "G1 Refine#0" [stack: 0x00000054f6600000,0x00000054f6700000] [id=42432]
  0x0000021b9f259c00 ConcurrentGCThread "G1 Service" [stack: 0x00000054f6700000,0x00000054f6800000] [id=37724]

Threads with active compile tasks:

VM state: not at safepoint (normal execution)

VM Mutex/Monitor currently owned by a thread: None

Heap address: 0x0000000702800000, size: 4056 MB, Compressed Oops mode: Zero based, Oop shift amount: 3

CDS archive(s) mapped at: [0x0000000800000000-0x0000000800bc0000-0x0000000800bc0000), size 12320768, SharedBaseAddress: 0x0000000800000000, ArchiveRelocationMode: 0.
Compressed class space mapped at: 0x0000000800c00000-0x0000000840c00000, reserved size: 1073741824
Narrow klass base: 0x0000000800000000, Narrow klass shift: 0, Narrow klass range: 0x100000000

GC Precious Log:
 CPUs: 16 total, 16 available
 Memory: 16221M
 Large Page Support: Disabled
 NUMA Support: Disabled
 Compressed Oops: Enabled (Zero based)
 Heap Region Size: 2M
 Heap Min Capacity: 8M
 Heap Initial Capacity: 254M
 Heap Max Capacity: 4056M
 Pre-touch: Disabled
 Parallel Workers: 13
 Concurrent Workers: 3
 Concurrent Refinement Workers: 13
 Periodic GC: Disabled

Heap:
 garbage-first heap   total 260096K, used 25202K [0x0000000702800000, 0x0000000800000000)
  region size 2048K, 12 young (24576K), 1 survivors (2048K)
 Metaspace       used 15914K, committed 16128K, reserved 1064960K
  class space    used 1709K, committed 1792K, reserved 1048576K

Heap Regions: E=young(eden), S=young(survivor), O=old, HS=humongous(starts), HC=humongous(continues), CS=collection set, F=free, OA=open archive, CA=closed archive, TAMS=top-at-mark-start (previous, next)
|   0|0x0000000702800000, 0x0000000702a00000, 0x0000000702a00000|100%| O|  |TAMS 0x0000000702800000, 0x0000000702800000| Untracked 
|   1|0x0000000702a00000, 0x0000000702b31e00, 0x0000000702c00000| 59%| O|  |TAMS 0x0000000702a00000, 0x0000000702a00000| Untracked 
|   2|0x0000000702c00000, 0x0000000702c00000, 0x0000000702e00000|  0%| F|  |TAMS 0x0000000702c00000, 0x0000000702c00000| Untracked 
|   3|0x0000000702e00000, 0x0000000702e00000, 0x0000000703000000|  0%| F|  |TAMS 0x0000000702e00000, 0x0000000702e00000| Untracked 
|   4|0x0000000703000000, 0x0000000703000000, 0x0000000703200000|  0%| F|  |TAMS 0x0000000703000000, 0x0000000703000000| Untracked 
|   5|0x0000000703200000, 0x0000000703200000, 0x0000000703400000|  0%| F|  |TAMS 0x0000000703200000, 0x0000000703200000| Untracked 
|   6|0x0000000703400000, 0x0000000703400000, 0x0000000703600000|  0%| F|  |TAMS 0x0000000703400000, 0x0000000703400000| Untracked 
|   7|0x0000000703600000, 0x0000000703600000, 0x0000000703800000|  0%| F|  |TAMS 0x0000000703600000, 0x0000000703600000| Untracked 
|   8|0x0000000703800000, 0x0000000703800000, 0x0000000703a00000|  0%| F|  |TAMS 0x0000000703800000, 0x0000000703800000| Untracked 
|   9|0x0000000703a00000, 0x0000000703a00000, 0x0000000703c00000|  0%| F|  |TAMS 0x0000000703a00000, 0x0000000703a00000| Untracked 
|  10|0x0000000703c00000, 0x0000000703c00000, 0x0000000703e00000|  0%| F|  |TAMS 0x0000000703c00000, 0x0000000703c00000| Untracked 
|  11|0x0000000703e00000, 0x0000000703e00000, 0x0000000704000000|  0%| F|  |TAMS 0x0000000703e00000, 0x0000000703e00000| Untracked 
|  12|0x0000000704000000, 0x0000000704000000, 0x0000000704200000|  0%| F|  |TAMS 0x0000000704000000, 0x0000000704000000| Untracked 
|  13|0x0000000704200000, 0x0000000704200000, 0x0000000704400000|  0%| F|  |TAMS 0x0000000704200000, 0x0000000704200000| Untracked 
|  14|0x0000000704400000, 0x0000000704400000, 0x0000000704600000|  0%| F|  |TAMS 0x0000000704400000, 0x0000000704400000| Untracked 
|  15|0x0000000704600000, 0x0000000704600000, 0x0000000704800000|  0%| F|  |TAMS 0x0000000704600000, 0x0000000704600000| Untracked 
|  16|0x0000000704800000, 0x0000000704800000, 0x0000000704a00000|  0%| F|  |TAMS 0x0000000704800000, 0x0000000704800000| Untracked 
|  17|0x0000000704a00000, 0x0000000704a00000, 0x0000000704c00000|  0%| F|  |TAMS 0x0000000704a00000, 0x0000000704a00000| Untracked 
|  18|0x0000000704c00000, 0x0000000704c00000, 0x0000000704e00000|  0%| F|  |TAMS 0x0000000704c00000, 0x0000000704c00000| Untracked 
|  19|0x0000000704e00000, 0x0000000704e00000, 0x0000000705000000|  0%| F|  |TAMS 0x0000000704e00000, 0x0000000704e00000| Untracked 
|  20|0x0000000705000000, 0x0000000705000000, 0x0000000705200000|  0%| F|  |TAMS 0x0000000705000000, 0x0000000705000000| Untracked 
|  21|0x0000000705200000, 0x0000000705200000, 0x0000000705400000|  0%| F|  |TAMS 0x0000000705200000, 0x0000000705200000| Untracked 
|  22|0x0000000705400000, 0x0000000705400000, 0x0000000705600000|  0%| F|  |TAMS 0x0000000705400000, 0x0000000705400000| Untracked 
|  23|0x0000000705600000, 0x0000000705600000, 0x0000000705800000|  0%| F|  |TAMS 0x0000000705600000, 0x0000000705600000| Untracked 
|  24|0x0000000705800000, 0x0000000705800000, 0x0000000705a00000|  0%| F|  |TAMS 0x0000000705800000, 0x0000000705800000| Untracked 
|  25|0x0000000705a00000, 0x0000000705a00000, 0x0000000705c00000|  0%| F|  |TAMS 0x0000000705a00000, 0x0000000705a00000| Untracked 
|  26|0x0000000705c00000, 0x0000000705c00000, 0x0000000705e00000|  0%| F|  |TAMS 0x0000000705c00000, 0x0000000705c00000| Untracked 
|  27|0x0000000705e00000, 0x0000000705e00000, 0x0000000706000000|  0%| F|  |TAMS 0x0000000705e00000, 0x0000000705e00000| Untracked 
|  28|0x0000000706000000, 0x0000000706000000, 0x0000000706200000|  0%| F|  |TAMS 0x0000000706000000, 0x0000000706000000| Untracked 
|  29|0x0000000706200000, 0x0000000706200000, 0x0000000706400000|  0%| F|  |TAMS 0x0000000706200000, 0x0000000706200000| Untracked 
|  30|0x0000000706400000, 0x0000000706400000, 0x0000000706600000|  0%| F|  |TAMS 0x0000000706400000, 0x0000000706400000| Untracked 
|  31|0x0000000706600000, 0x0000000706600000, 0x0000000706800000|  0%| F|  |TAMS 0x0000000706600000, 0x0000000706600000| Untracked 
|  32|0x0000000706800000, 0x0000000706800000, 0x0000000706a00000|  0%| F|  |TAMS 0x0000000706800000, 0x0000000706800000| Untracked 
|  33|0x0000000706a00000, 0x0000000706a00000, 0x0000000706c00000|  0%| F|  |TAMS 0x0000000706a00000, 0x0000000706a00000| Untracked 
|  34|0x0000000706c00000, 0x0000000706c00000, 0x0000000706e00000|  0%| F|  |TAMS 0x0000000706c00000, 0x0000000706c00000| Untracked 
|  35|0x0000000706e00000, 0x0000000706e00000, 0x0000000707000000|  0%| F|  |TAMS 0x0000000706e00000, 0x0000000706e00000| Untracked 
|  36|0x0000000707000000, 0x0000000707000000, 0x0000000707200000|  0%| F|  |TAMS 0x0000000707000000, 0x0000000707000000| Untracked 
|  37|0x0000000707200000, 0x0000000707200000, 0x0000000707400000|  0%| F|  |TAMS 0x0000000707200000, 0x0000000707200000| Untracked 
|  38|0x0000000707400000, 0x0000000707400000, 0x0000000707600000|  0%| F|  |TAMS 0x0000000707400000, 0x0000000707400000| Untracked 
|  39|0x0000000707600000, 0x0000000707600000, 0x0000000707800000|  0%| F|  |TAMS 0x0000000707600000, 0x0000000707600000| Untracked 
|  40|0x0000000707800000, 0x0000000707800000, 0x0000000707a00000|  0%| F|  |TAMS 0x0000000707800000, 0x0000000707800000| Untracked 
|  41|0x0000000707a00000, 0x0000000707a00000, 0x0000000707c00000|  0%| F|  |TAMS 0x0000000707a00000, 0x0000000707a00000| Untracked 
|  42|0x0000000707c00000, 0x0000000707c00000, 0x0000000707e00000|  0%| F|  |TAMS 0x0000000707c00000, 0x0000000707c00000| Untracked 
|  43|0x0000000707e00000, 0x0000000707e00000, 0x0000000708000000|  0%| F|  |TAMS 0x0000000707e00000, 0x0000000707e00000| Untracked 
|  44|0x0000000708000000, 0x0000000708000000, 0x0000000708200000|  0%| F|  |TAMS 0x0000000708000000, 0x0000000708000000| Untracked 
|  45|0x0000000708200000, 0x0000000708200000, 0x0000000708400000|  0%| F|  |TAMS 0x0000000708200000, 0x0000000708200000| Untracked 
|  46|0x0000000708400000, 0x0000000708400000, 0x0000000708600000|  0%| F|  |TAMS 0x0000000708400000, 0x0000000708400000| Untracked 
|  47|0x0000000708600000, 0x0000000708600000, 0x0000000708800000|  0%| F|  |TAMS 0x0000000708600000, 0x0000000708600000| Untracked 
|  48|0x0000000708800000, 0x0000000708800000, 0x0000000708a00000|  0%| F|  |TAMS 0x0000000708800000, 0x0000000708800000| Untracked 
|  49|0x0000000708a00000, 0x0000000708a00000, 0x0000000708c00000|  0%| F|  |TAMS 0x0000000708a00000, 0x0000000708a00000| Untracked 
|  50|0x0000000708c00000, 0x0000000708c00000, 0x0000000708e00000|  0%| F|  |TAMS 0x0000000708c00000, 0x0000000708c00000| Untracked 
|  51|0x0000000708e00000, 0x0000000708e00000, 0x0000000709000000|  0%| F|  |TAMS 0x0000000708e00000, 0x0000000708e00000| Untracked 
|  52|0x0000000709000000, 0x0000000709000000, 0x0000000709200000|  0%| F|  |TAMS 0x0000000709000000, 0x0000000709000000| Untracked 
|  53|0x0000000709200000, 0x0000000709200000, 0x0000000709400000|  0%| F|  |TAMS 0x0000000709200000, 0x0000000709200000| Untracked 
|  54|0x0000000709400000, 0x0000000709400000, 0x0000000709600000|  0%| F|  |TAMS 0x0000000709400000, 0x0000000709400000| Untracked 
|  55|0x0000000709600000, 0x0000000709600000, 0x0000000709800000|  0%| F|  |TAMS 0x0000000709600000, 0x0000000709600000| Untracked 
|  56|0x0000000709800000, 0x0000000709800000, 0x0000000709a00000|  0%| F|  |TAMS 0x0000000709800000, 0x0000000709800000| Untracked 
|  57|0x0000000709a00000, 0x0000000709a00000, 0x0000000709c00000|  0%| F|  |TAMS 0x0000000709a00000, 0x0000000709a00000| Untracked 
|  58|0x0000000709c00000, 0x0000000709c00000, 0x0000000709e00000|  0%| F|  |TAMS 0x0000000709c00000, 0x0000000709c00000| Untracked 
|  59|0x0000000709e00000, 0x0000000709e00000, 0x000000070a000000|  0%| F|  |TAMS 0x0000000709e00000, 0x0000000709e00000| Untracked 
|  60|0x000000070a000000, 0x000000070a000000, 0x000000070a200000|  0%| F|  |TAMS 0x000000070a000000, 0x000000070a000000| Untracked 
|  61|0x000000070a200000, 0x000000070a200000, 0x000000070a400000|  0%| F|  |TAMS 0x000000070a200000, 0x000000070a200000| Untracked 
|  62|0x000000070a400000, 0x000000070a400000, 0x000000070a600000|  0%| F|  |TAMS 0x000000070a400000, 0x000000070a400000| Untracked 
|  63|0x000000070a600000, 0x000000070a600000, 0x000000070a800000|  0%| F|  |TAMS 0x000000070a600000, 0x000000070a600000| Untracked 
|  64|0x000000070a800000, 0x000000070a800000, 0x000000070aa00000|  0%| F|  |TAMS 0x000000070a800000, 0x000000070a800000| Untracked 
|  65|0x000000070aa00000, 0x000000070aa00000, 0x000000070ac00000|  0%| F|  |TAMS 0x000000070aa00000, 0x000000070aa00000| Untracked 
|  66|0x000000070ac00000, 0x000000070ac00000, 0x000000070ae00000|  0%| F|  |TAMS 0x000000070ac00000, 0x000000070ac00000| Untracked 
|  67|0x000000070ae00000, 0x000000070ae00000, 0x000000070b000000|  0%| F|  |TAMS 0x000000070ae00000, 0x000000070ae00000| Untracked 
|  68|0x000000070b000000, 0x000000070b000000, 0x000000070b200000|  0%| F|  |TAMS 0x000000070b000000, 0x000000070b000000| Untracked 
|  69|0x000000070b200000, 0x000000070b200000, 0x000000070b400000|  0%| F|  |TAMS 0x000000070b200000, 0x000000070b200000| Untracked 
|  70|0x000000070b400000, 0x000000070b400000, 0x000000070b600000|  0%| F|  |TAMS 0x000000070b400000, 0x000000070b400000| Untracked 
|  71|0x000000070b600000, 0x000000070b600000, 0x000000070b800000|  0%| F|  |TAMS 0x000000070b600000, 0x000000070b600000| Untracked 
|  72|0x000000070b800000, 0x000000070b800000, 0x000000070ba00000|  0%| F|  |TAMS 0x000000070b800000, 0x000000070b800000| Untracked 
|  73|0x000000070ba00000, 0x000000070ba00000, 0x000000070bc00000|  0%| F|  |TAMS 0x000000070ba00000, 0x000000070ba00000| Untracked 
|  74|0x000000070bc00000, 0x000000070bc00000, 0x000000070be00000|  0%| F|  |TAMS 0x000000070bc00000, 0x000000070bc00000| Untracked 
|  75|0x000000070be00000, 0x000000070be00000, 0x000000070c000000|  0%| F|  |TAMS 0x000000070be00000, 0x000000070be00000| Untracked 
|  76|0x000000070c000000, 0x000000070c000000, 0x000000070c200000|  0%| F|  |TAMS 0x000000070c000000, 0x000000070c000000| Untracked 
|  77|0x000000070c200000, 0x000000070c200000, 0x000000070c400000|  0%| F|  |TAMS 0x000000070c200000, 0x000000070c200000| Untracked 
|  78|0x000000070c400000, 0x000000070c400000, 0x000000070c600000|  0%| F|  |TAMS 0x000000070c400000, 0x000000070c400000| Untracked 
|  79|0x000000070c600000, 0x000000070c600000, 0x000000070c800000|  0%| F|  |TAMS 0x000000070c600000, 0x000000070c600000| Untracked 
|  80|0x000000070c800000, 0x000000070c800000, 0x000000070ca00000|  0%| F|  |TAMS 0x000000070c800000, 0x000000070c800000| Untracked 
|  81|0x000000070ca00000, 0x000000070ca00000, 0x000000070cc00000|  0%| F|  |TAMS 0x000000070ca00000, 0x000000070ca00000| Untracked 
|  82|0x000000070cc00000, 0x000000070cc00000, 0x000000070ce00000|  0%| F|  |TAMS 0x000000070cc00000, 0x000000070cc00000| Untracked 
|  83|0x000000070ce00000, 0x000000070ce00000, 0x000000070d000000|  0%| F|  |TAMS 0x000000070ce00000, 0x000000070ce00000| Untracked 
|  84|0x000000070d000000, 0x000000070d000000, 0x000000070d200000|  0%| F|  |TAMS 0x000000070d000000, 0x000000070d000000| Untracked 
|  85|0x000000070d200000, 0x000000070d200000, 0x000000070d400000|  0%| F|  |TAMS 0x000000070d200000, 0x000000070d200000| Untracked 
|  86|0x000000070d400000, 0x000000070d400000, 0x000000070d600000|  0%| F|  |TAMS 0x000000070d400000, 0x000000070d400000| Untracked 
|  87|0x000000070d600000, 0x000000070d600000, 0x000000070d800000|  0%| F|  |TAMS 0x000000070d600000, 0x000000070d600000| Untracked 
|  88|0x000000070d800000, 0x000000070d800000, 0x000000070da00000|  0%| F|  |TAMS 0x000000070d800000, 0x000000070d800000| Untracked 
|  89|0x000000070da00000, 0x000000070da00000, 0x000000070dc00000|  0%| F|  |TAMS 0x000000070da00000, 0x000000070da00000| Untracked 
|  90|0x000000070dc00000, 0x000000070dc00000, 0x000000070de00000|  0%| F|  |TAMS 0x000000070dc00000, 0x000000070dc00000| Untracked 
|  91|0x000000070de00000, 0x000000070de00000, 0x000000070e000000|  0%| F|  |TAMS 0x000000070de00000, 0x000000070de00000| Untracked 
|  92|0x000000070e000000, 0x000000070e000000, 0x000000070e200000|  0%| F|  |TAMS 0x000000070e000000, 0x000000070e000000| Untracked 
|  93|0x000000070e200000, 0x000000070e200000, 0x000000070e400000|  0%| F|  |TAMS 0x000000070e200000, 0x000000070e200000| Untracked 
|  94|0x000000070e400000, 0x000000070e400000, 0x000000070e600000|  0%| F|  |TAMS 0x000000070e400000, 0x000000070e400000| Untracked 
|  95|0x000000070e600000, 0x000000070e600000, 0x000000070e800000|  0%| F|  |TAMS 0x000000070e600000, 0x000000070e600000| Untracked 
|  96|0x000000070e800000, 0x000000070e800000, 0x000000070ea00000|  0%| F|  |TAMS 0x000000070e800000, 0x000000070e800000| Untracked 
|  97|0x000000070ea00000, 0x000000070ea00000, 0x000000070ec00000|  0%| F|  |TAMS 0x000000070ea00000, 0x000000070ea00000| Untracked 
|  98|0x000000070ec00000, 0x000000070ec00000, 0x000000070ee00000|  0%| F|  |TAMS 0x000000070ec00000, 0x000000070ec00000| Untracked 
|  99|0x000000070ee00000, 0x000000070ee00000, 0x000000070f000000|  0%| F|  |TAMS 0x000000070ee00000, 0x000000070ee00000| Untracked 
| 100|0x000000070f000000, 0x000000070f000000, 0x000000070f200000|  0%| F|  |TAMS 0x000000070f000000, 0x000000070f000000| Untracked 
| 101|0x000000070f200000, 0x000000070f200000, 0x000000070f400000|  0%| F|  |TAMS 0x000000070f200000, 0x000000070f200000| Untracked 
| 102|0x000000070f400000, 0x000000070f400000, 0x000000070f600000|  0%| F|  |TAMS 0x000000070f400000, 0x000000070f400000| Untracked 
| 103|0x000000070f600000, 0x000000070f600000, 0x000000070f800000|  0%| F|  |TAMS 0x000000070f600000, 0x000000070f600000| Untracked 
| 104|0x000000070f800000, 0x000000070f800000, 0x000000070fa00000|  0%| F|  |TAMS 0x000000070f800000, 0x000000070f800000| Untracked 
| 105|0x000000070fa00000, 0x000000070fa00000, 0x000000070fc00000|  0%| F|  |TAMS 0x000000070fa00000, 0x000000070fa00000| Untracked 
| 106|0x000000070fc00000, 0x000000070fc00000, 0x000000070fe00000|  0%| F|  |TAMS 0x000000070fc00000, 0x000000070fc00000| Untracked 
| 107|0x000000070fe00000, 0x000000070fe00000, 0x0000000710000000|  0%| F|  |TAMS 0x000000070fe00000, 0x000000070fe00000| Untracked 
| 108|0x0000000710000000, 0x000000071016ac70, 0x0000000710200000| 70%| S|CS|TAMS 0x0000000710000000, 0x0000000710000000| Complete 
| 109|0x0000000710200000, 0x0000000710200000, 0x0000000710400000|  0%| F|  |TAMS 0x0000000710200000, 0x0000000710200000| Untracked 
| 110|0x0000000710400000, 0x0000000710400000, 0x0000000710600000|  0%| F|  |TAMS 0x0000000710400000, 0x0000000710400000| Untracked 
| 111|0x0000000710600000, 0x0000000710600000, 0x0000000710800000|  0%| F|  |TAMS 0x0000000710600000, 0x0000000710600000| Untracked 
| 112|0x0000000710800000, 0x0000000710800000, 0x0000000710a00000|  0%| F|  |TAMS 0x0000000710800000, 0x0000000710800000| Untracked 
| 113|0x0000000710a00000, 0x0000000710a00000, 0x0000000710c00000|  0%| F|  |TAMS 0x0000000710a00000, 0x0000000710a00000| Untracked 
| 114|0x0000000710c00000, 0x0000000710c00000, 0x0000000710e00000|  0%| F|  |TAMS 0x0000000710c00000, 0x0000000710c00000| Untracked 
| 115|0x0000000710e00000, 0x0000000710e00000, 0x0000000711000000|  0%| F|  |TAMS 0x0000000710e00000, 0x0000000710e00000| Untracked 
| 116|0x0000000711000000, 0x0000000711200000, 0x0000000711200000|100%| E|  |TAMS 0x0000000711000000, 0x0000000711000000| Complete 
| 117|0x0000000711200000, 0x0000000711400000, 0x0000000711400000|100%| E|CS|TAMS 0x0000000711200000, 0x0000000711200000| Complete 
| 118|0x0000000711400000, 0x0000000711600000, 0x0000000711600000|100%| E|CS|TAMS 0x0000000711400000, 0x0000000711400000| Complete 
| 119|0x0000000711600000, 0x0000000711800000, 0x0000000711800000|100%| E|CS|TAMS 0x0000000711600000, 0x0000000711600000| Complete 
| 120|0x0000000711800000, 0x0000000711a00000, 0x0000000711a00000|100%| E|CS|TAMS 0x0000000711800000, 0x0000000711800000| Complete 
| 121|0x0000000711a00000, 0x0000000711c00000, 0x0000000711c00000|100%| E|CS|TAMS 0x0000000711a00000, 0x0000000711a00000| Complete 
| 122|0x0000000711c00000, 0x0000000711e00000, 0x0000000711e00000|100%| E|CS|TAMS 0x0000000711c00000, 0x0000000711c00000| Complete 
| 123|0x0000000711e00000, 0x0000000712000000, 0x0000000712000000|100%| E|CS|TAMS 0x0000000711e00000, 0x0000000711e00000| Complete 
| 124|0x0000000712000000, 0x0000000712200000, 0x0000000712200000|100%| E|CS|TAMS 0x0000000712000000, 0x0000000712000000| Complete 
| 125|0x0000000712200000, 0x0000000712400000, 0x0000000712400000|100%| E|CS|TAMS 0x0000000712200000, 0x0000000712200000| Complete 
| 126|0x0000000712400000, 0x0000000712600000, 0x0000000712600000|100%| E|CS|TAMS 0x0000000712400000, 0x0000000712400000| Complete 

Card table byte_map: [0x0000021bfcc60000,0x0000021bfd450000] _byte_map_base: 0x0000021bf944c000

Marking Bits (Prev, Next): (CMBitMap*) 0x0000021bfbb5d0e0, (CMBitMap*) 0x0000021bfbb5d120
 Prev Bits: [0x0000021b96720000, 0x0000021b9a680000)
 Next Bits: [0x0000021b9a680000, 0x0000021b9e5e0000)

Polling page: 0x0000021bf9b10000

Metaspace:

Usage:
  Non-class:     13.87 MB used.
      Class:      1.67 MB used.
       Both:     15.54 MB used.

Virtual space:
  Non-class space:       16.00 MB reserved,      14.00 MB ( 88%) committed,  2 nodes.
      Class space:        1.00 GB reserved,       1.75 MB ( <1%) committed,  1 nodes.
             Both:        1.02 GB reserved,      15.75 MB (  2%) committed. 

Chunk freelists:
   Non-Class:  1.92 MB
       Class:  2.25 MB
        Both:  4.17 MB

MaxMetaspaceSize: unlimited
CompressedClassSpaceSize: 1.00 GB
Initial GC threshold: 21.00 MB
Current GC threshold: 21.00 MB
CDS: on
MetaspaceReclaimPolicy: balanced
 - commit_granule_bytes: 65536.
 - commit_granule_words: 8192.
 - virtual_space_node_default_size: 1048576.
 - enlarge_chunks_in_place: 1.
 - new_chunks_are_fully_committed: 0.
 - uncommit_free_chunks: 1.
 - use_allocation_guard: 0.
 - handle_deallocations: 1.


Internal statistics:

num_allocs_failed_limit: 0.
num_arena_births: 148.
num_arena_deaths: 0.
num_vsnodes_births: 3.
num_vsnodes_deaths: 0.
num_space_committed: 252.
num_space_uncommitted: 0.
num_chunks_returned_to_freelist: 0.
num_chunks_taken_from_freelist: 468.
num_chunk_merges: 0.
num_chunk_splits: 362.
num_chunks_enlarged: 296.
num_purges: 0.
num_inconsistent_stats: 0.

CodeHeap 'non-profiled nmethods': size=119168Kb used=592Kb max_used=592Kb free=118575Kb
 bounds [0x0000021b8f2c0000, 0x0000021b8f530000, 0x0000021b96720000]
CodeHeap 'profiled nmethods': size=119104Kb used=2613Kb max_used=2613Kb free=116490Kb
 bounds [0x0000021b87e70000, 0x0000021b88100000, 0x0000021b8f2c0000]
CodeHeap 'non-nmethods': size=7488Kb used=1532Kb max_used=3241Kb free=5955Kb
 bounds [0x0000021b87720000, 0x0000021b87a50000, 0x0000021b87e70000]
 total_blobs=2255 nmethods=1424 adapters=744
 compilation: enabled
              stopped_count=0, restarted_count=0
 full_count=0

Compilation events (20 events):
Event: 155.341 Thread 0x0000021b9fd12020 nmethod 1418 0x0000021b880f8410 code [0x0000021b880f8600, 0x0000021b880f8ad8]
Event: 155.341 Thread 0x0000021b9fd11580 nmethod 1419 0x0000021b8f353f10 code [0x0000021b8f3540a0, 0x0000021b8f3541d8]
Event: 155.341 Thread 0x0000021b9fd12020 1414       3       jdk.internal.jimage.ImageStringsReader::match (11 bytes)
Event: 155.341 Thread 0x0000021b9fd12020 nmethod 1414 0x0000021b880f8d10 code [0x0000021b880f8ec0, 0x0000021b880f90a8]
Event: 155.341 Thread 0x0000021b9fd12020 1415       3       jdk.internal.jimage.BasicImageReader::match (37 bytes)
Event: 155.341 Thread 0x0000021b9fd12020 nmethod 1415 0x0000021b880f9190 code [0x0000021b880f9360, 0x0000021b880f95d8]
Event: 155.341 Thread 0x0000021b9fd12020 1417       3       jdk.internal.jimage.ImageLocation::verifyName (161 bytes)
Event: 155.342 Thread 0x0000021b9fd12020 nmethod 1417 0x0000021b880f9710 code [0x0000021b880f9a60, 0x0000021b880fb0f8]
Event: 155.342 Thread 0x0000021b9fd12020 1420       3       java.nio.ByteBuffer::arrayOffset (35 bytes)
Event: 155.342 Thread 0x0000021b9fd12020 nmethod 1420 0x0000021b880fbb10 code [0x0000021b880fbce0, 0x0000021b880fbfd8]
Event: 155.342 Thread 0x0000021b9fd12020 1421       3       java.lang.String::valueOf (15 bytes)
Event: 155.342 Thread 0x0000021b9fd12020 nmethod 1421 0x0000021b880fc110 code [0x0000021b880fc2c0, 0x0000021b880fc4e8]
Event: 155.342 Thread 0x0000021b9fd12020 1422       3       java.nio.CharBuffer::arrayOffset (35 bytes)
Event: 155.342 Thread 0x0000021b9fd12020 nmethod 1422 0x0000021b880fc590 code [0x0000021b880fc760, 0x0000021b880fca58]
Event: 155.342 Thread 0x0000021b9fd12020 1423       3       java.io.BufferedWriter::ensureOpen (18 bytes)
Event: 155.342 Thread 0x0000021b9fd12020 nmethod 1423 0x0000021b880fcb90 code [0x0000021b880fcd40, 0x0000021b880fcf68]
Event: 155.342 Thread 0x0000021b9fd12020 1424       3       java.nio.charset.CoderResult::isUnderflow (13 bytes)
Event: 155.343 Thread 0x0000021b9fd12020 nmethod 1424 0x0000021b880fd090 code [0x0000021b880fd220, 0x0000021b880fd398]
Event: 155.343 Thread 0x0000021b9fd12020 1425       3       java.nio.CharBuffer::position (8 bytes)
Event: 155.343 Thread 0x0000021b9fd12020 nmethod 1425 0x0000021b880fd410 code [0x0000021b880fd5a0, 0x0000021b880fd6e8]

GC Heap History (4 events):
Event: 1.316 GC heap before
{Heap before GC invocations=0 (full 0):
 garbage-first heap   total 260096K, used 20480K [0x0000000702800000, 0x0000000800000000)
  region size 2048K, 11 young (22528K), 0 survivors (0K)
 Metaspace       used 5045K, committed 5184K, reserved 1056768K
  class space    used 449K, committed 512K, reserved 1048576K
}
Event: 1.319 GC heap after
{Heap after GC invocations=1 (full 0):
 garbage-first heap   total 260096K, used 3591K [0x0000000702800000, 0x0000000800000000)
  region size 2048K, 2 young (4096K), 2 survivors (4096K)
 Metaspace       used 5045K, committed 5184K, reserved 1056768K
  class space    used 449K, committed 512K, reserved 1048576K
}
Event: 1.814 GC heap before
{Heap before GC invocations=1 (full 0):
 garbage-first heap   total 260096K, used 34311K [0x0000000702800000, 0x0000000800000000)
  region size 2048K, 18 young (36864K), 2 survivors (4096K)
 Metaspace       used 12796K, committed 12928K, reserved 1064960K
  class space    used 1301K, committed 1344K, reserved 1048576K
}
Event: 1.817 GC heap after
{Heap after GC invocations=2 (full 0):
 garbage-first heap   total 260096K, used 4722K [0x0000000702800000, 0x0000000800000000)
  region size 2048K, 1 young (2048K), 1 survivors (2048K)
 Metaspace       used 12796K, committed 12928K, reserved 1064960K
  class space    used 1301K, committed 1344K, reserved 1048576K
}

Deoptimization events (20 events):
Event: 1.841 Thread 0x0000021ba0718180 DEOPT PACKING pc=0x0000021b87f86c03 sp=0x00000054f80fcdd0
Event: 1.841 Thread 0x0000021ba0718180 DEOPT UNPACKING pc=0x0000021b87776763 sp=0x00000054f80fc230 mode 0
Event: 59.944 Thread 0x0000021ba07ad040 Uncommon trap: trap_request=0xffffff45 fr.pc=0x0000021b8f350a80 relative=0x0000000000000340
Event: 59.944 Thread 0x0000021ba07ad040 Uncommon trap: reason=unstable_if action=reinterpret pc=0x0000021b8f350a80 method=java.util.HashMap.getNode(Ljava/lang/Object;)Ljava/util/HashMap$Node; @ 66 c2
Event: 59.944 Thread 0x0000021ba07ad040 DEOPT PACKING pc=0x0000021b8f350a80 sp=0x00000054f75fe6a0
Event: 59.944 Thread 0x0000021ba07ad040 DEOPT UNPACKING pc=0x0000021b87775c23 sp=0x00000054f75fe630 mode 2
Event: 59.944 Thread 0x0000021ba07ad040 Uncommon trap: trap_request=0xffffffde fr.pc=0x0000021b8f303800 relative=0x0000000000000ce0
Event: 59.944 Thread 0x0000021ba07ad040 Uncommon trap: reason=class_check action=maybe_recompile pc=0x0000021b8f303800 method=java.util.HashMap.putVal(ILjava/lang/Object;Ljava/lang/Object;ZZ)Ljava/lang/Object; @ 91 c2
Event: 59.944 Thread 0x0000021ba07ad040 DEOPT PACKING pc=0x0000021b8f303800 sp=0x00000054f75fe600
Event: 59.944 Thread 0x0000021ba07ad040 DEOPT UNPACKING pc=0x0000021b87775c23 sp=0x00000054f75fe5f0 mode 2
Event: 59.944 Thread 0x0000021ba07ad040 Uncommon trap: trap_request=0xffffffde fr.pc=0x0000021b8f32ebdc relative=0x000000000000113c
Event: 59.944 Thread 0x0000021ba07ad040 Uncommon trap: reason=class_check action=maybe_recompile pc=0x0000021b8f32ebdc method=java.util.concurrent.ConcurrentHashMap.putVal(Ljava/lang/Object;Ljava/lang/Object;Z)Ljava/lang/Object; @ 242 c2
Event: 59.944 Thread 0x0000021ba07ad040 DEOPT PACKING pc=0x0000021b8f32ebdc sp=0x00000054f75fe750
Event: 59.944 Thread 0x0000021ba07ad040 DEOPT UNPACKING pc=0x0000021b87775c23 sp=0x00000054f75fe6f0 mode 2
Event: 59.944 Thread 0x0000021ba07ad040 Uncommon trap: trap_request=0xffffff45 fr.pc=0x0000021b8f306194 relative=0x00000000000002f4
Event: 59.944 Thread 0x0000021ba07ad040 Uncommon trap: reason=unstable_if action=reinterpret pc=0x0000021b8f306194 method=java.util.concurrent.ConcurrentHashMap.get(Ljava/lang/Object;)Ljava/lang/Object; @ 76 c2
Event: 59.944 Thread 0x0000021ba07ad040 DEOPT PACKING pc=0x0000021b8f306194 sp=0x00000054f75fdb10
Event: 59.944 Thread 0x0000021ba07ad040 DEOPT UNPACKING pc=0x0000021b87775c23 sp=0x00000054f75fdaa8 mode 2
Event: 155.342 Thread 0x0000021ba0718180 DEOPT PACKING pc=0x0000021b880a394c sp=0x00000054f80ff0a0
Event: 155.342 Thread 0x0000021ba0718180 DEOPT UNPACKING pc=0x0000021b87776763 sp=0x00000054f80fe550 mode 0

Classes unloaded (0 events):
No events

Classes redefined (0 events):
No events

Internal exceptions (20 events):
Event: 1.188 Thread 0x0000021bfbafb590 Exception <a 'java/lang/ClassNotFoundException'{0x0000000711644310}: sun/awt/resources/spi/awtProvider> (0x0000000711644310) 
thrown [t:\workspace\open\src\hotspot\share\classfile\systemDictionary.cpp, line 256]
Event: 1.212 Thread 0x0000021bfbafb590 Exception <a 'java/io/FileNotFoundException'{0x00000007116cf6b0}> (0x00000007116cf6b0) 
thrown [t:\workspace\open\src\hotspot\share\prims\jni.cpp, line 516]
Event: 1.217 Thread 0x0000021bfbafb590 Exception <a 'java/io/FileNotFoundException'{0x0000000711701b20}> (0x0000000711701b20) 
thrown [t:\workspace\open\src\hotspot\share\prims\jni.cpp, line 516]
Event: 1.240 Thread 0x0000021bfbafb590 Exception <a 'java/lang/NoSuchMethodError'{0x00000007115030c0}: 'java.lang.Object java.lang.invoke.DirectMethodHandle$Holder.invokeStaticInit(java.lang.Object)'> (0x00000007115030c0) 
thrown [t:\workspace\open\src\hotspot\share\interpreter\linkResolver.cpp, line 766]
Event: 1.628 Thread 0x0000021ba064d080 Exception <a 'java/lang/NoSuchMethodError'{0x0000000711adacb0}: 'void java.lang.invoke.DirectMethodHandle$Holder.invokeVirtual(java.lang.Object, java.lang.Object)'> (0x0000000711adacb0) 
thrown [t:\workspace\open\src\hotspot\share\interpreter\linkResolver.cpp, line 766]
Event: 1.640 Thread 0x0000021ba0718180 Exception <a 'java/lang/NoSuchMethodError'{0x00000007111b5fd0}: 'void java.lang.invoke.DirectMethodHandle$Holder.invokeStaticInit(java.lang.Object)'> (0x00000007111b5fd0) 
thrown [t:\workspace\open\src\hotspot\share\interpreter\linkResolver.cpp, line 766]
Event: 1.688 Thread 0x0000021ba0718180 Exception <a 'java/lang/NoSuchMethodError'{0x00000007109350a0}: 'java.lang.Object java.lang.invoke.DirectMethodHandle$Holder.newInvokeSpecial(java.lang.Object, int, java.lang.Object)'> (0x00000007109350a0) 
thrown [t:\workspace\open\src\hotspot\share\interpreter\linkResolver.cpp, line 766]
Event: 1.745 Thread 0x0000021ba0718180 Exception <a 'java/lang/NoSuchMethodError'{0x00000007106fdb78}: 'void java.lang.invoke.DirectMethodHandle$Holder.invokeSpecial(java.lang.Object, java.lang.Object, java.lang.Object)'> (0x00000007106fdb78) 
thrown [t:\workspace\open\src\hotspot\share\interpreter\linkResolver.cpp, line 766]
Event: 1.752 Thread 0x0000021ba0718180 Exception <a 'java/lang/NoSuchMethodError'{0x0000000710775f20}: 'java.lang.Object java.lang.invoke.DirectMethodHandle$Holder.newInvokeSpecial(java.lang.Object, java.lang.Object, java.lang.Object, java.lang.Object, java.lang.Object)'> (0x0000000710775f20) 
thrown [t:\workspace\open\src\hotspot\share\interpreter\linkResolver.cpp, line 766]
Event: 1.754 Thread 0x0000021ba0718180 Exception <a 'java/lang/NoSuchMethodError'{0x0000000710781e40}: 'java.lang.Object java.lang.invoke.DirectMethodHandle$Holder.invokeStatic(java.lang.Object, int, java.lang.Object, java.lang.Object, java.lang.Object, java.lang.Object)'> (0x0000000710781e40) 
thrown [t:\workspace\open\src\hotspot\share\interpreter\linkResolver.cpp, line 766]
Event: 1.756 Thread 0x0000021ba0718180 Exception <a 'java/lang/NoSuchMethodError'{0x00000007107fa5c8}: 'java.lang.Object java.lang.invoke.DirectMethodHandle$Holder.invokeStatic(java.lang.Object, int, java.lang.Object)'> (0x00000007107fa5c8) 
thrown [t:\workspace\open\src\hotspot\share\interpreter\linkResolver.cpp, line 766]
Event: 1.776 Thread 0x0000021ba0718180 Exception <a 'java/lang/ClassNotFoundException'{0x00000007104d34e8}: com/sun/swing/internal/plaf/metal/resources/spi/metalProvider> (0x00000007104d34e8) 
thrown [t:\workspace\open\src\hotspot\share\classfile\systemDictionary.cpp, line 256]
Event: 1.777 Thread 0x0000021ba0718180 Exception <a 'java/lang/ClassNotFoundException'{0x00000007104dca48}: com/sun/swing/internal/plaf/basic/resources/spi/basicProvider> (0x00000007104dca48) 
thrown [t:\workspace\open\src\hotspot\share\classfile\systemDictionary.cpp, line 256]
Event: 1.780 Thread 0x0000021ba0718180 Implicit null exception at 0x0000021b8f31f717 to 0x0000021b8f31fc3c
Event: 1.780 Thread 0x0000021ba0718180 Implicit null exception at 0x0000021b8f2fc258 to 0x0000021b8f2fc2ee
Event: 1.782 Thread 0x0000021ba0718180 Implicit null exception at 0x0000021b8f322617 to 0x0000021b8f322b20
Event: 1.782 Thread 0x0000021ba0718180 Implicit null exception at 0x0000021b8f30110f to 0x0000021b8f30118d
Event: 1.791 Thread 0x0000021ba0718180 Exception <a 'java/lang/NoSuchMethodError'{0x00000007105e9b48}: 'void java.lang.invoke.DirectMethodHandle$Holder.invokeStatic(java.lang.Object, java.lang.Object, java.lang.Object)'> (0x00000007105e9b48) 
thrown [t:\workspace\open\src\hotspot\share\interpreter\linkResolver.cpp, line 766]
Event: 10.660 Thread 0x0000021ba0718180 Exception <a 'java/lang/NoSuchMethodError'{0x000000071178aee0}: 'void java.lang.invoke.DirectMethodHandle$Holder.invokeStatic(java.lang.Object, java.lang.Object)'> (0x000000071178aee0) 
thrown [t:\workspace\open\src\hotspot\share\interpreter\linkResolver.cpp, line 766]
Event: 150.945 Thread 0x0000021ba0718180 Exception <a 'java/lang/NullPointerException'{0x00000007110759c0}> (0x00000007110759c0) 
thrown [t:\workspace\open\src\hotspot\share\interpreter\linkResolver.cpp, line 1440]

VM Operations (20 events):
Event: 155.333 Executing VM operation: ChangeBreakpoints
Event: 155.334 Executing VM operation: ChangeBreakpoints done
Event: 155.334 Executing VM operation: ChangeBreakpoints
Event: 155.334 Executing VM operation: ChangeBreakpoints done
Event: 155.334 Executing VM operation: ChangeBreakpoints
Event: 155.335 Executing VM operation: ChangeBreakpoints done
Event: 155.335 Executing VM operation: ChangeBreakpoints
Event: 155.335 Executing VM operation: ChangeBreakpoints done
Event: 155.335 Executing VM operation: ChangeBreakpoints
Event: 155.335 Executing VM operation: ChangeBreakpoints done
Event: 155.335 Executing VM operation: ChangeBreakpoints
Event: 155.336 Executing VM operation: ChangeBreakpoints done
Event: 155.336 Executing VM operation: ChangeBreakpoints
Event: 155.336 Executing VM operation: ChangeBreakpoints done
Event: 155.336 Executing VM operation: ChangeBreakpoints
Event: 155.336 Executing VM operation: ChangeBreakpoints done
Event: 155.336 Executing VM operation: ChangeBreakpoints
Event: 155.336 Executing VM operation: ChangeBreakpoints done
Event: 155.336 Executing VM operation: ChangeBreakpoints
Event: 155.337 Executing VM operation: ChangeBreakpoints done

Events (20 events):
Event: 155.345 loading class androidx/compose/ui/layout/MeasureResult
Event: 155.345 loading class androidx/compose/ui/layout/MeasureResult done
Event: 155.345 loading class androidx/compose/ui/node/DelegatingLayoutNodeWrapper$measure$1$1
Event: 155.345 loading class androidx/compose/ui/node/DelegatingLayoutNodeWrapper$measure$1$1 done
Event: 155.345 loading class androidx/compose/ui/layout/Placeable$PlacementScope
Event: 155.345 loading class androidx/compose/ui/layout/Placeable$PlacementScope done
Event: 155.346 loading class androidx/compose/ui/layout/Placeable$PlacementScope$Companion
Event: 155.346 loading class androidx/compose/ui/layout/Placeable$PlacementScope$Companion done
Event: 155.346 loading class androidx/compose/ui/node/LayoutNode$layoutChildren$1
Event: 155.346 loading class androidx/compose/ui/node/LayoutNode$layoutChildren$1 done
Event: 155.346 loading class androidx/compose/ui/node/OnPositionedDispatcher$Companion$DepthComparator
Event: 155.346 loading class androidx/compose/ui/node/OnPositionedDispatcher$Companion$DepthComparator done
Event: 155.347 loading class org/jetbrains/skiko/PictureHolder
Event: 155.347 loading class org/jetbrains/skiko/PictureHolder done
Event: 155.347 loading class org/jetbrains/skiko/GpuPriority
Event: 155.347 loading class org/jetbrains/skiko/GpuPriority done
Event: 155.347 loading class org/jetbrains/skiko/GpuPriority$Companion
Event: 155.347 loading class org/jetbrains/skiko/GpuPriority$Companion done
Event: 155.347 loading class org/jetbrains/skiko/HardwareLayer$contentHandle$1
Event: 155.347 loading class org/jetbrains/skiko/HardwareLayer$contentHandle$1 done


Dynamic libraries:
0x00007ff737c30000 - 0x00007ff737c3e000 	C:\Users\simon_k33m7ql\.jdks\openjdk-17.0.1\bin\java.exe
0x00007ffacf300000 - 0x00007ffacf507000 	C:\WINDOWS\SYSTEM32\ntdll.dll
0x00007ffacdd60000 - 0x00007ffacde1d000 	C:\WINDOWS\System32\KERNEL32.DLL
0x00007ffacce20000 - 0x00007ffacd194000 	C:\WINDOWS\System32\KERNELBASE.dll
0x00007ffacc890000 - 0x00007ffacc9a1000 	C:\WINDOWS\System32\ucrtbase.dll
0x00007ffab6e10000 - 0x00007ffab6e28000 	C:\Users\simon_k33m7ql\.jdks\openjdk-17.0.1\bin\jli.dll
0x00007ffab2cc0000 - 0x00007ffab2cda000 	C:\Users\simon_k33m7ql\.jdks\openjdk-17.0.1\bin\VCRUNTIME140.dll
0x00007ffacd420000 - 0x00007ffacd5cc000 	C:\WINDOWS\System32\USER32.dll
0x00007ffaccb90000 - 0x00007ffaccbb6000 	C:\WINDOWS\System32\win32u.dll
0x00007ffabb170000 - 0x00007ffabb415000 	C:\WINDOWS\WinSxS\amd64_microsoft.windows.common-controls_6595b64144ccf1df_6.0.22000.120_none_9d947278b86cc467\COMCTL32.dll
0x00007fface210000 - 0x00007fface239000 	C:\WINDOWS\System32\GDI32.dll
0x00007ffacc9b0000 - 0x00007ffaccac2000 	C:\WINDOWS\System32\gdi32full.dll
0x00007ffacd2c0000 - 0x00007ffacd363000 	C:\WINDOWS\System32\msvcrt.dll
0x00007ffacc7f0000 - 0x00007ffacc88d000 	C:\WINDOWS\System32\msvcp_win.dll
0x00007ffacd5d0000 - 0x00007ffacd601000 	C:\WINDOWS\System32\IMM32.DLL
0x00007ffac97c0000 - 0x00007ffac97cc000 	C:\Users\simon_k33m7ql\.jdks\openjdk-17.0.1\bin\vcruntime140_1.dll
0x00007ffa9f510000 - 0x00007ffa9f59d000 	C:\Users\simon_k33m7ql\.jdks\openjdk-17.0.1\bin\msvcp140.dll
0x00007ffa2d440000 - 0x00007ffa2dffe000 	C:\Users\simon_k33m7ql\.jdks\openjdk-17.0.1\bin\server\jvm.dll
0x00007ffacdc90000 - 0x00007ffacdd3e000 	C:\WINDOWS\System32\ADVAPI32.dll
0x00007ffacd380000 - 0x00007ffacd41e000 	C:\WINDOWS\System32\sechost.dll
0x00007ffacd610000 - 0x00007ffacd730000 	C:\WINDOWS\System32\RPCRT4.dll
0x00007fface450000 - 0x00007fface458000 	C:\WINDOWS\System32\PSAPI.DLL
0x00007ffaadf70000 - 0x00007ffaadf79000 	C:\WINDOWS\SYSTEM32\WSOCK32.dll
0x00007ffac6370000 - 0x00007ffac63a3000 	C:\WINDOWS\SYSTEM32\WINMM.dll
0x00007ffac5030000 - 0x00007ffac503a000 	C:\WINDOWS\SYSTEM32\VERSION.dll
0x00007fface3e0000 - 0x00007fface44f000 	C:\WINDOWS\System32\WS2_32.dll
0x00007ffacb9a0000 - 0x00007ffacb9b8000 	C:\WINDOWS\SYSTEM32\kernel.appcore.dll
0x00007ffac12a0000 - 0x00007ffac12aa000 	C:\Users\simon_k33m7ql\.jdks\openjdk-17.0.1\bin\jimage.dll
0x00007ffaca250000 - 0x00007ffaca471000 	C:\WINDOWS\SYSTEM32\DBGHELP.DLL
0x00007ffaaccb0000 - 0x00007ffaacce1000 	C:\WINDOWS\SYSTEM32\dbgcore.DLL
0x00007ffaccda0000 - 0x00007ffacce1f000 	C:\WINDOWS\System32\bcryptPrimitives.dll
0x00007ffab8590000 - 0x00007ffab85cb000 	C:\Users\simon_k33m7ql\.jdks\openjdk-17.0.1\bin\jdwp.dll
0x00007ffabc4f0000 - 0x00007ffabc4fe000 	C:\Users\simon_k33m7ql\.jdks\openjdk-17.0.1\bin\instrument.dll
0x00007ffaae750000 - 0x00007ffaae775000 	C:\Users\simon_k33m7ql\.jdks\openjdk-17.0.1\bin\java.dll
0x00007ffaa5950000 - 0x00007ffaa5968000 	C:\Users\simon_k33m7ql\.jdks\openjdk-17.0.1\bin\zip.dll
0x00007ffa44110000 - 0x00007ffa441e6000 	C:\Users\simon_k33m7ql\.jdks\openjdk-17.0.1\bin\svml.dll
0x00007fface480000 - 0x00007ffacec2e000 	C:\WINDOWS\System32\SHELL32.dll
0x00007ffaca930000 - 0x00007ffacb197000 	C:\WINDOWS\SYSTEM32\windows.storage.dll
0x00007ffacec30000 - 0x00007ffacefa8000 	C:\WINDOWS\System32\combase.dll
0x00007ffaca7c0000 - 0x00007ffaca926000 	C:\WINDOWS\SYSTEM32\wintypes.dll
0x00007ffacf1d0000 - 0x00007ffacf2ba000 	C:\WINDOWS\System32\SHCORE.dll
0x00007fface1b0000 - 0x00007fface20d000 	C:\WINDOWS\System32\shlwapi.dll
0x00007ffacc720000 - 0x00007ffacc741000 	C:\WINDOWS\SYSTEM32\profapi.dll
0x00007ffabd040000 - 0x00007ffabd04c000 	C:\Users\simon_k33m7ql\.jdks\openjdk-17.0.1\bin\dt_socket.dll
0x00007ffacb4d0000 - 0x00007ffacb4fd000 	C:\WINDOWS\SYSTEM32\IPHLPAPI.DLL
0x00007ffacbdc0000 - 0x00007ffacbe27000 	C:\WINDOWS\system32\mswsock.dll
0x00007ffaa5ec0000 - 0x00007ffaa5ed9000 	C:\Users\simon_k33m7ql\.jdks\openjdk-17.0.1\bin\net.dll
0x00007ffac5cc0000 - 0x00007ffac5dcc000 	C:\WINDOWS\SYSTEM32\WINHTTP.dll
0x00007ffaa5ea0000 - 0x00007ffaa5eb5000 	C:\Users\simon_k33m7ql\.jdks\openjdk-17.0.1\bin\nio.dll
0x00007ffab8400000 - 0x00007ffab858e000 	C:\Users\simon_k33m7ql\.jdks\openjdk-17.0.1\bin\awt.dll
0x00007ffacf060000 - 0x00007ffacf136000 	C:\WINDOWS\System32\OLEAUT32.dll
0x00007ffac9890000 - 0x00007ffac9921000 	C:\WINDOWS\SYSTEM32\apphelp.dll
0x00007ffac9a00000 - 0x00007ffac9aac000 	C:\WINDOWS\system32\uxtheme.dll
0x00007ffacd1a0000 - 0x00007ffacd2be000 	C:\WINDOWS\System32\MSCTF.dll
0x00007fface240000 - 0x00007fface3da000 	C:\WINDOWS\System32\ole32.dll
0x00007ffac9de0000 - 0x00007ffac9e0f000 	C:\WINDOWS\system32\DWMAPI.DLL
0x00007ffa4ffc0000 - 0x00007ffa500c1000 	C:\WINDOWS\system32\opengl32.dll
0x00007ffaa51e0000 - 0x00007ffaa520d000 	C:\WINDOWS\SYSTEM32\GLU32.dll
0x00007ffac9b40000 - 0x00007ffac9b78000 	C:\WINDOWS\SYSTEM32\dxcore.dll
0x00007ffac10f0000 - 0x00007ffac1296000 	C:\WINDOWS\system32\d3d9.dll
0x00007ffac1690000 - 0x00007ffac1796000 	C:\WINDOWS\System32\DriverStore\FileRepository\nv_dispi.inf_amd64_5292bbfbf575e2d2\nvldumdx.dll
0x00007ffacc0e0000 - 0x00007ffacc0f2000 	C:\WINDOWS\SYSTEM32\msasn1.dll
0x00007ffac4ff0000 - 0x00007ffac5021000 	C:\WINDOWS\SYSTEM32\cryptnet.dll
0x00007ffaccbc0000 - 0x00007ffaccd22000 	C:\WINDOWS\System32\CRYPT32.dll
0x00007ffac2580000 - 0x00007ffac26c9000 	C:\WINDOWS\SYSTEM32\drvstore.dll
0x00007ffacc4c0000 - 0x00007ffacc4ec000 	C:\WINDOWS\SYSTEM32\devobj.dll
0x00007ffacc4f0000 - 0x00007ffacc53c000 	C:\WINDOWS\SYSTEM32\cfgmgr32.dll
0x00007ffacc040000 - 0x00007ffacc07d000 	C:\WINDOWS\SYSTEM32\wldp.dll
0x00007ffacbfb0000 - 0x00007ffacbfbc000 	C:\WINDOWS\SYSTEM32\cryptbase.dll
0x00007ffaccd30000 - 0x00007ffaccd96000 	C:\WINDOWS\System32\WINTRUST.DLL
0x00007fface460000 - 0x00007fface47f000 	C:\WINDOWS\System32\imagehlp.dll
0x00007ffacc090000 - 0x00007ffacc0a8000 	C:\WINDOWS\SYSTEM32\CRYPTSP.dll
0x00007ffacb900000 - 0x00007ffacb935000 	C:\WINDOWS\system32\rsaenh.dll
0x00007ffacc1d0000 - 0x00007ffacc1f7000 	C:\WINDOWS\SYSTEM32\bcrypt.dll
0x00007ffa2e000000 - 0x00007ffa2f794000 	C:\WINDOWS\System32\DriverStore\FileRepository\nv_dispi.inf_amd64_5292bbfbf575e2d2\nvd3dumx.dll
0x00007ffac5e90000 - 0x00007ffac5ed4000 	C:\WINDOWS\SYSTEM32\directxdatabasehelper.dll
0x00007ffac9ca0000 - 0x00007ffac9cd4000 	C:\WINDOWS\SYSTEM32\ntmarta.dll
0x00007ffa747c0000 - 0x00007ffa74a85000 	C:\WINDOWS\system32\nvspcap64.dll
0x00007ffacbe30000 - 0x00007ffacbe54000 	C:\WINDOWS\SYSTEM32\gpapi.dll
0x00007ffa260f0000 - 0x00007ffa26fee000 	C:\Users\simon_k33m7ql\.skiko\80fc6444015995e586d4d2f41cb25284608cc484748d064cc0259bc4ea610782\skiko-windows-x64.dll
0x00007ffab8370000 - 0x00007ffab83f9000 	C:\Users\simon_k33m7ql\.jdks\openjdk-17.0.1\bin\freetype.dll
0x00007ffab82c0000 - 0x00007ffab8368000 	C:\Users\simon_k33m7ql\.jdks\openjdk-17.0.1\bin\fontmanager.dll
0x00007ffac15d0000 - 0x00007ffac1689000 	C:\WINDOWS\SYSTEM32\mscms.dll
0x00007ffaaa770000 - 0x00007ffaaa7b4000 	C:\WINDOWS\SYSTEM32\icm32.dll
0x00007ffabd030000 - 0x00007ffabd037000 	C:\Users\simon_k33m7ql\.jdks\openjdk-17.0.1\bin\jawt.dll
0x00007ffaa4e10000 - 0x00007ffaa506f000 	C:\WINDOWS\SYSTEM32\dwrite.dll
0x00007ffac9b80000 - 0x00007ffac9c73000 	C:\WINDOWS\SYSTEM32\Dxgi.dll
0x00007ffabad90000 - 0x00007ffabadb2000 	C:\WINDOWS\SYSTEM32\D3D12.dll
0x00007ffa2cc50000 - 0x00007ffa2ce54000 	C:\WINDOWS\SYSTEM32\D3D12Core.dll
0x00007ffa8a0c0000 - 0x00007ffa8c9e9000 	C:\WINDOWS\System32\DriverStore\FileRepository\nv_dispi.inf_amd64_5292bbfbf575e2d2\nvwgf2umx.dll
0x00007ffab8050000 - 0x00007ffab807d000 	C:\WINDOWS\SYSTEM32\D3DSCache.dll
0x00007ffacbe60000 - 0x00007ffacbe89000 	C:\WINDOWS\SYSTEM32\USERENV.dll
0x00007ffac2a80000 - 0x00007ffac2ce6000 	C:\WINDOWS\SYSTEM32\twinapi.appcore.dll

dbghelp: loaded successfully - version: 4.0.5 - missing functions: none
symbol engine: initialized successfully - sym options: 0x614 - pdb path: .;C:\Users\simon_k33m7ql\.jdks\openjdk-17.0.1\bin;C:\WINDOWS\SYSTEM32;C:\WINDOWS\WinSxS\amd64_microsoft.windows.common-controls_6595b64144ccf1df_6.0.22000.120_none_9d947278b86cc467;C:\Users\simon_k33m7ql\.jdks\openjdk-17.0.1\bin\server;C:\WINDOWS\System32\DriverStore\FileRepository\nv_dispi.inf_amd64_5292bbfbf575e2d2;C:\Users\simon_k33m7ql\.skiko\80fc6444015995e586d4d2f41cb25284608cc484748d064cc0259bc4ea610782

VM Arguments:
jvm_args: -agentlib:jdwp=transport=dt_socket,address=127.0.0.1:53895,suspend=y,server=n -javaagent:C:/Users/simon_k33m7ql/.gradle/caches/modules-2/files-2.1/org.jetbrains.kotlinx/kotlinx-coroutines-core-jvm/1.5.0/d8cebccdcddd029022aa8646a5a953ff88b13ac8/kotlinx-coroutines-core-jvm-1.5.0.jar -javaagent:C:\Users\simon_k33m7ql\AppData\Local\JetBrains\IntelliJIdea2021.3\captureAgent\debugger-agent.jar -Dfile.encoding=UTF-8 
java_command: MainKt
java_class_path (initial): C:\Users\simon_k33m7ql\Desktop\DTU\5. Semester\AI\Auctionator_Client\build\classes\java\main;C:\Users\simon_k33m7ql\Desktop\DTU\5. Semester\AI\Auctionator_Client\build\classes\kotlin\main;C:\Users\simon_k33m7ql\Desktop\DTU\5. Semester\AI\Auctionator_Client\build\resources\main;C:\Users\simon_k33m7ql\.gradle\caches\modules-2\files-2.1\org.jetbrains.kotlin\kotlin-stdlib-jdk8\1.5.21\6b3de2a43405a65502728047db37a98a0c7e72f0\kotlin-stdlib-jdk8-1.5.21.jar;C:\Users\simon_k33m7ql\.gradle\caches\modules-2\files-2.1\com.google.code.gson\gson\2.8.9\8a432c1d6825781e21a02db2e2c33c5fde2833b9\gson-2.8.9.jar;C:\Users\simon_k33m7ql\.gradle\caches\modules-2\files-2.1\org.kodein.di\kodein-di-jvm\7.6.0\1ad23f3416476f6a771accd6475596835163c074\kodein-di-jvm-7.6.0.jar;C:\Users\simon_k33m7ql\.gradle\caches\modules-2\files-2.1\org.jetbrains.kotlin\kotlin-stdlib-jdk7\1.5.21\f059658740a4b3a3461aba9681457615332bae1c\kotlin-stdlib-jdk7-1.5.21.jar;C:\Users\simon_k33m7ql\.gradle\caches\modules-2\files-2.1\org.jetbrains.kotlin\kotlin-stdlib\1.5.21\2f537cad7e9eeb9da73738c8812e1e4cf9b62e4e\kotlin-stdlib-1.5.21.jar;C:\Users\simon_k33m7ql\.gradle\caches\modules-2\files-2.1\org.jetbrains.kotlin\kotlin-stdlib-common\1.5.21\cc8bf3586fd2ebcf234058b9440bb406e62dfacb\kotlin-stdlib-common-1.5.21.jar;C:\Users\simon_k33m7ql\.gradle\caches\modules-2\files-2.1\org.jetbrains.compose.desktop\desktop-jvm\1.0.0-alpha3\7d2ec16f4e057de47d41ffc5c8416f9f85aeab3e\desktop-jvm-1.0.0-alpha3.jar;C:\Users\simon_k33m7ql\.gradle\caches\modules-2\files-2.1\org.jetbrains\annotations\13.0\919f0dfe192fb4e063e7dacadee7f8bb9a2672a9\annotations-13.0.jar;C:\Users\simon_k33m7ql\.gradle\caches\modules-2\files-2.1\org.kodein.type\kodein-type-jvm\1.7.1\ac8f53223790a68b54f8eca4ac8cdbe98f24b35a\kodein-type-jvm-1.7.1.jar;C:\Users\simon_k33m7ql\.gradle\caches\modules-2\files-2.1\org.jetbrains.compose.material\material-desktop\1.0.0-alpha3\60d4a46d2ee31e82ab61342887203b23aee0ba83\material-desktop-1.0.0-alpha3.jar;C
Launcher Type: SUN_STANDARD

[Global flags]
     intx CICompilerCount                          = 12                                        {product} {ergonomic}
     uint ConcGCThreads                            = 3                                         {product} {ergonomic}
     uint G1ConcRefinementThreads                  = 13                                        {product} {ergonomic}
   size_t G1HeapRegionSize                         = 2097152                                   {product} {ergonomic}
    uintx GCDrainStackTargetSize                   = 64                                        {product} {ergonomic}
   size_t InitialHeapSize                          = 266338304                                 {product} {ergonomic}
   size_t MarkStackSize                            = 4194304                                   {product} {ergonomic}
   size_t MaxHeapSize                              = 4253024256                                {product} {ergonomic}
   size_t MaxNewSize                               = 2550136832                                {product} {ergonomic}
   size_t MinHeapDeltaBytes                        = 2097152                                   {product} {ergonomic}
   size_t MinHeapSize                              = 8388608                                   {product} {ergonomic}
    uintx NonNMethodCodeHeapSize                   = 7602480                                {pd product} {ergonomic}
    uintx NonProfiledCodeHeapSize                  = 122027880                              {pd product} {ergonomic}
    uintx ProfiledCodeHeapSize                     = 122027880                              {pd product} {ergonomic}
    uintx ReservedCodeCacheSize                    = 251658240                              {pd product} {ergonomic}
     bool SegmentedCodeCache                       = true                                      {product} {ergonomic}
   size_t SoftMaxHeapSize                          = 4253024256                             {manageable} {ergonomic}
     bool UseCompressedClassPointers               = true                           {product lp64_product} {ergonomic}
     bool UseCompressedOops                        = true                           {product lp64_product} {ergonomic}
     bool UseG1GC                                  = true                                      {product} {ergonomic}
     bool UseLargePagesIndividualAllocation        = false                                  {pd product} {ergonomic}

Logging:
Log output configuration:
 #0: stdout all=warning uptime,level,tags
 #1: stderr all=off uptime,level,tags

Environment Variables:
PATH=C:\Program Files (x86)\Razer\ChromaBroadcast\bin;C:\Program Files\Razer\ChromaBroadcast\bin;C:\Program Files\Common Files\Oracle\Java\javapath;C:\Program Files (x86)\Common Files\Oracle\Java\javapath;C:\Python39\Scripts\;C:\Python39\;C:\Windows\system32;C:\Windows;C:\Windows\System32\Wbem;C:\Windows\System32\WindowsPowerShell\v1.0\;C:\Windows\System32\OpenSSH\;C:\Program Files\nodejs\;C:\ProgramData\chocolatey\bin;C:\Program Files\Microsoft VS Code\bin;C:\Program Files\dotnet\;C:\Program Files\Microsoft SQL Server\130\Tools\Binn\;C:\Program Files\Microsoft SQL Server\Client SDK\ODBC\170\Tools\Binn\;C:\Program Files (x86)\NVIDIA Corporation\PhysX\Common;C:\Program Files\NVIDIA Corporation\NVIDIA NvDLISR;C:\WINDOWS\system32;C:\WINDOWS;C:\WINDOWS\System32\Wbem;C:\WINDOWS\System32\WindowsPowerShell\v1.0\;C:\WINDOWS\System32\OpenSSH\;C:\Program Files\Git\cmd;C:\WINDOWS\system32\config\systemprofile\AppData\Local\Microsoft\WindowsApps;C:\Users\simon_k33m7ql\AppData\Local\Microsoft\WindowsApps;C:\Users\simon_k33m7ql\AppData\Local\gitkraken\bin;F:\Program Files (x86)\IntelliJ IDEA 2021.3.1\bin;
USERNAME=simon_k33m7ql
OS=Windows_NT
PROCESSOR_IDENTIFIER=Intel64 Family 6 Model 167 Stepping 1, GenuineIntel



---------------  S Y S T E M  ---------------

OS:
 Windows 10 , 64 bit Build 22000 (10.0.22000.434)
OS uptime: 3 days 0:58 hours
Hyper-V role detected

CPU: total 16 (initial active 16) (8 cores per cpu, 2 threads per core) family 6 model 167 stepping 1 microcode 0x40, cx8, cmov, fxsr, ht, mmx, 3dnowpref, sse, sse2, sse3, ssse3, sse4.1, sse4.2, popcnt, lzcnt, tsc, tscinvbit, avx, avx2, aes, erms, clmul, bmi1, bmi2, adx, avx512f, avx512dq, avx512cd, avx512bw, avx512vl, sha, fma, vzeroupper, avx512_vpopcntdq, avx512_vpclmulqdq, avx512_vaes, avx512_vnni, clflush, clflushopt, avx512_vbmi2, avx512_vbmi, hv

Memory: 4k page, system-wide physical 16221M (5615M free)
TotalPageFile size 35677M (AvailPageFile size 16787M)
current process WorkingSet (physical memory assigned to process): 164M, peak: 164M
current process commit charge ("private bytes"): 453M, peak: 453M

vm_info: OpenJDK 64-Bit Server VM (17.0.1+12-39) for windows-amd64 JRE (17.0.1+12-39), built on Sep 27 2021 18:39:29 by "mach5one" with MS VC++ 16.8 (VS2019)

END.
